### SYSTEM         = Linux p2cache 5.4.225 #9 SMP Sun May 7 21:08:00 UTC 2023 x86_64 x86_64 x86_64 GNU/Linux
### DISK_SIZE      = 128G
### DURATION       = 30s
### DIRECTIO       = bufferedio,directio
### MEDIA_TYPES    = mem,pmem,ssd
### FS_TYPES       = tmpfs,p2cache,nova,ext4_dax,xfs_dax,ext4,xfs,ext4_dj
### BENCH_TYPES    = DATA:W:AS_100:SS_100:TS_1G:PTS_0:SYNC:NAME_A_100B,DATA:W:AS_1K:SS_1K:TS_1G:PTS_0:SYNC:NAME_A_1KB,DATA:W:AS_2K:SS_2K:TS_1G:PTS_0:SYNC:NAME_A_2KB,DATA:W:AS_4K:SS_4K:TS_1G:PTS_0:SYNC:NAME_A_4KB,DATA:W:AS_16K:SS_16K:TS_1G:PTS_0:SYNC:NAME_A_16KB,DATA:W:AS_64K:SS_64K:TS_1G:PTS_0:SYNC:NAME_A_64KB,DATA:W:AS_1M:SS_1M:TS_1G:PTS_0:SYNC:NAME_A_1MB,DATA:W:AS_100:SS_100:TS_1G:PAS_32K:PSS_32K:PTS_1G:SYNC:NAME_O_100B,DATA:W:AS_1K:SS_1K:TS_1G:PAS_32K:PSS_32K:PTS_1G:SYNC:NAME_O_1KB,DATA:W:AS_2K:SS_2K:TS_1G:PAS_32K:PSS_32K:PTS_1G:SYNC:NAME_O_2KB
### NCORES         = 1,2,4,6,8,10,12
### CORE_SEQ       = 0,1,2,3,4,5,6,7,8,9,10,11,12,13,14,15,16,17,18,19,20,21,22,23


### MODEL_NAME     = Intel(R) Xeon(R) Gold 5317 CPU @ 3.00GHz
### PHYSICAL_CHIPS = 2
### CORE_PER_CHIP  = 12
### SMT_LEVEL      = 1


-----------start-----------
## ssd:ext4:DATA:W:AS_100:SS_100:TS_1G:PTS_0:SYNC:NAME_A_100B:1:bufferedio
[bench_name]:[A_100B]
# ncpu secs works works/sec
1 30.002705 5337.000000 177.883961
[ncpu]:[1],[ops]:[177.883961],
[media]:[ssd],[fs]:[ext4]
---------------------------
-----------start-----------
## ssd:ext4:DATA:W:AS_1K:SS_1K:TS_1G:PTS_0:SYNC:NAME_A_1KB:1:bufferedio
[bench_name]:[A_1KB]
# ncpu secs works works/sec
1 30.003748 5373.000000 179.077627
[ncpu]:[1],[ops]:[179.077627],
[media]:[ssd],[fs]:[ext4]
---------------------------
-----------start-----------
## ssd:ext4:DATA:W:AS_2K:SS_2K:TS_1G:PTS_0:SYNC:NAME_A_2KB:1:bufferedio
[bench_name]:[A_2KB]
# ncpu secs works works/sec
1 30.005068 5336.000000 177.836624
[ncpu]:[1],[ops]:[177.836624],
[media]:[ssd],[fs]:[ext4]
---------------------------
-----------start-----------
## ssd:ext4:DATA:W:AS_4K:SS_4K:TS_1G:PTS_0:SYNC:NAME_A_4KB:1:bufferedio
[bench_name]:[A_4KB]
# ncpu secs works works/sec
1 30.004172 5262.000000 175.375611
[ncpu]:[1],[ops]:[175.375611],
[media]:[ssd],[fs]:[ext4]
---------------------------
-----------start-----------
## ssd:ext4:DATA:W:AS_16K:SS_16K:TS_1G:PTS_0:SYNC:NAME_A_16KB:1:bufferedio
[bench_name]:[A_16KB]
# ncpu secs works works/sec
1 30.004354 5146.000000 171.508442
[ncpu]:[1],[ops]:[171.508442],
[media]:[ssd],[fs]:[ext4]
---------------------------
-----------start-----------
## ssd:ext4:DATA:W:AS_64K:SS_64K:TS_1G:PTS_0:SYNC:NAME_A_64KB:1:bufferedio
[bench_name]:[A_64KB]
# ncpu secs works works/sec
1 30.001845 4833.000000 161.090093
[ncpu]:[1],[ops]:[161.090093],
[media]:[ssd],[fs]:[ext4]
---------------------------
-----------start-----------
## ssd:ext4:DATA:W:AS_1M:SS_1M:TS_1G:PTS_0:SYNC:NAME_A_1MB:1:bufferedio
[bench_name]:[A_1MB]
# ncpu secs works works/sec
1 14.563497 1024.000000 70.312783
[ncpu]:[1],[ops]:[70.312783],
[media]:[ssd],[fs]:[ext4]
---------------------------
-----------start-----------
## ssd:ext4:DATA:W:AS_100:SS_100:TS_1G:PAS_32K:PSS_32K:PTS_1G:SYNC:NAME_O_100B:1:bufferedio
[bench_name]:[O_100B]
# ncpu secs works works/sec
1 30.000802 11609.000000 386.956322
[ncpu]:[1],[ops]:[386.956322],
[media]:[ssd],[fs]:[ext4]
---------------------------
-----------start-----------
## ssd:ext4:DATA:W:AS_1K:SS_1K:TS_1G:PAS_32K:PSS_32K:PTS_1G:SYNC:NAME_O_1KB:1:bufferedio
[bench_name]:[O_1KB]
# ncpu secs works works/sec
1 30.004489 11573.000000 385.708952
[ncpu]:[1],[ops]:[385.708952],
[media]:[ssd],[fs]:[ext4]
---------------------------
-----------start-----------
## ssd:ext4:DATA:W:AS_2K:SS_2K:TS_1G:PAS_32K:PSS_32K:PTS_1G:SYNC:NAME_O_2KB:1:bufferedio
[bench_name]:[O_2KB]
# ncpu secs works works/sec
1 30.000183 11594.000000 386.464309
[ncpu]:[1],[ops]:[386.464309],
[media]:[ssd],[fs]:[ext4]
---------------------------
### NUM_TEST_CONF  = 10
### SYSTEM         = Linux p2cache 5.4.225 #9 SMP Sun May 7 21:08:00 UTC 2023 x86_64 x86_64 x86_64 GNU/Linux
### DISK_SIZE      = 128G
### DURATION       = 30s
### DIRECTIO       = bufferedio,directio
### MEDIA_TYPES    = mem,pmem,ssd
### FS_TYPES       = tmpfs,p2cache,nova,ext4_dax,xfs_dax,ext4,xfs,ext4_dj
### BENCH_TYPES    = DATA:W:AS_100:SS_100:TS_1G:PTS_0:SYNC:NAME_A_100B,DATA:W:AS_1K:SS_1K:TS_1G:PTS_0:SYNC:NAME_A_1KB,DATA:W:AS_2K:SS_2K:TS_1G:PTS_0:SYNC:NAME_A_2KB,DATA:W:AS_4K:SS_4K:TS_1G:PTS_0:SYNC:NAME_A_4KB,DATA:W:AS_16K:SS_16K:TS_1G:PTS_0:SYNC:NAME_A_16KB,DATA:W:AS_64K:SS_64K:TS_1G:PTS_0:SYNC:NAME_A_64KB,DATA:W:AS_1M:SS_1M:TS_1G:PTS_0:SYNC:NAME_A_1MB,DATA:W:AS_100:SS_100:TS_1G:PAS_32K:PSS_32K:PTS_1G:SYNC:NAME_O_100B,DATA:W:AS_1K:SS_1K:TS_1G:PAS_32K:PSS_32K:PTS_1G:SYNC:NAME_O_1KB,DATA:W:AS_2K:SS_2K:TS_1G:PAS_32K:PSS_32K:PTS_1G:SYNC:NAME_O_2KB
### NCORES         = 1,2,4,6,8,10,12
### CORE_SEQ       = 0,1,2,3,4,5,6,7,8,9,10,11,12,13,14,15,16,17,18,19,20,21,22,23


### MODEL_NAME     = Intel(R) Xeon(R) Gold 5317 CPU @ 3.00GHz
### PHYSICAL_CHIPS = 2
### CORE_PER_CHIP  = 12
### SMT_LEVEL      = 1


-----------start-----------
## ssd:ext4_dj:DATA:W:AS_100:SS_100:TS_1G:PTS_0:SYNC:NAME_A_100B:1:bufferedio
[bench_name]:[A_100B]
# ncpu secs works works/sec
1 30.003134 6377.000000 212.544463
[ncpu]:[1],[ops]:[212.544463],
[media]:[ssd],[fs]:[ext4_dj]
---------------------------
-----------start-----------
## ssd:ext4_dj:DATA:W:AS_1K:SS_1K:TS_1G:PTS_0:SYNC:NAME_A_1KB:1:bufferedio
[bench_name]:[A_1KB]
# ncpu secs works works/sec
1 30.000650 6122.000000 204.062245
[ncpu]:[1],[ops]:[204.062245],
[media]:[ssd],[fs]:[ext4_dj]
---------------------------
-----------start-----------
## ssd:ext4_dj:DATA:W:AS_2K:SS_2K:TS_1G:PTS_0:SYNC:NAME_A_2KB:1:bufferedio
[bench_name]:[A_2KB]
# ncpu secs works works/sec
1 30.002071 5753.000000 191.753429
[ncpu]:[1],[ops]:[191.753429],
[media]:[ssd],[fs]:[ext4_dj]
---------------------------
-----------start-----------
## ssd:ext4_dj:DATA:W:AS_4K:SS_4K:TS_1G:PTS_0:SYNC:NAME_A_4KB:1:bufferedio
[bench_name]:[A_4KB]
# ncpu secs works works/sec
1 30.009951 5214.000000 173.742370
[ncpu]:[1],[ops]:[173.742370],
[media]:[ssd],[fs]:[ext4_dj]
---------------------------
-----------start-----------
## ssd:ext4_dj:DATA:W:AS_16K:SS_16K:TS_1G:PTS_0:SYNC:NAME_A_16KB:1:bufferedio
[bench_name]:[A_16KB]
# ncpu secs works works/sec
1 30.000172 4944.000000 164.799055
[ncpu]:[1],[ops]:[164.799055],
[media]:[ssd],[fs]:[ext4_dj]
---------------------------
-----------start-----------
## ssd:ext4_dj:DATA:W:AS_64K:SS_64K:TS_1G:PTS_0:SYNC:NAME_A_64KB:1:bufferedio
[bench_name]:[A_64KB]
# ncpu secs works works/sec
1 30.006604 4124.000000 137.436412
[ncpu]:[1],[ops]:[137.436412],
[media]:[ssd],[fs]:[ext4_dj]
---------------------------
-----------start-----------
## ssd:ext4_dj:DATA:W:AS_1M:SS_1M:TS_1G:PTS_0:SYNC:NAME_A_1MB:1:bufferedio
[bench_name]:[A_1MB]
# ncpu secs works works/sec
1 30.021175 912.000000 30.378558
[ncpu]:[1],[ops]:[30.378558],
[media]:[ssd],[fs]:[ext4_dj]
---------------------------
-----------start-----------
## ssd:ext4_dj:DATA:W:AS_100:SS_100:TS_1G:PAS_32K:PSS_32K:PTS_1G:SYNC:NAME_O_100B:1:bufferedio
[bench_name]:[O_100B]
# ncpu secs works works/sec
1 30.002898 5635.000000 187.815190
[ncpu]:[1],[ops]:[187.815190],
[media]:[ssd],[fs]:[ext4_dj]
---------------------------
-----------start-----------
## ssd:ext4_dj:DATA:W:AS_1K:SS_1K:TS_1G:PAS_32K:PSS_32K:PTS_1G:SYNC:NAME_O_1KB:1:bufferedio
[bench_name]:[O_1KB]
# ncpu secs works works/sec
1 30.004450 5450.000000 181.639723
[ncpu]:[1],[ops]:[181.639723],
[media]:[ssd],[fs]:[ext4_dj]
---------------------------
-----------start-----------
## ssd:ext4_dj:DATA:W:AS_2K:SS_2K:TS_1G:PAS_32K:PSS_32K:PTS_1G:SYNC:NAME_O_2KB:1:bufferedio
[bench_name]:[O_2KB]
# ncpu secs works works/sec
1 30.003322 5109.000000 170.281144
[ncpu]:[1],[ops]:[170.281144],
[media]:[ssd],[fs]:[ext4_dj]
---------------------------
### NUM_TEST_CONF  = 10
### SYSTEM         = Linux p2cache 5.4.225 #9 SMP Sun May 7 21:08:00 UTC 2023 x86_64 x86_64 x86_64 GNU/Linux
### DISK_SIZE      = 128G
### DURATION       = 30s
### DIRECTIO       = bufferedio,directio
### MEDIA_TYPES    = mem,pmem,ssd
### FS_TYPES       = tmpfs,p2cache,nova,ext4_dax,xfs_dax,ext4,xfs,ext4_dj
### BENCH_TYPES    = DATA:W:AS_100:SS_100:TS_1G:PTS_0:SYNC:NAME_A_100B,DATA:W:AS_1K:SS_1K:TS_1G:PTS_0:SYNC:NAME_A_1KB,DATA:W:AS_2K:SS_2K:TS_1G:PTS_0:SYNC:NAME_A_2KB,DATA:W:AS_4K:SS_4K:TS_1G:PTS_0:SYNC:NAME_A_4KB,DATA:W:AS_16K:SS_16K:TS_1G:PTS_0:SYNC:NAME_A_16KB,DATA:W:AS_64K:SS_64K:TS_1G:PTS_0:SYNC:NAME_A_64KB,DATA:W:AS_1M:SS_1M:TS_1G:PTS_0:SYNC:NAME_A_1MB,DATA:W:AS_100:SS_100:TS_1G:PAS_32K:PSS_32K:PTS_1G:SYNC:NAME_O_100B,DATA:W:AS_1K:SS_1K:TS_1G:PAS_32K:PSS_32K:PTS_1G:SYNC:NAME_O_1KB,DATA:W:AS_2K:SS_2K:TS_1G:PAS_32K:PSS_32K:PTS_1G:SYNC:NAME_O_2KB
### NCORES         = 1,2,4,6,8,10,12
### CORE_SEQ       = 0,1,2,3,4,5,6,7,8,9,10,11,12,13,14,15,16,17,18,19,20,21,22,23


### MODEL_NAME     = Intel(R) Xeon(R) Gold 5317 CPU @ 3.00GHz
### PHYSICAL_CHIPS = 2
### CORE_PER_CHIP  = 12
### SMT_LEVEL      = 1


-----------start-----------
## ssd:xfs:DATA:W:AS_100:SS_100:TS_1G:PTS_0:SYNC:NAME_A_100B:1:bufferedio
[bench_name]:[A_100B]
# ncpu secs works works/sec
1 30.003023 6997.000000 233.209834
[ncpu]:[1],[ops]:[233.209834],
[media]:[ssd],[fs]:[xfs]
---------------------------
-----------start-----------
## ssd:xfs:DATA:W:AS_1K:SS_1K:TS_1G:PTS_0:SYNC:NAME_A_1KB:1:bufferedio
[bench_name]:[A_1KB]
# ncpu secs works works/sec
1 30.004034 7103.000000 236.734834
[ncpu]:[1],[ops]:[236.734834],
[media]:[ssd],[fs]:[xfs]
---------------------------
-----------start-----------
## ssd:xfs:DATA:W:AS_2K:SS_2K:TS_1G:PTS_0:SYNC:NAME_A_2KB:1:bufferedio
[bench_name]:[A_2KB]
# ncpu secs works works/sec
1 30.001288 7106.000000 236.856498
[ncpu]:[1],[ops]:[236.856498],
[media]:[ssd],[fs]:[xfs]
---------------------------
-----------start-----------
## ssd:xfs:DATA:W:AS_4K:SS_4K:TS_1G:PTS_0:SYNC:NAME_A_4KB:1:bufferedio
[bench_name]:[A_4KB]
# ncpu secs works works/sec
1 30.003791 7010.000000 233.637143
[ncpu]:[1],[ops]:[233.637143],
[media]:[ssd],[fs]:[xfs]
---------------------------
-----------start-----------
## ssd:xfs:DATA:W:AS_16K:SS_16K:TS_1G:PTS_0:SYNC:NAME_A_16KB:1:bufferedio
[bench_name]:[A_16KB]
# ncpu secs works works/sec
1 30.001857 6832.000000 227.719238
[ncpu]:[1],[ops]:[227.719238],
[media]:[ssd],[fs]:[xfs]
---------------------------
-----------start-----------
## ssd:xfs:DATA:W:AS_64K:SS_64K:TS_1G:PTS_0:SYNC:NAME_A_64KB:1:bufferedio
[bench_name]:[A_64KB]
# ncpu secs works works/sec
1 30.020068 6484.000000 215.988851
[ncpu]:[1],[ops]:[215.988851],
[media]:[ssd],[fs]:[xfs]
---------------------------
-----------start-----------
## ssd:xfs:DATA:W:AS_1M:SS_1M:TS_1G:PTS_0:SYNC:NAME_A_1MB:1:bufferedio
[bench_name]:[A_1MB]
# ncpu secs works works/sec
1 9.887229 1024.000000 103.567946
[ncpu]:[1],[ops]:[103.567946],
[media]:[ssd],[fs]:[xfs]
---------------------------
-----------start-----------
## ssd:xfs:DATA:W:AS_100:SS_100:TS_1G:PAS_32K:PSS_32K:PTS_1G:SYNC:NAME_O_100B:1:bufferedio
[bench_name]:[O_100B]
# ncpu secs works works/sec
1 30.000683 12614.000000 420.457094
[ncpu]:[1],[ops]:[420.457094],
[media]:[ssd],[fs]:[xfs]
---------------------------
-----------start-----------
## ssd:xfs:DATA:W:AS_1K:SS_1K:TS_1G:PAS_32K:PSS_32K:PTS_1G:SYNC:NAME_O_1KB:1:bufferedio
[bench_name]:[O_1KB]
# ncpu secs works works/sec
1 30.001018 12732.000000 424.385599
[ncpu]:[1],[ops]:[424.385599],
[media]:[ssd],[fs]:[xfs]
---------------------------
-----------start-----------
## ssd:xfs:DATA:W:AS_2K:SS_2K:TS_1G:PAS_32K:PSS_32K:PTS_1G:SYNC:NAME_O_2KB:1:bufferedio
[bench_name]:[O_2KB]
# ncpu secs works works/sec
1 30.001811 12544.000000 418.108094
[ncpu]:[1],[ops]:[418.108094],
[media]:[ssd],[fs]:[xfs]
---------------------------
### NUM_TEST_CONF  = 10
### SYSTEM         = Linux p2cache 5.4.225 #9 SMP Sun May 7 21:08:00 UTC 2023 x86_64 x86_64 x86_64 GNU/Linux
### DISK_SIZE      = 128G
### DURATION       = 30s
### DIRECTIO       = bufferedio,directio
### MEDIA_TYPES    = mem,pmem,ssd
### FS_TYPES       = tmpfs,p2cache,nova,ext4_dax,xfs_dax,ext4,xfs,ext4_dj
### BENCH_TYPES    = DATA:W:AS_100:SS_100:TS_1G:PTS_0:SYNC:NAME_A_100B,DATA:W:AS_1K:SS_1K:TS_1G:PTS_0:SYNC:NAME_A_1KB,DATA:W:AS_2K:SS_2K:TS_1G:PTS_0:SYNC:NAME_A_2KB,DATA:W:AS_4K:SS_4K:TS_1G:PTS_0:SYNC:NAME_A_4KB,DATA:W:AS_16K:SS_16K:TS_1G:PTS_0:SYNC:NAME_A_16KB,DATA:W:AS_64K:SS_64K:TS_1G:PTS_0:SYNC:NAME_A_64KB,DATA:W:AS_1M:SS_1M:TS_1G:PTS_0:SYNC:NAME_A_1MB,DATA:W:AS_100:SS_100:TS_1G:PAS_32K:PSS_32K:PTS_1G:SYNC:NAME_O_100B,DATA:W:AS_1K:SS_1K:TS_1G:PAS_32K:PSS_32K:PTS_1G:SYNC:NAME_O_1KB,DATA:W:AS_2K:SS_2K:TS_1G:PAS_32K:PSS_32K:PTS_1G:SYNC:NAME_O_2KB
### NCORES         = 1,2,4,6,8,10,12
### CORE_SEQ       = 0,1,2,3,4,5,6,7,8,9,10,11,12,13,14,15,16,17,18,19,20,21,22,23


### MODEL_NAME     = Intel(R) Xeon(R) Gold 5317 CPU @ 3.00GHz
### PHYSICAL_CHIPS = 2
### CORE_PER_CHIP  = 12
### SMT_LEVEL      = 1


-----------start-----------
## pmem:ext4_dax:DATA:W:AS_100:SS_100:TS_1G:PTS_0:SYNC:NAME_A_100B:1:bufferedio
[bench_name]:[A_100B]
# ncpu secs works works/sec
1 30.000018 674199.000000 22473.286516
[ncpu]:[1],[ops]:[22473.286516],
[media]:[pmem],[fs]:[ext4_dax]
---------------------------
-----------start-----------
## pmem:ext4_dax:DATA:W:AS_1K:SS_1K:TS_1G:PTS_0:SYNC:NAME_A_1KB:1:bufferedio
[bench_name]:[A_1KB]
# ncpu secs works works/sec
1 30.000454 63101.000000 2103.334836
[ncpu]:[1],[ops]:[2103.334836],
[media]:[pmem],[fs]:[ext4_dax]
---------------------------
-----------start-----------
## pmem:ext4_dax:DATA:W:AS_2K:SS_2K:TS_1G:PTS_0:SYNC:NAME_A_2KB:1:bufferedio
[bench_name]:[A_2KB]
# ncpu secs works works/sec
1 30.000091 60055.000000 2001.827261
[ncpu]:[1],[ops]:[2001.827261],
[media]:[pmem],[fs]:[ext4_dax]
---------------------------
-----------start-----------
## pmem:ext4_dax:DATA:W:AS_4K:SS_4K:TS_1G:PTS_0:SYNC:NAME_A_4KB:1:bufferedio
[bench_name]:[A_4KB]
# ncpu secs works works/sec
1 30.000353 53138.000000 1771.245825
[ncpu]:[1],[ops]:[1771.245825],
[media]:[pmem],[fs]:[ext4_dax]
---------------------------
-----------start-----------
## pmem:ext4_dax:DATA:W:AS_16K:SS_16K:TS_1G:PTS_0:SYNC:NAME_A_16KB:1:bufferedio
[bench_name]:[A_16KB]
# ncpu secs works works/sec
1 30.000521 50325.000000 1677.470868
[ncpu]:[1],[ops]:[1677.470868],
[media]:[pmem],[fs]:[ext4_dax]
---------------------------
-----------start-----------
## pmem:ext4_dax:DATA:W:AS_64K:SS_64K:TS_1G:PTS_0:SYNC:NAME_A_64KB:1:bufferedio
[bench_name]:[A_64KB]
# ncpu secs works works/sec
1 10.873729 16384.000000 1506.750812
[ncpu]:[1],[ops]:[1506.750812],
[media]:[pmem],[fs]:[ext4_dax]
---------------------------
-----------start-----------
## pmem:ext4_dax:DATA:W:AS_1M:SS_1M:TS_1G:PTS_0:SYNC:NAME_A_1MB:1:bufferedio
[bench_name]:[A_1MB]
# ncpu secs works works/sec
1 0.950037 1024.000000 1077.852757
[ncpu]:[1],[ops]:[1077.852757],
[media]:[pmem],[fs]:[ext4_dax]
---------------------------
-----------start-----------
## pmem:ext4_dax:DATA:W:AS_100:SS_100:TS_1G:PAS_32K:PSS_32K:PTS_1G:SYNC:NAME_O_100B:1:bufferedio
[bench_name]:[O_100B]
# ncpu secs works works/sec
1 29.999964 9072286.000000 302409.896225
[ncpu]:[1],[ops]:[302409.896225],
[media]:[pmem],[fs]:[ext4_dax]
---------------------------
-----------start-----------
## pmem:ext4_dax:DATA:W:AS_1K:SS_1K:TS_1G:PAS_32K:PSS_32K:PTS_1G:SYNC:NAME_O_1KB:1:bufferedio
[bench_name]:[O_1KB]
# ncpu secs works works/sec
1 3.851053 1048576.000000 272282.931448
[ncpu]:[1],[ops]:[272282.931448],
[media]:[pmem],[fs]:[ext4_dax]
---------------------------
-----------start-----------
## pmem:ext4_dax:DATA:W:AS_2K:SS_2K:TS_1G:PAS_32K:PSS_32K:PTS_1G:SYNC:NAME_O_2KB:1:bufferedio
[bench_name]:[O_2KB]
# ncpu secs works works/sec
1 2.073148 524288.000000 252894.631739
[ncpu]:[1],[ops]:[252894.631739],
[media]:[pmem],[fs]:[ext4_dax]
---------------------------
### NUM_TEST_CONF  = 10
### SYSTEM         = Linux p2cache 5.4.225 #9 SMP Sun May 7 21:08:00 UTC 2023 x86_64 x86_64 x86_64 GNU/Linux
### DISK_SIZE      = 128G
### DURATION       = 30s
### DIRECTIO       = bufferedio,directio
### MEDIA_TYPES    = mem,pmem,ssd
### FS_TYPES       = tmpfs,p2cache,nova,ext4_dax,xfs_dax,ext4,xfs,ext4_dj
### BENCH_TYPES    = DATA:W:AS_100:SS_100:TS_1G:PTS_0:SYNC:NAME_A_100B,DATA:W:AS_1K:SS_1K:TS_1G:PTS_0:SYNC:NAME_A_1KB,DATA:W:AS_2K:SS_2K:TS_1G:PTS_0:SYNC:NAME_A_2KB,DATA:W:AS_4K:SS_4K:TS_1G:PTS_0:SYNC:NAME_A_4KB,DATA:W:AS_16K:SS_16K:TS_1G:PTS_0:SYNC:NAME_A_16KB,DATA:W:AS_64K:SS_64K:TS_1G:PTS_0:SYNC:NAME_A_64KB,DATA:W:AS_1M:SS_1M:TS_1G:PTS_0:SYNC:NAME_A_1MB,DATA:W:AS_100:SS_100:TS_1G:PAS_32K:PSS_32K:PTS_1G:SYNC:NAME_O_100B,DATA:W:AS_1K:SS_1K:TS_1G:PAS_32K:PSS_32K:PTS_1G:SYNC:NAME_O_1KB,DATA:W:AS_2K:SS_2K:TS_1G:PAS_32K:PSS_32K:PTS_1G:SYNC:NAME_O_2KB
### NCORES         = 1,2,4,6,8,10,12
### CORE_SEQ       = 0,1,2,3,4,5,6,7,8,9,10,11,12,13,14,15,16,17,18,19,20,21,22,23


### MODEL_NAME     = Intel(R) Xeon(R) Gold 5317 CPU @ 3.00GHz
### PHYSICAL_CHIPS = 2
### CORE_PER_CHIP  = 12
### SMT_LEVEL      = 1


-----------start-----------
## pmem:xfs_dax:DATA:W:AS_100:SS_100:TS_1G:PTS_0:SYNC:NAME_A_100B:1:bufferedio
[bench_name]:[A_100B]
# ncpu secs works works/sec
1 30.000019 742716.000000 24757.184320
[ncpu]:[1],[ops]:[24757.184320],
[media]:[pmem],[fs]:[xfs_dax]
---------------------------
-----------start-----------
## pmem:xfs_dax:DATA:W:AS_1K:SS_1K:TS_1G:PTS_0:SYNC:NAME_A_1KB:1:bufferedio
[bench_name]:[A_1KB]
# ncpu secs works works/sec
1 30.000041 760108.000000 25336.898706
[ncpu]:[1],[ops]:[25336.898706],
[media]:[pmem],[fs]:[xfs_dax]
---------------------------
-----------start-----------
## pmem:xfs_dax:DATA:W:AS_2K:SS_2K:TS_1G:PTS_0:SYNC:NAME_A_2KB:1:bufferedio
[bench_name]:[A_2KB]
# ncpu secs works works/sec
1 23.948306 524288.000000 21892.487928
[ncpu]:[1],[ops]:[21892.487928],
[media]:[pmem],[fs]:[xfs_dax]
---------------------------
-----------start-----------
## pmem:xfs_dax:DATA:W:AS_4K:SS_4K:TS_1G:PTS_0:SYNC:NAME_A_4KB:1:bufferedio
[bench_name]:[A_4KB]
# ncpu secs works works/sec
1 12.749810 262144.000000 20560.620119
[ncpu]:[1],[ops]:[20560.620119],
[media]:[pmem],[fs]:[xfs_dax]
---------------------------
-----------start-----------
## pmem:xfs_dax:DATA:W:AS_16K:SS_16K:TS_1G:PTS_0:SYNC:NAME_A_16KB:1:bufferedio
[bench_name]:[A_16KB]
# ncpu secs works works/sec
1 3.810287 65536.000000 17199.754244
[ncpu]:[1],[ops]:[17199.754244],
[media]:[pmem],[fs]:[xfs_dax]
---------------------------
-----------start-----------
## pmem:xfs_dax:DATA:W:AS_64K:SS_64K:TS_1G:PTS_0:SYNC:NAME_A_64KB:1:bufferedio
[bench_name]:[A_64KB]
# ncpu secs works works/sec
1 1.183542 16384.000000 13843.192722
[ncpu]:[1],[ops]:[13843.192722],
[media]:[pmem],[fs]:[xfs_dax]
---------------------------
-----------start-----------
## pmem:xfs_dax:DATA:W:AS_1M:SS_1M:TS_1G:PTS_0:SYNC:NAME_A_1MB:1:bufferedio
[bench_name]:[A_1MB]
# ncpu secs works works/sec
1 0.470249 1024.000000 2177.569756
[ncpu]:[1],[ops]:[2177.569756],
[media]:[pmem],[fs]:[xfs_dax]
---------------------------
-----------start-----------
## pmem:xfs_dax:DATA:W:AS_100:SS_100:TS_1G:PAS_32K:PSS_32K:PTS_1G:SYNC:NAME_O_100B:1:bufferedio
[bench_name]:[O_100B]
# ncpu secs works works/sec
1 23.930832 10737418.000000 448685.528359
[ncpu]:[1],[ops]:[448685.528359],
[media]:[pmem],[fs]:[xfs_dax]
---------------------------
-----------start-----------
## pmem:xfs_dax:DATA:W:AS_1K:SS_1K:TS_1G:PAS_32K:PSS_32K:PTS_1G:SYNC:NAME_O_1KB:1:bufferedio
[bench_name]:[O_1KB]
# ncpu secs works works/sec
1 2.736680 1048576.000000 383156.233100
[ncpu]:[1],[ops]:[383156.233100],
[media]:[pmem],[fs]:[xfs_dax]
---------------------------
-----------start-----------
## pmem:xfs_dax:DATA:W:AS_2K:SS_2K:TS_1G:PAS_32K:PSS_32K:PTS_1G:SYNC:NAME_O_2KB:1:bufferedio
[bench_name]:[O_2KB]
# ncpu secs works works/sec
1 1.407141 524288.000000 372590.948597
[ncpu]:[1],[ops]:[372590.948597],
[media]:[pmem],[fs]:[xfs_dax]
---------------------------
### NUM_TEST_CONF  = 10
### SYSTEM         = Linux p2cache 5.4.225 #9 SMP Sun May 7 21:08:00 UTC 2023 x86_64 x86_64 x86_64 GNU/Linux
### DISK_SIZE      = 128G
### DURATION       = 30s
### DIRECTIO       = bufferedio,directio
### MEDIA_TYPES    = mem,pmem,ssd
### FS_TYPES       = tmpfs,p2cache,nova,ext4_dax,xfs_dax,ext4,xfs,ext4_dj
### BENCH_TYPES    = DATA:W:AS_100:SS_100:TS_1G:PTS_0:SYNC:NAME_A_100B,DATA:W:AS_1K:SS_1K:TS_1G:PTS_0:SYNC:NAME_A_1KB,DATA:W:AS_2K:SS_2K:TS_1G:PTS_0:SYNC:NAME_A_2KB,DATA:W:AS_4K:SS_4K:TS_1G:PTS_0:SYNC:NAME_A_4KB,DATA:W:AS_16K:SS_16K:TS_1G:PTS_0:SYNC:NAME_A_16KB,DATA:W:AS_64K:SS_64K:TS_1G:PTS_0:SYNC:NAME_A_64KB,DATA:W:AS_1M:SS_1M:TS_1G:PTS_0:SYNC:NAME_A_1MB,DATA:W:AS_100:SS_100:TS_1G:PAS_32K:PSS_32K:PTS_1G:SYNC:NAME_O_100B,DATA:W:AS_1K:SS_1K:TS_1G:PAS_32K:PSS_32K:PTS_1G:SYNC:NAME_O_1KB,DATA:W:AS_2K:SS_2K:TS_1G:PAS_32K:PSS_32K:PTS_1G:SYNC:NAME_O_2KB
### NCORES         = 1,2,4,6,8,10,12
### CORE_SEQ       = 0,1,2,3,4,5,6,7,8,9,10,11,12,13,14,15,16,17,18,19,20,21,22,23


### MODEL_NAME     = Intel(R) Xeon(R) Gold 5317 CPU @ 3.00GHz
### PHYSICAL_CHIPS = 2
### CORE_PER_CHIP  = 12
### SMT_LEVEL      = 1


-----------start-----------
## pmem:nova:DATA:W:AS_100:SS_100:TS_1G:PTS_0:SYNC:NAME_A_100B:1:bufferedio
[bench_name]:[A_100B]
# ncpu secs works works/sec
1 29.953597 10737418.000000 358468.400306
[ncpu]:[1],[ops]:[358468.400306],
[media]:[pmem],[fs]:[nova]
---------------------------
-----------start-----------
## pmem:nova:DATA:W:AS_1K:SS_1K:TS_1G:PTS_0:SYNC:NAME_A_1KB:1:bufferedio
[bench_name]:[A_1KB]
# ncpu secs works works/sec
1 3.978740 1048576.000000 263544.740295
[ncpu]:[1],[ops]:[263544.740295],
[media]:[pmem],[fs]:[nova]
---------------------------
-----------start-----------
## pmem:nova:DATA:W:AS_2K:SS_2K:TS_1G:PTS_0:SYNC:NAME_A_2KB:1:bufferedio
[bench_name]:[A_2KB]
# ncpu secs works works/sec
1 2.080935 524288.000000 251948.282863
[ncpu]:[1],[ops]:[251948.282863],
[media]:[pmem],[fs]:[nova]
---------------------------
-----------start-----------
## pmem:nova:DATA:W:AS_4K:SS_4K:TS_1G:PTS_0:SYNC:NAME_A_4KB:1:bufferedio
[bench_name]:[A_4KB]
# ncpu secs works works/sec
1 0.780929 262144.000000 335682.245121
[ncpu]:[1],[ops]:[335682.245121],
[media]:[pmem],[fs]:[nova]
---------------------------
-----------start-----------
## pmem:nova:DATA:W:AS_16K:SS_16K:TS_1G:PTS_0:SYNC:NAME_A_16KB:1:bufferedio
[bench_name]:[A_16KB]
# ncpu secs works works/sec
1 0.266775 65536.000000 245660.200544
[ncpu]:[1],[ops]:[245660.200544],
[media]:[pmem],[fs]:[nova]
---------------------------
-----------start-----------
## pmem:nova:DATA:W:AS_64K:SS_64K:TS_1G:PTS_0:SYNC:NAME_A_64KB:1:bufferedio
[bench_name]:[A_64KB]
# ncpu secs works works/sec
1 0.128612 16384.000000 127390.912201
[ncpu]:[1],[ops]:[127390.912201],
[media]:[pmem],[fs]:[nova]
---------------------------
-----------start-----------
## pmem:nova:DATA:W:AS_1M:SS_1M:TS_1G:PTS_0:SYNC:NAME_A_1MB:1:bufferedio
[bench_name]:[A_1MB]
# ncpu secs works works/sec
1 0.074006 1024.000000 13836.715942
[ncpu]:[1],[ops]:[13836.715942],
[media]:[pmem],[fs]:[nova]
---------------------------
-----------start-----------
## pmem:nova:DATA:W:AS_100:SS_100:TS_1G:PAS_32K:PSS_32K:PTS_1G:SYNC:NAME_O_100B:1:bufferedio
[bench_name]:[O_100B]
# ncpu secs works works/sec
1 29.932663 10737418.000000 358719.102273
[ncpu]:[1],[ops]:[358719.102273],
[media]:[pmem],[fs]:[nova]
---------------------------
-----------start-----------
## pmem:nova:DATA:W:AS_1K:SS_1K:TS_1G:PAS_32K:PSS_32K:PTS_1G:SYNC:NAME_O_1KB:1:bufferedio
[bench_name]:[O_1KB]
# ncpu secs works works/sec
1 4.006419 1048576.000000 261723.998414
[ncpu]:[1],[ops]:[261723.998414],
[media]:[pmem],[fs]:[nova]
---------------------------
-----------start-----------
## pmem:nova:DATA:W:AS_2K:SS_2K:TS_1G:PAS_32K:PSS_32K:PTS_1G:SYNC:NAME_O_2KB:1:bufferedio
[bench_name]:[O_2KB]
# ncpu secs works works/sec
1 2.182730 524288.000000 240198.283801
[ncpu]:[1],[ops]:[240198.283801],
[media]:[pmem],[fs]:[nova]
---------------------------
### NUM_TEST_CONF  = 10
### SYSTEM         = Linux p2cache 5.4.225 #9 SMP Sun May 7 21:08:00 UTC 2023 x86_64 x86_64 x86_64 GNU/Linux
### DISK_SIZE      = 128G
### DURATION       = 30s
### DIRECTIO       = bufferedio,directio
### MEDIA_TYPES    = mem,pmem,ssd
### FS_TYPES       = tmpfs,p2cache,nova,ext4_dax,xfs_dax,ext4,xfs,ext4_dj
### BENCH_TYPES    = DATA:W:AS_100:SS_100:TS_1G:PTS_0:SYNC:NAME_A_100B,DATA:W:AS_1K:SS_1K:TS_1G:PTS_0:SYNC:NAME_A_1KB,DATA:W:AS_2K:SS_2K:TS_1G:PTS_0:SYNC:NAME_A_2KB,DATA:W:AS_4K:SS_4K:TS_1G:PTS_0:SYNC:NAME_A_4KB,DATA:W:AS_16K:SS_16K:TS_1G:PTS_0:SYNC:NAME_A_16KB,DATA:W:AS_64K:SS_64K:TS_1G:PTS_0:SYNC:NAME_A_64KB,DATA:W:AS_1M:SS_1M:TS_1G:PTS_0:SYNC:NAME_A_1MB,DATA:W:AS_100:SS_100:TS_1G:PAS_32K:PSS_32K:PTS_1G:SYNC:NAME_O_100B,DATA:W:AS_1K:SS_1K:TS_1G:PAS_32K:PSS_32K:PTS_1G:SYNC:NAME_O_1KB,DATA:W:AS_2K:SS_2K:TS_1G:PAS_32K:PSS_32K:PTS_1G:SYNC:NAME_O_2KB
### NCORES         = 1,2,4,6,8,10,12
### CORE_SEQ       = 0,1,2,3,4,5,6,7,8,9,10,11,12,13,14,15,16,17,18,19,20,21,22,23


### MODEL_NAME     = Intel(R) Xeon(R) Gold 5317 CPU @ 3.00GHz
### PHYSICAL_CHIPS = 2
### CORE_PER_CHIP  = 12
### SMT_LEVEL      = 1


-----------start-----------
## pmem:p2cache:DATA:W:AS_100:SS_100:TS_1G:PTS_0:SYNC:NAME_A_100B:1:bufferedio
[bench_name]:[A_100B]
# ncpu secs works works/sec
1 7.800625 10737418.000000 1376481.756270
[ncpu]:[1],[ops]:[1376481.756270],
[media]:[pmem],[fs]:[p2cache]
---------------------------
-----------start-----------
## pmem:p2cache:DATA:W:AS_1K:SS_1K:TS_1G:PTS_0:SYNC:NAME_A_1KB:1:bufferedio
[bench_name]:[A_1KB]
# ncpu secs works works/sec
1 0.755544 1048576.000000 1387842.402296
[ncpu]:[1],[ops]:[1387842.402296],
[media]:[pmem],[fs]:[p2cache]
---------------------------
-----------start-----------
## pmem:p2cache:DATA:W:AS_2K:SS_2K:TS_1G:PTS_0:SYNC:NAME_A_2KB:1:bufferedio
[bench_name]:[A_2KB]
# ncpu secs works works/sec
1 0.686332 524288.000000 763898.521415
[ncpu]:[1],[ops]:[763898.521415],
[media]:[pmem],[fs]:[p2cache]
---------------------------
-----------start-----------
## pmem:p2cache:DATA:W:AS_4K:SS_4K:TS_1G:PTS_0:SYNC:NAME_A_4KB:1:bufferedio
[bench_name]:[A_4KB]
# ncpu secs works works/sec
1 0.392026 262144.000000 668690.341967
[ncpu]:[1],[ops]:[668690.341967],
[media]:[pmem],[fs]:[p2cache]
---------------------------
-----------start-----------
## pmem:p2cache:DATA:W:AS_16K:SS_16K:TS_1G:PTS_0:SYNC:NAME_A_16KB:1:bufferedio
[bench_name]:[A_16KB]
# ncpu secs works works/sec
1 0.159562 65536.000000 410724.357930
[ncpu]:[1],[ops]:[410724.357930],
[media]:[pmem],[fs]:[p2cache]
---------------------------
-----------start-----------
## pmem:p2cache:DATA:W:AS_64K:SS_64K:TS_1G:PTS_0:SYNC:NAME_A_64KB:1:bufferedio
[bench_name]:[A_64KB]
# ncpu secs works works/sec
1 0.133431 16384.000000 122790.056284
[ncpu]:[1],[ops]:[122790.056284],
[media]:[pmem],[fs]:[p2cache]
---------------------------
-----------start-----------
## pmem:p2cache:DATA:W:AS_1M:SS_1M:TS_1G:PTS_0:SYNC:NAME_A_1MB:1:bufferedio
[bench_name]:[A_1MB]
# ncpu secs works works/sec
1 0.125985 1024.000000 8127.951740
[ncpu]:[1],[ops]:[8127.951740],
[media]:[pmem],[fs]:[p2cache]
---------------------------
-----------start-----------
## pmem:p2cache:DATA:W:AS_100:SS_100:TS_1G:PAS_32K:PSS_32K:PTS_1G:SYNC:NAME_O_100B:1:bufferedio
[bench_name]:[O_100B]
# ncpu secs works works/sec
1 7.536419 10737418.000000 1424737.398491
[ncpu]:[1],[ops]:[1424737.398491],
[media]:[pmem],[fs]:[p2cache]
---------------------------
-----------start-----------
## pmem:p2cache:DATA:W:AS_1K:SS_1K:TS_1G:PAS_32K:PSS_32K:PTS_1G:SYNC:NAME_O_1KB:1:bufferedio
[bench_name]:[O_1KB]
# ncpu secs works works/sec
1 1.171114 1048576.000000 895366.292265
[ncpu]:[1],[ops]:[895366.292265],
[media]:[pmem],[fs]:[p2cache]
---------------------------
-----------start-----------
## pmem:p2cache:DATA:W:AS_2K:SS_2K:TS_1G:PAS_32K:PSS_32K:PTS_1G:SYNC:NAME_O_2KB:1:bufferedio
[bench_name]:[O_2KB]
# ncpu secs works works/sec
1 0.692647 524288.000000 756933.907171
[ncpu]:[1],[ops]:[756933.907171],
[media]:[pmem],[fs]:[p2cache]
---------------------------
### NUM_TEST_CONF  = 10
