### SYSTEM         = Linux p2cache 5.4.225 #9 SMP Sun May 7 21:08:00 UTC 2023 x86_64 x86_64 x86_64 GNU/Linux
### DISK_SIZE      = 128G
### DURATION       = 30s
### DIRECTIO       = bufferedio,directio
### MEDIA_TYPES    = mem,pmem,ssd
### FS_TYPES       = tmpfs,p2cache,nova,ext4_dax,xfs_dax,ext4,xfs,ext4_dj
### BENCH_TYPES    = DATA:W:AS_100:SS_100:TS_1G:PTS_0:NAME_A_100B,DATA:W:AS_1K:SS_1K:TS_1G:PTS_0:NAME_A_1KB,DATA:W:AS_2K:SS_2K:TS_1G:PTS_0:NAME_A_2KB,DATA:W:AS_4K:SS_4K:TS_1G:PTS_0:NAME_A_4KB,DATA:W:AS_16K:SS_16K:TS_1G:PTS_0:NAME_A_16KB,DATA:W:AS_64K:SS_64K:TS_1G:PTS_0:NAME_A_64KB,DATA:W:AS_1M:SS_1M:TS_1G:PTS_0:NAME_A_1MB,DATA:W:AS_100:SS_100:TS_1G:PAS_32K:PSS_32K:PTS_1G:NAME_O_100B,DATA:W:AS_1K:SS_1K:TS_1G:PAS_32K:PSS_32K:PTS_1G:NAME_O_1KB,DATA:W:AS_2K:SS_2K:TS_1G:PAS_32K:PSS_32K:PTS_1G:NAME_O_2KB
### NCORES         = 1,2,4,6,8,10,12
### CORE_SEQ       = 0,1,2,3,4,5,6,7,8,9,10,11,12,13,14,15,16,17,18,19,20,21,22,23


### MODEL_NAME     = Intel(R) Xeon(R) Gold 5317 CPU @ 3.00GHz
### PHYSICAL_CHIPS = 2
### CORE_PER_CHIP  = 12
### SMT_LEVEL      = 1


-----------start-----------
## ssd:ext4:DATA:W:AS_100:SS_100:TS_1G:PTS_0:NAME_A_100B:1:bufferedio
[bench_name]:[A_100B]
# ncpu secs works works/sec
1 20.900719 10737418.000000 513734.383970
[ncpu]:[1],[ops]:[513734.383970],
[media]:[ssd],[fs]:[ext4]
---------------------------
-----------start-----------
## ssd:ext4:DATA:W:AS_1K:SS_1K:TS_1G:PTS_0:NAME_A_1KB:1:bufferedio
[bench_name]:[A_1KB]
# ncpu secs works works/sec
1 3.135264 1048576.000000 334445.839330
[ncpu]:[1],[ops]:[334445.839330],
[media]:[ssd],[fs]:[ext4]
---------------------------
-----------start-----------
## ssd:ext4:DATA:W:AS_2K:SS_2K:TS_1G:PTS_0:NAME_A_2KB:1:bufferedio
[bench_name]:[A_2KB]
# ncpu secs works works/sec
1 1.951697 524288.000000 268631.862425
[ncpu]:[1],[ops]:[268631.862425],
[media]:[ssd],[fs]:[ext4]
---------------------------
-----------start-----------
## ssd:ext4:DATA:W:AS_4K:SS_4K:TS_1G:PTS_0:NAME_A_4KB:1:bufferedio
[bench_name]:[A_4KB]
# ncpu secs works works/sec
1 1.317176 262144.000000 199019.720979
[ncpu]:[1],[ops]:[199019.720979],
[media]:[ssd],[fs]:[ext4]
---------------------------
-----------start-----------
## ssd:ext4:DATA:W:AS_16K:SS_16K:TS_1G:PTS_0:NAME_A_16KB:1:bufferedio
[bench_name]:[A_16KB]
# ncpu secs works works/sec
1 1.210242 65536.000000 54151.153240
[ncpu]:[1],[ops]:[54151.153240],
[media]:[ssd],[fs]:[ext4]
---------------------------
-----------start-----------
## ssd:ext4:DATA:W:AS_64K:SS_64K:TS_1G:PTS_0:NAME_A_64KB:1:bufferedio
[bench_name]:[A_64KB]
# ncpu secs works works/sec
1 1.163075 16384.000000 14086.795778
[ncpu]:[1],[ops]:[14086.795778],
[media]:[ssd],[fs]:[ext4]
---------------------------
-----------start-----------
## ssd:ext4:DATA:W:AS_1M:SS_1M:TS_1G:PTS_0:NAME_A_1MB:1:bufferedio
[bench_name]:[A_1MB]
# ncpu secs works works/sec
1 1.158721 1024.000000 883.733013
[ncpu]:[1],[ops]:[883.733013],
[media]:[ssd],[fs]:[ext4]
---------------------------
-----------start-----------
## ssd:ext4:DATA:W:AS_100:SS_100:TS_1G:PAS_32K:PSS_32K:PTS_1G:NAME_O_100B:1:bufferedio
[bench_name]:[O_100B]
# ncpu secs works works/sec
1 12.876481 10737418.000000 833878.293301
[ncpu]:[1],[ops]:[833878.293301],
[media]:[ssd],[fs]:[ext4]
---------------------------
-----------start-----------
## ssd:ext4:DATA:W:AS_1K:SS_1K:TS_1G:PAS_32K:PSS_32K:PTS_1G:NAME_O_1KB:1:bufferedio
[bench_name]:[O_1KB]
# ncpu secs works works/sec
1 1.589982 1048576.000000 659489.226922
[ncpu]:[1],[ops]:[659489.226922],
[media]:[ssd],[fs]:[ext4]
---------------------------
-----------start-----------
## ssd:ext4:DATA:W:AS_2K:SS_2K:TS_1G:PAS_32K:PSS_32K:PTS_1G:NAME_O_2KB:1:bufferedio
[bench_name]:[O_2KB]
# ncpu secs works works/sec
1 0.918300 524288.000000 570933.246216
[ncpu]:[1],[ops]:[570933.246216],
[media]:[ssd],[fs]:[ext4]
---------------------------
### NUM_TEST_CONF  = 10
### SYSTEM         = Linux p2cache 5.4.225 #9 SMP Sun May 7 21:08:00 UTC 2023 x86_64 x86_64 x86_64 GNU/Linux
### DISK_SIZE      = 128G
### DURATION       = 30s
### DIRECTIO       = bufferedio,directio
### MEDIA_TYPES    = mem,pmem,ssd
### FS_TYPES       = tmpfs,p2cache,nova,ext4_dax,xfs_dax,ext4,xfs,ext4_dj
### BENCH_TYPES    = DATA:W:AS_100:SS_100:TS_1G:PTS_0:NAME_A_100B,DATA:W:AS_1K:SS_1K:TS_1G:PTS_0:NAME_A_1KB,DATA:W:AS_2K:SS_2K:TS_1G:PTS_0:NAME_A_2KB,DATA:W:AS_4K:SS_4K:TS_1G:PTS_0:NAME_A_4KB,DATA:W:AS_16K:SS_16K:TS_1G:PTS_0:NAME_A_16KB,DATA:W:AS_64K:SS_64K:TS_1G:PTS_0:NAME_A_64KB,DATA:W:AS_1M:SS_1M:TS_1G:PTS_0:NAME_A_1MB,DATA:W:AS_100:SS_100:TS_1G:PAS_32K:PSS_32K:PTS_1G:NAME_O_100B,DATA:W:AS_1K:SS_1K:TS_1G:PAS_32K:PSS_32K:PTS_1G:NAME_O_1KB,DATA:W:AS_2K:SS_2K:TS_1G:PAS_32K:PSS_32K:PTS_1G:NAME_O_2KB
### NCORES         = 1,2,4,6,8,10,12
### CORE_SEQ       = 0,1,2,3,4,5,6,7,8,9,10,11,12,13,14,15,16,17,18,19,20,21,22,23


### MODEL_NAME     = Intel(R) Xeon(R) Gold 5317 CPU @ 3.00GHz
### PHYSICAL_CHIPS = 2
### CORE_PER_CHIP  = 12
### SMT_LEVEL      = 1


-----------start-----------
## ssd:ext4_dj:DATA:W:AS_100:SS_100:TS_1G:PTS_0:NAME_A_100B:1:bufferedio
[bench_name]:[A_100B]
# ncpu secs works works/sec
1 27.203734 10737418.000000 394703.829996
[ncpu]:[1],[ops]:[394703.829996],
[media]:[ssd],[fs]:[ext4_dj]
---------------------------
-----------start-----------
## ssd:ext4_dj:DATA:W:AS_1K:SS_1K:TS_1G:PTS_0:NAME_A_1KB:1:bufferedio
[bench_name]:[A_1KB]
# ncpu secs works works/sec
1 10.340376 1048576.000000 101405.983690
[ncpu]:[1],[ops]:[101405.983690],
[media]:[ssd],[fs]:[ext4_dj]
---------------------------
-----------start-----------
## ssd:ext4_dj:DATA:W:AS_2K:SS_2K:TS_1G:PTS_0:NAME_A_2KB:1:bufferedio
[bench_name]:[A_2KB]
# ncpu secs works works/sec
1 9.656370 524288.000000 54294.522683
[ncpu]:[1],[ops]:[54294.522683],
[media]:[ssd],[fs]:[ext4_dj]
---------------------------
-----------start-----------
## ssd:ext4_dj:DATA:W:AS_4K:SS_4K:TS_1G:PTS_0:NAME_A_4KB:1:bufferedio
[bench_name]:[A_4KB]
# ncpu secs works works/sec
1 9.252322 262144.000000 28332.779598
[ncpu]:[1],[ops]:[28332.779598],
[media]:[ssd],[fs]:[ext4_dj]
---------------------------
-----------start-----------
## ssd:ext4_dj:DATA:W:AS_16K:SS_16K:TS_1G:PTS_0:NAME_A_16KB:1:bufferedio
[bench_name]:[A_16KB]
# ncpu secs works works/sec
1 9.115941 65536.000000 7189.164563
[ncpu]:[1],[ops]:[7189.164563],
[media]:[ssd],[fs]:[ext4_dj]
---------------------------
-----------start-----------
## ssd:ext4_dj:DATA:W:AS_64K:SS_64K:TS_1G:PTS_0:NAME_A_64KB:1:bufferedio
[bench_name]:[A_64KB]
# ncpu secs works works/sec
1 9.175066 16384.000000 1785.709225
[ncpu]:[1],[ops]:[1785.709225],
[media]:[ssd],[fs]:[ext4_dj]
---------------------------
-----------start-----------
## ssd:ext4_dj:DATA:W:AS_1M:SS_1M:TS_1G:PTS_0:NAME_A_1MB:1:bufferedio
[bench_name]:[A_1MB]
# ncpu secs works works/sec
1 9.048086 1024.000000 113.173106
[ncpu]:[1],[ops]:[113.173106],
[media]:[ssd],[fs]:[ext4_dj]
---------------------------
-----------start-----------
## ssd:ext4_dj:DATA:W:AS_100:SS_100:TS_1G:PAS_32K:PSS_32K:PTS_1G:NAME_O_100B:1:bufferedio
[bench_name]:[O_100B]
# ncpu secs works works/sec
1 20.366068 10737418.000000 527220.963811
[ncpu]:[1],[ops]:[527220.963811],
[media]:[ssd],[fs]:[ext4_dj]
---------------------------
-----------start-----------
## ssd:ext4_dj:DATA:W:AS_1K:SS_1K:TS_1G:PAS_32K:PSS_32K:PTS_1G:NAME_O_1KB:1:bufferedio
[bench_name]:[O_1KB]
# ncpu secs works works/sec
1 11.265069 1048576.000000 93082.075219
[ncpu]:[1],[ops]:[93082.075219],
[media]:[ssd],[fs]:[ext4_dj]
---------------------------
-----------start-----------
## ssd:ext4_dj:DATA:W:AS_2K:SS_2K:TS_1G:PAS_32K:PSS_32K:PTS_1G:NAME_O_2KB:1:bufferedio
[bench_name]:[O_2KB]
# ncpu secs works works/sec
1 10.918762 524288.000000 48017.165316
[ncpu]:[1],[ops]:[48017.165316],
[media]:[ssd],[fs]:[ext4_dj]
---------------------------
### NUM_TEST_CONF  = 10
### SYSTEM         = Linux p2cache 5.4.225 #9 SMP Sun May 7 21:08:00 UTC 2023 x86_64 x86_64 x86_64 GNU/Linux
### DISK_SIZE      = 128G
### DURATION       = 30s
### DIRECTIO       = bufferedio,directio
### MEDIA_TYPES    = mem,pmem,ssd
### FS_TYPES       = tmpfs,p2cache,nova,ext4_dax,xfs_dax,ext4,xfs,ext4_dj
### BENCH_TYPES    = DATA:W:AS_100:SS_100:TS_1G:PTS_0:NAME_A_100B,DATA:W:AS_1K:SS_1K:TS_1G:PTS_0:NAME_A_1KB,DATA:W:AS_2K:SS_2K:TS_1G:PTS_0:NAME_A_2KB,DATA:W:AS_4K:SS_4K:TS_1G:PTS_0:NAME_A_4KB,DATA:W:AS_16K:SS_16K:TS_1G:PTS_0:NAME_A_16KB,DATA:W:AS_64K:SS_64K:TS_1G:PTS_0:NAME_A_64KB,DATA:W:AS_1M:SS_1M:TS_1G:PTS_0:NAME_A_1MB,DATA:W:AS_100:SS_100:TS_1G:PAS_32K:PSS_32K:PTS_1G:NAME_O_100B,DATA:W:AS_1K:SS_1K:TS_1G:PAS_32K:PSS_32K:PTS_1G:NAME_O_1KB,DATA:W:AS_2K:SS_2K:TS_1G:PAS_32K:PSS_32K:PTS_1G:NAME_O_2KB
### NCORES         = 1,2,4,6,8,10,12
### CORE_SEQ       = 0,1,2,3,4,5,6,7,8,9,10,11,12,13,14,15,16,17,18,19,20,21,22,23


### MODEL_NAME     = Intel(R) Xeon(R) Gold 5317 CPU @ 3.00GHz
### PHYSICAL_CHIPS = 2
### CORE_PER_CHIP  = 12
### SMT_LEVEL      = 1


-----------start-----------
## ssd:xfs:DATA:W:AS_100:SS_100:TS_1G:PTS_0:NAME_A_100B:1:bufferedio
[bench_name]:[A_100B]
# ncpu secs works works/sec
1 10.969016 10737418.000000 978886.164447
[ncpu]:[1],[ops]:[978886.164447],
[media]:[ssd],[fs]:[xfs]
---------------------------
-----------start-----------
## ssd:xfs:DATA:W:AS_1K:SS_1K:TS_1G:PTS_0:NAME_A_1KB:1:bufferedio
[bench_name]:[A_1KB]
# ncpu secs works works/sec
1 1.713979 1048576.000000 611778.790755
[ncpu]:[1],[ops]:[611778.790755],
[media]:[ssd],[fs]:[xfs]
---------------------------
-----------start-----------
## ssd:xfs:DATA:W:AS_2K:SS_2K:TS_1G:PTS_0:NAME_A_2KB:1:bufferedio
[bench_name]:[A_2KB]
# ncpu secs works works/sec
1 1.097405 524288.000000 477752.516163
[ncpu]:[1],[ops]:[477752.516163],
[media]:[ssd],[fs]:[xfs]
---------------------------
-----------start-----------
## ssd:xfs:DATA:W:AS_4K:SS_4K:TS_1G:PTS_0:NAME_A_4KB:1:bufferedio
[bench_name]:[A_4KB]
# ncpu secs works works/sec
1 0.733772 262144.000000 357255.387232
[ncpu]:[1],[ops]:[357255.387232],
[media]:[ssd],[fs]:[xfs]
---------------------------
-----------start-----------
## ssd:xfs:DATA:W:AS_16K:SS_16K:TS_1G:PTS_0:NAME_A_16KB:1:bufferedio
[bench_name]:[A_16KB]
# ncpu secs works works/sec
1 0.547072 65536.000000 119794.103884
[ncpu]:[1],[ops]:[119794.103884],
[media]:[ssd],[fs]:[xfs]
---------------------------
-----------start-----------
## ssd:xfs:DATA:W:AS_64K:SS_64K:TS_1G:PTS_0:NAME_A_64KB:1:bufferedio
[bench_name]:[A_64KB]
# ncpu secs works works/sec
1 0.506274 16384.000000 32361.922595
[ncpu]:[1],[ops]:[32361.922595],
[media]:[ssd],[fs]:[xfs]
---------------------------
-----------start-----------
## ssd:xfs:DATA:W:AS_1M:SS_1M:TS_1G:PTS_0:NAME_A_1MB:1:bufferedio
[bench_name]:[A_1MB]
# ncpu secs works works/sec
1 0.489708 1024.000000 2091.042009
[ncpu]:[1],[ops]:[2091.042009],
[media]:[ssd],[fs]:[xfs]
---------------------------
-----------start-----------
## ssd:xfs:DATA:W:AS_100:SS_100:TS_1G:PAS_32K:PSS_32K:PTS_1G:NAME_O_100B:1:bufferedio
[bench_name]:[O_100B]
# ncpu secs works works/sec
1 10.504042 10737418.000000 1022217.732945
[ncpu]:[1],[ops]:[1022217.732945],
[media]:[ssd],[fs]:[xfs]
---------------------------
-----------start-----------
## ssd:xfs:DATA:W:AS_1K:SS_1K:TS_1G:PAS_32K:PSS_32K:PTS_1G:NAME_O_1KB:1:bufferedio
[bench_name]:[O_1KB]
# ncpu secs works works/sec
1 1.318117 1048576.000000 795510.565451
[ncpu]:[1],[ops]:[795510.565451],
[media]:[ssd],[fs]:[xfs]
---------------------------
-----------start-----------
## ssd:xfs:DATA:W:AS_2K:SS_2K:TS_1G:PAS_32K:PSS_32K:PTS_1G:NAME_O_2KB:1:bufferedio
[bench_name]:[O_2KB]
# ncpu secs works works/sec
1 0.780685 524288.000000 671574.322550
[ncpu]:[1],[ops]:[671574.322550],
[media]:[ssd],[fs]:[xfs]
---------------------------
### NUM_TEST_CONF  = 10
### SYSTEM         = Linux p2cache 5.4.225 #9 SMP Sun May 7 21:08:00 UTC 2023 x86_64 x86_64 x86_64 GNU/Linux
### DISK_SIZE      = 128G
### DURATION       = 30s
### DIRECTIO       = bufferedio,directio
### MEDIA_TYPES    = mem,pmem,ssd
### FS_TYPES       = tmpfs,p2cache,nova,ext4_dax,xfs_dax,ext4,xfs,ext4_dj
### BENCH_TYPES    = DATA:W:AS_100:SS_100:TS_1G:PTS_0:NAME_A_100B,DATA:W:AS_1K:SS_1K:TS_1G:PTS_0:NAME_A_1KB,DATA:W:AS_2K:SS_2K:TS_1G:PTS_0:NAME_A_2KB,DATA:W:AS_4K:SS_4K:TS_1G:PTS_0:NAME_A_4KB,DATA:W:AS_16K:SS_16K:TS_1G:PTS_0:NAME_A_16KB,DATA:W:AS_64K:SS_64K:TS_1G:PTS_0:NAME_A_64KB,DATA:W:AS_1M:SS_1M:TS_1G:PTS_0:NAME_A_1MB,DATA:W:AS_100:SS_100:TS_1G:PAS_32K:PSS_32K:PTS_1G:NAME_O_100B,DATA:W:AS_1K:SS_1K:TS_1G:PAS_32K:PSS_32K:PTS_1G:NAME_O_1KB,DATA:W:AS_2K:SS_2K:TS_1G:PAS_32K:PSS_32K:PTS_1G:NAME_O_2KB
### NCORES         = 1,2,4,6,8,10,12
### CORE_SEQ       = 0,1,2,3,4,5,6,7,8,9,10,11,12,13,14,15,16,17,18,19,20,21,22,23


### MODEL_NAME     = Intel(R) Xeon(R) Gold 5317 CPU @ 3.00GHz
### PHYSICAL_CHIPS = 2
### CORE_PER_CHIP  = 12
### SMT_LEVEL      = 1


-----------start-----------
## pmem:ext4_dax:DATA:W:AS_100:SS_100:TS_1G:PTS_0:NAME_A_100B:1:bufferedio
[bench_name]:[A_100B]
# ncpu secs works works/sec
1 30.000006 8771594.000000 292386.408189
[ncpu]:[1],[ops]:[292386.408189],
[media]:[pmem],[fs]:[ext4_dax]
---------------------------
-----------start-----------
## pmem:ext4_dax:DATA:W:AS_1K:SS_1K:TS_1G:PTS_0:NAME_A_1KB:1:bufferedio
[bench_name]:[A_1KB]
# ncpu secs works works/sec
1 6.910128 1048576.000000 151744.801254
[ncpu]:[1],[ops]:[151744.801254],
[media]:[pmem],[fs]:[ext4_dax]
---------------------------
-----------start-----------
## pmem:ext4_dax:DATA:W:AS_2K:SS_2K:TS_1G:PTS_0:NAME_A_2KB:1:bufferedio
[bench_name]:[A_2KB]
# ncpu secs works works/sec
1 4.883447 524288.000000 107360.231410
[ncpu]:[1],[ops]:[107360.231410],
[media]:[pmem],[fs]:[ext4_dax]
---------------------------
-----------start-----------
## pmem:ext4_dax:DATA:W:AS_4K:SS_4K:TS_1G:PTS_0:NAME_A_4KB:1:bufferedio
[bench_name]:[A_4KB]
# ncpu secs works works/sec
1 4.330667 262144.000000 60532.015045
[ncpu]:[1],[ops]:[60532.015045],
[media]:[pmem],[fs]:[ext4_dax]
---------------------------
-----------start-----------
## pmem:ext4_dax:DATA:W:AS_16K:SS_16K:TS_1G:PTS_0:NAME_A_16KB:1:bufferedio
[bench_name]:[A_16KB]
# ncpu secs works works/sec
1 1.208233 65536.000000 54241.193545
[ncpu]:[1],[ops]:[54241.193545],
[media]:[pmem],[fs]:[ext4_dax]
---------------------------
-----------start-----------
## pmem:ext4_dax:DATA:W:AS_64K:SS_64K:TS_1G:PTS_0:NAME_A_64KB:1:bufferedio
[bench_name]:[A_64KB]
# ncpu secs works works/sec
1 0.426382 16384.000000 38425.637105
[ncpu]:[1],[ops]:[38425.637105],
[media]:[pmem],[fs]:[ext4_dax]
---------------------------
-----------start-----------
## pmem:ext4_dax:DATA:W:AS_1M:SS_1M:TS_1G:PTS_0:NAME_A_1MB:1:bufferedio
[bench_name]:[A_1MB]
# ncpu secs works works/sec
1 0.136864 1024.000000 7481.879822
[ncpu]:[1],[ops]:[7481.879822],
[media]:[pmem],[fs]:[ext4_dax]
---------------------------
-----------start-----------
## pmem:ext4_dax:DATA:W:AS_100:SS_100:TS_1G:PAS_32K:PSS_32K:PTS_1G:NAME_O_100B:1:bufferedio
[bench_name]:[O_100B]
# ncpu secs works works/sec
1 23.521903 10737418.000000 456485.939934
[ncpu]:[1],[ops]:[456485.939934],
[media]:[pmem],[fs]:[ext4_dax]
---------------------------
-----------start-----------
## pmem:ext4_dax:DATA:W:AS_1K:SS_1K:TS_1G:PAS_32K:PSS_32K:PTS_1G:NAME_O_1KB:1:bufferedio
[bench_name]:[O_1KB]
# ncpu secs works works/sec
1 2.747659 1048576.000000 381625.230787
[ncpu]:[1],[ops]:[381625.230787],
[media]:[pmem],[fs]:[ext4_dax]
---------------------------
-----------start-----------
## pmem:ext4_dax:DATA:W:AS_2K:SS_2K:TS_1G:PAS_32K:PSS_32K:PTS_1G:NAME_O_2KB:1:bufferedio
[bench_name]:[O_2KB]
# ncpu secs works works/sec
1 1.433935 524288.000000 365628.846496
[ncpu]:[1],[ops]:[365628.846496],
[media]:[pmem],[fs]:[ext4_dax]
---------------------------
### NUM_TEST_CONF  = 10
### SYSTEM         = Linux p2cache 5.4.225 #9 SMP Sun May 7 21:08:00 UTC 2023 x86_64 x86_64 x86_64 GNU/Linux
### DISK_SIZE      = 128G
### DURATION       = 30s
### DIRECTIO       = bufferedio,directio
### MEDIA_TYPES    = mem,pmem,ssd
### FS_TYPES       = tmpfs,p2cache,nova,ext4_dax,xfs_dax,ext4,xfs,ext4_dj
### BENCH_TYPES    = DATA:W:AS_100:SS_100:TS_1G:PTS_0:NAME_A_100B,DATA:W:AS_1K:SS_1K:TS_1G:PTS_0:NAME_A_1KB,DATA:W:AS_2K:SS_2K:TS_1G:PTS_0:NAME_A_2KB,DATA:W:AS_4K:SS_4K:TS_1G:PTS_0:NAME_A_4KB,DATA:W:AS_16K:SS_16K:TS_1G:PTS_0:NAME_A_16KB,DATA:W:AS_64K:SS_64K:TS_1G:PTS_0:NAME_A_64KB,DATA:W:AS_1M:SS_1M:TS_1G:PTS_0:NAME_A_1MB,DATA:W:AS_100:SS_100:TS_1G:PAS_32K:PSS_32K:PTS_1G:NAME_O_100B,DATA:W:AS_1K:SS_1K:TS_1G:PAS_32K:PSS_32K:PTS_1G:NAME_O_1KB,DATA:W:AS_2K:SS_2K:TS_1G:PAS_32K:PSS_32K:PTS_1G:NAME_O_2KB
### NCORES         = 1,2,4,6,8,10,12
### CORE_SEQ       = 0,1,2,3,4,5,6,7,8,9,10,11,12,13,14,15,16,17,18,19,20,21,22,23


### MODEL_NAME     = Intel(R) Xeon(R) Gold 5317 CPU @ 3.00GHz
### PHYSICAL_CHIPS = 2
### CORE_PER_CHIP  = 12
### SMT_LEVEL      = 1


-----------start-----------
## pmem:xfs_dax:DATA:W:AS_100:SS_100:TS_1G:PTS_0:NAME_A_100B:1:bufferedio
[bench_name]:[A_100B]
# ncpu secs works works/sec
1 25.568442 10737418.000000 419948.075053
[ncpu]:[1],[ops]:[419948.075053],
[media]:[pmem],[fs]:[xfs_dax]
---------------------------
-----------start-----------
## pmem:xfs_dax:DATA:W:AS_1K:SS_1K:TS_1G:PTS_0:NAME_A_1KB:1:bufferedio
[bench_name]:[A_1KB]
# ncpu secs works works/sec
1 4.677210 1048576.000000 224188.351603
[ncpu]:[1],[ops]:[224188.351603],
[media]:[pmem],[fs]:[xfs_dax]
---------------------------
-----------start-----------
## pmem:xfs_dax:DATA:W:AS_2K:SS_2K:TS_1G:PTS_0:NAME_A_2KB:1:bufferedio
[bench_name]:[A_2KB]
# ncpu secs works works/sec
1 3.646479 524288.000000 143779.245678
[ncpu]:[1],[ops]:[143779.245678],
[media]:[pmem],[fs]:[xfs_dax]
---------------------------
-----------start-----------
## pmem:xfs_dax:DATA:W:AS_4K:SS_4K:TS_1G:PTS_0:NAME_A_4KB:1:bufferedio
[bench_name]:[A_4KB]
# ncpu secs works works/sec
1 3.083321 262144.000000 85020.015756
[ncpu]:[1],[ops]:[85020.015756],
[media]:[pmem],[fs]:[xfs_dax]
---------------------------
-----------start-----------
## pmem:xfs_dax:DATA:W:AS_16K:SS_16K:TS_1G:PTS_0:NAME_A_16KB:1:bufferedio
[bench_name]:[A_16KB]
# ncpu secs works works/sec
1 0.895586 65536.000000 73176.668684
[ncpu]:[1],[ops]:[73176.668684],
[media]:[pmem],[fs]:[xfs_dax]
---------------------------
-----------start-----------
## pmem:xfs_dax:DATA:W:AS_64K:SS_64K:TS_1G:PTS_0:NAME_A_64KB:1:bufferedio
[bench_name]:[A_64KB]
# ncpu secs works works/sec
1 0.349570 16384.000000 46869.010499
[ncpu]:[1],[ops]:[46869.010499],
[media]:[pmem],[fs]:[xfs_dax]
---------------------------
-----------start-----------
## pmem:xfs_dax:DATA:W:AS_1M:SS_1M:TS_1G:PTS_0:NAME_A_1MB:1:bufferedio
[bench_name]:[A_1MB]
# ncpu secs works works/sec
1 0.132408 1024.000000 7733.671681
[ncpu]:[1],[ops]:[7733.671681],
[media]:[pmem],[fs]:[xfs_dax]
---------------------------
-----------start-----------
## pmem:xfs_dax:DATA:W:AS_100:SS_100:TS_1G:PAS_32K:PSS_32K:PTS_1G:NAME_O_100B:1:bufferedio
[bench_name]:[O_100B]
# ncpu secs works works/sec
1 13.529992 10737418.000000 793601.208338
[ncpu]:[1],[ops]:[793601.208338],
[media]:[pmem],[fs]:[xfs_dax]
---------------------------
-----------start-----------
## pmem:xfs_dax:DATA:W:AS_1K:SS_1K:TS_1G:PAS_32K:PSS_32K:PTS_1G:NAME_O_1KB:1:bufferedio
[bench_name]:[O_1KB]
# ncpu secs works works/sec
1 1.483541 1048576.000000 706806.215669
[ncpu]:[1],[ops]:[706806.215669],
[media]:[pmem],[fs]:[xfs_dax]
---------------------------
-----------start-----------
## pmem:xfs_dax:DATA:W:AS_2K:SS_2K:TS_1G:PAS_32K:PSS_32K:PTS_1G:NAME_O_2KB:1:bufferedio
[bench_name]:[O_2KB]
# ncpu secs works works/sec
1 0.788084 524288.000000 665269.184503
[ncpu]:[1],[ops]:[665269.184503],
[media]:[pmem],[fs]:[xfs_dax]
---------------------------
### NUM_TEST_CONF  = 10
### SYSTEM         = Linux p2cache 5.4.225 #9 SMP Sun May 7 21:08:00 UTC 2023 x86_64 x86_64 x86_64 GNU/Linux
### DISK_SIZE      = 128G
### DURATION       = 30s
### DIRECTIO       = bufferedio,directio
### MEDIA_TYPES    = mem,pmem,ssd
### FS_TYPES       = tmpfs,p2cache,nova,ext4_dax,xfs_dax,ext4,xfs,ext4_dj
### BENCH_TYPES    = DATA:W:AS_100:SS_100:TS_1G:PTS_0:NAME_A_100B,DATA:W:AS_1K:SS_1K:TS_1G:PTS_0:NAME_A_1KB,DATA:W:AS_2K:SS_2K:TS_1G:PTS_0:NAME_A_2KB,DATA:W:AS_4K:SS_4K:TS_1G:PTS_0:NAME_A_4KB,DATA:W:AS_16K:SS_16K:TS_1G:PTS_0:NAME_A_16KB,DATA:W:AS_64K:SS_64K:TS_1G:PTS_0:NAME_A_64KB,DATA:W:AS_1M:SS_1M:TS_1G:PTS_0:NAME_A_1MB,DATA:W:AS_100:SS_100:TS_1G:PAS_32K:PSS_32K:PTS_1G:NAME_O_100B,DATA:W:AS_1K:SS_1K:TS_1G:PAS_32K:PSS_32K:PTS_1G:NAME_O_1KB,DATA:W:AS_2K:SS_2K:TS_1G:PAS_32K:PSS_32K:PTS_1G:NAME_O_2KB
### NCORES         = 1,2,4,6,8,10,12
### CORE_SEQ       = 0,1,2,3,4,5,6,7,8,9,10,11,12,13,14,15,16,17,18,19,20,21,22,23


### MODEL_NAME     = Intel(R) Xeon(R) Gold 5317 CPU @ 3.00GHz
### PHYSICAL_CHIPS = 2
### CORE_PER_CHIP  = 12
### SMT_LEVEL      = 1


-----------start-----------
## pmem:nova:DATA:W:AS_100:SS_100:TS_1G:PTS_0:NAME_A_100B:1:bufferedio
[bench_name]:[A_100B]
# ncpu secs works works/sec
1 29.401344 10737418.000000 365201.604389
[ncpu]:[1],[ops]:[365201.604389],
[media]:[pmem],[fs]:[nova]
---------------------------
-----------start-----------
## pmem:nova:DATA:W:AS_1K:SS_1K:TS_1G:PTS_0:NAME_A_1KB:1:bufferedio
[bench_name]:[A_1KB]
# ncpu secs works works/sec
1 3.855003 1048576.000000 272003.938778
[ncpu]:[1],[ops]:[272003.938778],
[media]:[pmem],[fs]:[nova]
---------------------------
-----------start-----------
## pmem:nova:DATA:W:AS_2K:SS_2K:TS_1G:PTS_0:NAME_A_2KB:1:bufferedio
[bench_name]:[A_2KB]
# ncpu secs works works/sec
1 1.975941 524288.000000 265335.857700
[ncpu]:[1],[ops]:[265335.857700],
[media]:[pmem],[fs]:[nova]
---------------------------
-----------start-----------
## pmem:nova:DATA:W:AS_4K:SS_4K:TS_1G:PTS_0:NAME_A_4KB:1:bufferedio
[bench_name]:[A_4KB]
# ncpu secs works works/sec
1 0.740391 262144.000000 354061.570170
[ncpu]:[1],[ops]:[354061.570170],
[media]:[pmem],[fs]:[nova]
---------------------------
-----------start-----------
## pmem:nova:DATA:W:AS_16K:SS_16K:TS_1G:PTS_0:NAME_A_16KB:1:bufferedio
[bench_name]:[A_16KB]
# ncpu secs works works/sec
1 0.249352 65536.000000 262825.243030
[ncpu]:[1],[ops]:[262825.243030],
[media]:[pmem],[fs]:[nova]
---------------------------
-----------start-----------
## pmem:nova:DATA:W:AS_64K:SS_64K:TS_1G:PTS_0:NAME_A_64KB:1:bufferedio
[bench_name]:[A_64KB]
# ncpu secs works works/sec
1 0.131445 16384.000000 124645.288904
[ncpu]:[1],[ops]:[124645.288904],
[media]:[pmem],[fs]:[nova]
---------------------------
-----------start-----------
## pmem:nova:DATA:W:AS_1M:SS_1M:TS_1G:PTS_0:NAME_A_1MB:1:bufferedio
[bench_name]:[A_1MB]
# ncpu secs works works/sec
1 0.075448 1024.000000 13572.261690
[ncpu]:[1],[ops]:[13572.261690],
[media]:[pmem],[fs]:[nova]
---------------------------
-----------start-----------
## pmem:nova:DATA:W:AS_100:SS_100:TS_1G:PAS_32K:PSS_32K:PTS_1G:NAME_O_100B:1:bufferedio
[bench_name]:[O_100B]
# ncpu secs works works/sec
1 29.041755 10737418.000000 369723.455074
[ncpu]:[1],[ops]:[369723.455074],
[media]:[pmem],[fs]:[nova]
---------------------------
-----------start-----------
## pmem:nova:DATA:W:AS_1K:SS_1K:TS_1G:PAS_32K:PSS_32K:PTS_1G:NAME_O_1KB:1:bufferedio
[bench_name]:[O_1KB]
# ncpu secs works works/sec
1 3.901348 1048576.000000 268772.742139
[ncpu]:[1],[ops]:[268772.742139],
[media]:[pmem],[fs]:[nova]
---------------------------
-----------start-----------
## pmem:nova:DATA:W:AS_2K:SS_2K:TS_1G:PAS_32K:PSS_32K:PTS_1G:NAME_O_2KB:1:bufferedio
[bench_name]:[O_2KB]
# ncpu secs works works/sec
1 2.286288 524288.000000 229318.441071
[ncpu]:[1],[ops]:[229318.441071],
[media]:[pmem],[fs]:[nova]
---------------------------
### NUM_TEST_CONF  = 10
### SYSTEM         = Linux p2cache 5.4.225 #9 SMP Sun May 7 21:08:00 UTC 2023 x86_64 x86_64 x86_64 GNU/Linux
### DISK_SIZE      = 128G
### DURATION       = 30s
### DIRECTIO       = bufferedio,directio
### MEDIA_TYPES    = mem,pmem,ssd
### FS_TYPES       = tmpfs,p2cache,nova,ext4_dax,xfs_dax,ext4,xfs,ext4_dj
### BENCH_TYPES    = DATA:W:AS_100:SS_100:TS_1G:PTS_0:NAME_A_100B,DATA:W:AS_1K:SS_1K:TS_1G:PTS_0:NAME_A_1KB,DATA:W:AS_2K:SS_2K:TS_1G:PTS_0:NAME_A_2KB,DATA:W:AS_4K:SS_4K:TS_1G:PTS_0:NAME_A_4KB,DATA:W:AS_16K:SS_16K:TS_1G:PTS_0:NAME_A_16KB,DATA:W:AS_64K:SS_64K:TS_1G:PTS_0:NAME_A_64KB,DATA:W:AS_1M:SS_1M:TS_1G:PTS_0:NAME_A_1MB,DATA:W:AS_100:SS_100:TS_1G:PAS_32K:PSS_32K:PTS_1G:NAME_O_100B,DATA:W:AS_1K:SS_1K:TS_1G:PAS_32K:PSS_32K:PTS_1G:NAME_O_1KB,DATA:W:AS_2K:SS_2K:TS_1G:PAS_32K:PSS_32K:PTS_1G:NAME_O_2KB
### NCORES         = 1,2,4,6,8,10,12
### CORE_SEQ       = 0,1,2,3,4,5,6,7,8,9,10,11,12,13,14,15,16,17,18,19,20,21,22,23


### MODEL_NAME     = Intel(R) Xeon(R) Gold 5317 CPU @ 3.00GHz
### PHYSICAL_CHIPS = 2
### CORE_PER_CHIP  = 12
### SMT_LEVEL      = 1


-----------start-----------
## pmem:p2cache:DATA:W:AS_100:SS_100:TS_1G:PTS_0:NAME_A_100B:1:bufferedio
[bench_name]:[A_100B]
# ncpu secs works works/sec
1 8.272432 10737418.000000 1297975.976110
[ncpu]:[1],[ops]:[1297975.976110],
[media]:[pmem],[fs]:[p2cache]
---------------------------
-----------start-----------
## pmem:p2cache:DATA:W:AS_1K:SS_1K:TS_1G:PTS_0:NAME_A_1KB:1:bufferedio
[bench_name]:[A_1KB]
# ncpu secs works works/sec
1 1.005319 1048576.000000 1043028.133359
[ncpu]:[1],[ops]:[1043028.133359],
[media]:[pmem],[fs]:[p2cache]
---------------------------
-----------start-----------
## pmem:p2cache:DATA:W:AS_2K:SS_2K:TS_1G:PTS_0:NAME_A_2KB:1:bufferedio
[bench_name]:[A_2KB]
# ncpu secs works works/sec
1 0.626490 524288.000000 836865.712142
[ncpu]:[1],[ops]:[836865.712142],
[media]:[pmem],[fs]:[p2cache]
---------------------------
-----------start-----------
## pmem:p2cache:DATA:W:AS_4K:SS_4K:TS_1G:PTS_0:NAME_A_4KB:1:bufferedio
[bench_name]:[A_4KB]
# ncpu secs works works/sec
1 0.351590 262144.000000 745595.722290
[ncpu]:[1],[ops]:[745595.722290],
[media]:[pmem],[fs]:[p2cache]
---------------------------
-----------start-----------
## pmem:p2cache:DATA:W:AS_16K:SS_16K:TS_1G:PTS_0:NAME_A_16KB:1:bufferedio
[bench_name]:[A_16KB]
# ncpu secs works works/sec
1 0.170985 65536.000000 383285.083487
[ncpu]:[1],[ops]:[383285.083487],
[media]:[pmem],[fs]:[p2cache]
---------------------------
-----------start-----------
## pmem:p2cache:DATA:W:AS_64K:SS_64K:TS_1G:PTS_0:NAME_A_64KB:1:bufferedio
[bench_name]:[A_64KB]
# ncpu secs works works/sec
1 0.126543 16384.000000 129473.775713
[ncpu]:[1],[ops]:[129473.775713],
[media]:[pmem],[fs]:[p2cache]
---------------------------
-----------start-----------
## pmem:p2cache:DATA:W:AS_1M:SS_1M:TS_1G:PTS_0:NAME_A_1MB:1:bufferedio
[bench_name]:[A_1MB]
# ncpu secs works works/sec
1 0.118198 1024.000000 8663.429161
[ncpu]:[1],[ops]:[8663.429161],
[media]:[pmem],[fs]:[p2cache]
---------------------------
-----------start-----------
## pmem:p2cache:DATA:W:AS_100:SS_100:TS_1G:PAS_32K:PSS_32K:PTS_1G:NAME_O_100B:1:bufferedio
[bench_name]:[O_100B]
# ncpu secs works works/sec
1 7.677424 10737418.000000 1398570.405907
[ncpu]:[1],[ops]:[1398570.405907],
[media]:[pmem],[fs]:[p2cache]
---------------------------
-----------start-----------
## pmem:p2cache:DATA:W:AS_1K:SS_1K:TS_1G:PAS_32K:PSS_32K:PTS_1G:NAME_O_1KB:1:bufferedio
[bench_name]:[O_1KB]
# ncpu secs works works/sec
1 1.123701 1048576.000000 933145.027013
[ncpu]:[1],[ops]:[933145.027013],
[media]:[pmem],[fs]:[p2cache]
---------------------------
-----------start-----------
## pmem:p2cache:DATA:W:AS_2K:SS_2K:TS_1G:PAS_32K:PSS_32K:PTS_1G:NAME_O_2KB:1:bufferedio
[bench_name]:[O_2KB]
# ncpu secs works works/sec
1 0.438935 524288.000000 1194454.759816
[ncpu]:[1],[ops]:[1194454.759816],
[media]:[pmem],[fs]:[p2cache]
---------------------------
### NUM_TEST_CONF  = 10
