### SYSTEM         = Linux p2cache 5.4.225 #9 SMP Sun May 7 21:08:00 UTC 2023 x86_64 x86_64 x86_64 GNU/Linux
### DISK_SIZE      = 128G
### DURATION       = 30s
### DIRECTIO       = bufferedio,directio
### MEDIA_TYPES    = mem,pmem,ssd
### FS_TYPES       = tmpfs,p2cache,nova,ext4_dax,xfs_dax,ext4,xfs,ext4_dj
### BENCH_TYPES    = META:CREATE:SYNC:AM_100000:NAME_CREATE,META:MKDIR:SYNC:AM_100000:NAME_MKDIR,META:UNLINK:SYNC:AM_100000:NAME_UNLINK,META:RMDIR:SYNC:AM_100000:NAME_RMDIR,META:LINK:SYNC:AM_100000:NAME_LINK,META:RENAME:SYNC:AM_100000:NAME_RENAME
### NCORES         = 1,2,4,6,8,10,12
### CORE_SEQ       = 0,1,2,3,4,5,6,7,8,9,10,11,12,13,14,15,16,17,18,19,20,21,22,23


### MODEL_NAME     = Intel(R) Xeon(R) Gold 5317 CPU @ 3.00GHz
### PHYSICAL_CHIPS = 2
### CORE_PER_CHIP  = 12
### SMT_LEVEL      = 1


-----------start-----------
## mem:tmpfs:META:CREATE:SYNC:AM_100000:NAME_CREATE:1:bufferedio
[bench_name]:[CREATE]
# ncpu secs works works/sec
1 1.075717 100000.000000 92961.252820
[ncpu]:[1],[ops]:[92961.252820],
[media]:[mem],[fs]:[tmpfs]
---------------------------
-----------start-----------
## mem:tmpfs:META:MKDIR:SYNC:AM_100000:NAME_MKDIR:1:bufferedio
[bench_name]:[MKDIR]
# ncpu secs works works/sec
1 1.083091 100000.000000 92328.345448
[ncpu]:[1],[ops]:[92328.345448],
[media]:[mem],[fs]:[tmpfs]
---------------------------
-----------start-----------
## mem:tmpfs:META:UNLINK:SYNC:AM_100000:NAME_UNLINK:1:bufferedio
[bench_name]:[UNLINK]
# ncpu secs works works/sec
1 0.441232 100000.000000 226638.140479
[ncpu]:[1],[ops]:[226638.140479],
[media]:[mem],[fs]:[tmpfs]
---------------------------
-----------start-----------
## mem:tmpfs:META:RMDIR:SYNC:AM_100000:NAME_RMDIR:1:bufferedio
[bench_name]:[RMDIR]
# ncpu secs works works/sec
1 0.750503 100000.000000 133243.971043
[ncpu]:[1],[ops]:[133243.971043],
[media]:[mem],[fs]:[tmpfs]
---------------------------
-----------start-----------
## mem:tmpfs:META:LINK:SYNC:AM_100000:NAME_LINK:1:bufferedio
[bench_name]:[LINK]
# ncpu secs works works/sec
1 0.974970 100000.000000 102567.258480
[ncpu]:[1],[ops]:[102567.258480],
[media]:[mem],[fs]:[tmpfs]
---------------------------
-----------start-----------
## mem:tmpfs:META:RENAME:SYNC:AM_100000:NAME_RENAME:1:bufferedio
[bench_name]:[RENAME]
# ncpu secs works works/sec
1 1.243820 100000.000000 80397.485167
[ncpu]:[1],[ops]:[80397.485167],
[media]:[mem],[fs]:[tmpfs]
---------------------------
### NUM_TEST_CONF  = 6
### SYSTEM         = Linux p2cache 5.4.225 #9 SMP Sun May 7 21:08:00 UTC 2023 x86_64 x86_64 x86_64 GNU/Linux
### DISK_SIZE      = 128G
### DURATION       = 30s
### DIRECTIO       = bufferedio,directio
### MEDIA_TYPES    = mem,pmem,ssd
### FS_TYPES       = tmpfs,p2cache,nova,ext4_dax,xfs_dax,ext4,xfs,ext4_dj
### BENCH_TYPES    = META:CREATE:SYNC:AM_100000:NAME_CREATE,META:MKDIR:SYNC:AM_100000:NAME_MKDIR,META:UNLINK:SYNC:AM_100000:NAME_UNLINK,META:RMDIR:SYNC:AM_100000:NAME_RMDIR,META:LINK:SYNC:AM_100000:NAME_LINK,META:RENAME:SYNC:AM_100000:NAME_RENAME
### NCORES         = 1,2,4,6,8,10,12
### CORE_SEQ       = 0,1,2,3,4,5,6,7,8,9,10,11,12,13,14,15,16,17,18,19,20,21,22,23


### MODEL_NAME     = Intel(R) Xeon(R) Gold 5317 CPU @ 3.00GHz
### PHYSICAL_CHIPS = 2
### CORE_PER_CHIP  = 12
### SMT_LEVEL      = 1


-----------start-----------
## ssd:ext4:META:CREATE:SYNC:AM_100000:NAME_CREATE:1:bufferedio
[bench_name]:[CREATE]
# ncpu secs works works/sec
1 30.000109 6129.000000 204.299258
[ncpu]:[1],[ops]:[204.299258],
[media]:[ssd],[fs]:[ext4]
---------------------------
-----------start-----------
## ssd:ext4:META:MKDIR:SYNC:AM_100000:NAME_MKDIR:1:bufferedio
[bench_name]:[MKDIR]
# ncpu secs works works/sec
1 30.002938 5900.000000 196.647408
[ncpu]:[1],[ops]:[196.647408],
[media]:[ssd],[fs]:[ext4]
---------------------------
-----------start-----------
## ssd:ext4:META:UNLINK:SYNC:AM_100000:NAME_UNLINK:1:bufferedio
[bench_name]:[UNLINK]
# ncpu secs works works/sec
1 1.046010 100000.000000 95601.380484
[ncpu]:[1],[ops]:[95601.380484],
[media]:[ssd],[fs]:[ext4]
---------------------------
-----------start-----------
## ssd:ext4:META:RMDIR:SYNC:AM_100000:NAME_RMDIR:1:bufferedio
[bench_name]:[RMDIR]
# ncpu secs works works/sec
1 2.683908 100000.000000 37259.101281
[ncpu]:[1],[ops]:[37259.101281],
[media]:[ssd],[fs]:[ext4]
---------------------------
-----------start-----------
## ssd:ext4:META:LINK:SYNC:AM_100000:NAME_LINK:1:bufferedio
[bench_name]:[LINK]
# ncpu secs works works/sec
1 30.002692 6303.000000 210.081149
[ncpu]:[1],[ops]:[210.081149],
[media]:[ssd],[fs]:[ext4]
---------------------------
-----------start-----------
## ssd:ext4:META:RENAME:SYNC:AM_100000:NAME_RENAME:1:bufferedio
[bench_name]:[RENAME]
# ncpu secs works works/sec
1 30.001386 6293.000000 209.756976
[ncpu]:[1],[ops]:[209.756976],
[media]:[ssd],[fs]:[ext4]
---------------------------
### NUM_TEST_CONF  = 6
### SYSTEM         = Linux p2cache 5.4.225 #9 SMP Sun May 7 21:08:00 UTC 2023 x86_64 x86_64 x86_64 GNU/Linux
### DISK_SIZE      = 128G
### DURATION       = 30s
### DIRECTIO       = bufferedio,directio
### MEDIA_TYPES    = mem,pmem,ssd
### FS_TYPES       = tmpfs,p2cache,nova,ext4_dax,xfs_dax,ext4,xfs,ext4_dj
### BENCH_TYPES    = META:CREATE:SYNC:AM_100000:NAME_CREATE,META:MKDIR:SYNC:AM_100000:NAME_MKDIR,META:UNLINK:SYNC:AM_100000:NAME_UNLINK,META:RMDIR:SYNC:AM_100000:NAME_RMDIR,META:LINK:SYNC:AM_100000:NAME_LINK,META:RENAME:SYNC:AM_100000:NAME_RENAME
### NCORES         = 1,2,4,6,8,10,12
### CORE_SEQ       = 0,1,2,3,4,5,6,7,8,9,10,11,12,13,14,15,16,17,18,19,20,21,22,23


### MODEL_NAME     = Intel(R) Xeon(R) Gold 5317 CPU @ 3.00GHz
### PHYSICAL_CHIPS = 2
### CORE_PER_CHIP  = 12
### SMT_LEVEL      = 1


-----------start-----------
## ssd:ext4_dj:META:CREATE:SYNC:AM_100000:NAME_CREATE:1:bufferedio
[bench_name]:[CREATE]
# ncpu secs works works/sec
1 30.003082 6273.000000 209.078521
[ncpu]:[1],[ops]:[209.078521],
[media]:[ssd],[fs]:[ext4_dj]
---------------------------
-----------start-----------
## ssd:ext4_dj:META:MKDIR:SYNC:AM_100000:NAME_MKDIR:1:bufferedio
[bench_name]:[MKDIR]
# ncpu secs works works/sec
1 30.000415 6085.000000 202.830528
[ncpu]:[1],[ops]:[202.830528],
[media]:[ssd],[fs]:[ext4_dj]
---------------------------
-----------start-----------
## ssd:ext4_dj:META:UNLINK:SYNC:AM_100000:NAME_UNLINK:1:bufferedio
[bench_name]:[UNLINK]
# ncpu secs works works/sec
1 1.053898 100000.000000 94885.842842
[ncpu]:[1],[ops]:[94885.842842],
[media]:[ssd],[fs]:[ext4_dj]
---------------------------
-----------start-----------
## ssd:ext4_dj:META:RMDIR:SYNC:AM_100000:NAME_RMDIR:1:bufferedio
[bench_name]:[RMDIR]
# ncpu secs works works/sec
1 2.674014 100000.000000 37396.962020
[ncpu]:[1],[ops]:[37396.962020],
[media]:[ssd],[fs]:[ext4_dj]
---------------------------
-----------start-----------
## ssd:ext4_dj:META:LINK:SYNC:AM_100000:NAME_LINK:1:bufferedio
[bench_name]:[LINK]
# ncpu secs works works/sec
1 30.003745 6224.000000 207.440771
[ncpu]:[1],[ops]:[207.440771],
[media]:[ssd],[fs]:[ext4_dj]
---------------------------
-----------start-----------
## ssd:ext4_dj:META:RENAME:SYNC:AM_100000:NAME_RENAME:1:bufferedio
[bench_name]:[RENAME]
# ncpu secs works works/sec
1 30.003084 6082.000000 202.712494
[ncpu]:[1],[ops]:[202.712494],
[media]:[ssd],[fs]:[ext4_dj]
---------------------------
### NUM_TEST_CONF  = 6
### SYSTEM         = Linux p2cache 5.4.225 #9 SMP Sun May 7 21:08:00 UTC 2023 x86_64 x86_64 x86_64 GNU/Linux
### DISK_SIZE      = 128G
### DURATION       = 30s
### DIRECTIO       = bufferedio,directio
### MEDIA_TYPES    = mem,pmem,ssd
### FS_TYPES       = tmpfs,p2cache,nova,ext4_dax,xfs_dax,ext4,xfs,ext4_dj
### BENCH_TYPES    = META:CREATE:SYNC:AM_100000:NAME_CREATE,META:MKDIR:SYNC:AM_100000:NAME_MKDIR,META:UNLINK:SYNC:AM_100000:NAME_UNLINK,META:RMDIR:SYNC:AM_100000:NAME_RMDIR,META:LINK:SYNC:AM_100000:NAME_LINK,META:RENAME:SYNC:AM_100000:NAME_RENAME
### NCORES         = 1,2,4,6,8,10,12
### CORE_SEQ       = 0,1,2,3,4,5,6,7,8,9,10,11,12,13,14,15,16,17,18,19,20,21,22,23


### MODEL_NAME     = Intel(R) Xeon(R) Gold 5317 CPU @ 3.00GHz
### PHYSICAL_CHIPS = 2
### CORE_PER_CHIP  = 12
### SMT_LEVEL      = 1


-----------start-----------
## ssd:xfs:META:CREATE:SYNC:AM_100000:NAME_CREATE:1:bufferedio
[bench_name]:[CREATE]
# ncpu secs works works/sec
1 30.000343 10121.000000 337.362809
[ncpu]:[1],[ops]:[337.362809],
[media]:[ssd],[fs]:[xfs]
---------------------------
-----------start-----------
## ssd:xfs:META:MKDIR:SYNC:AM_100000:NAME_MKDIR:1:bufferedio
[bench_name]:[MKDIR]
# ncpu secs works works/sec
1 30.000992 10216.000000 340.522073
[ncpu]:[1],[ops]:[340.522073],
[media]:[ssd],[fs]:[xfs]
---------------------------
-----------start-----------
## ssd:xfs:META:UNLINK:SYNC:AM_100000:NAME_UNLINK:1:bufferedio
[bench_name]:[UNLINK]
# ncpu secs works works/sec
1 1.461385 100000.000000 68428.237597
[ncpu]:[1],[ops]:[68428.237597],
[media]:[ssd],[fs]:[xfs]
---------------------------
-----------start-----------
## ssd:xfs:META:RMDIR:SYNC:AM_100000:NAME_RMDIR:1:bufferedio
[bench_name]:[RMDIR]
# ncpu secs works works/sec
1 2.127414 100000.000000 47005.425366
[ncpu]:[1],[ops]:[47005.425366],
[media]:[ssd],[fs]:[xfs]
---------------------------
-----------start-----------
## ssd:xfs:META:LINK:SYNC:AM_100000:NAME_LINK:1:bufferedio
[bench_name]:[LINK]
# ncpu secs works works/sec
1 30.001578 9920.000000 330.649275
[ncpu]:[1],[ops]:[330.649275],
[media]:[ssd],[fs]:[xfs]
---------------------------
-----------start-----------
## ssd:xfs:META:RENAME:SYNC:AM_100000:NAME_RENAME:1:bufferedio
[bench_name]:[RENAME]
# ncpu secs works works/sec
1 30.001649 9728.000000 324.248844
[ncpu]:[1],[ops]:[324.248844],
[media]:[ssd],[fs]:[xfs]
---------------------------
### NUM_TEST_CONF  = 6
### SYSTEM         = Linux p2cache 5.4.225 #9 SMP Sun May 7 21:08:00 UTC 2023 x86_64 x86_64 x86_64 GNU/Linux
### DISK_SIZE      = 128G
### DURATION       = 30s
### DIRECTIO       = bufferedio,directio
### MEDIA_TYPES    = mem,pmem,ssd
### FS_TYPES       = tmpfs,p2cache,nova,ext4_dax,xfs_dax,ext4,xfs,ext4_dj
### BENCH_TYPES    = META:CREATE:SYNC:AM_100000:NAME_CREATE,META:MKDIR:SYNC:AM_100000:NAME_MKDIR,META:UNLINK:SYNC:AM_100000:NAME_UNLINK,META:RMDIR:SYNC:AM_100000:NAME_RMDIR,META:LINK:SYNC:AM_100000:NAME_LINK,META:RENAME:SYNC:AM_100000:NAME_RENAME
### NCORES         = 1,2,4,6,8,10,12
### CORE_SEQ       = 0,1,2,3,4,5,6,7,8,9,10,11,12,13,14,15,16,17,18,19,20,21,22,23


### MODEL_NAME     = Intel(R) Xeon(R) Gold 5317 CPU @ 3.00GHz
### PHYSICAL_CHIPS = 2
### CORE_PER_CHIP  = 12
### SMT_LEVEL      = 1


-----------start-----------
## pmem:ext4_dax:META:CREATE:SYNC:AM_100000:NAME_CREATE:1:bufferedio
[bench_name]:[CREATE]
# ncpu secs works works/sec
1 30.000582 37157.000000 1238.542639
[ncpu]:[1],[ops]:[1238.542639],
[media]:[pmem],[fs]:[ext4_dax]
---------------------------
-----------start-----------
## pmem:ext4_dax:META:MKDIR:SYNC:AM_100000:NAME_MKDIR:1:bufferedio
[bench_name]:[MKDIR]
# ncpu secs works works/sec
1 30.000156 38007.000000 1266.893412
[ncpu]:[1],[ops]:[1266.893412],
[media]:[pmem],[fs]:[ext4_dax]
---------------------------
-----------start-----------
## pmem:ext4_dax:META:UNLINK:SYNC:AM_100000:NAME_UNLINK:1:bufferedio
[bench_name]:[UNLINK]
# ncpu secs works works/sec
1 1.177761 100000.000000 84906.869900
[ncpu]:[1],[ops]:[84906.869900],
[media]:[pmem],[fs]:[ext4_dax]
---------------------------
-----------start-----------
## pmem:ext4_dax:META:RMDIR:SYNC:AM_100000:NAME_RMDIR:1:bufferedio
[bench_name]:[RMDIR]
# ncpu secs works works/sec
1 2.670732 100000.000000 37442.918271
[ncpu]:[1],[ops]:[37442.918271],
[media]:[pmem],[fs]:[ext4_dax]
---------------------------
-----------start-----------
## pmem:ext4_dax:META:LINK:SYNC:AM_100000:NAME_LINK:1:bufferedio
[bench_name]:[LINK]
# ncpu secs works works/sec
1 8.983281 100000.000000 11131.790267
[ncpu]:[1],[ops]:[11131.790267],
[media]:[pmem],[fs]:[ext4_dax]
---------------------------
-----------start-----------
## pmem:ext4_dax:META:RENAME:SYNC:AM_100000:NAME_RENAME:1:bufferedio
[bench_name]:[RENAME]
# ncpu secs works works/sec
1 30.000126 86763.000000 2892.087853
[ncpu]:[1],[ops]:[2892.087853],
[media]:[pmem],[fs]:[ext4_dax]
---------------------------
### NUM_TEST_CONF  = 6
### SYSTEM         = Linux p2cache 5.4.225 #9 SMP Sun May 7 21:08:00 UTC 2023 x86_64 x86_64 x86_64 GNU/Linux
### DISK_SIZE      = 128G
### DURATION       = 30s
### DIRECTIO       = bufferedio,directio
### MEDIA_TYPES    = mem,pmem,ssd
### FS_TYPES       = tmpfs,p2cache,nova,ext4_dax,xfs_dax,ext4,xfs,ext4_dj
### BENCH_TYPES    = META:CREATE:SYNC:AM_100000:NAME_CREATE,META:MKDIR:SYNC:AM_100000:NAME_MKDIR,META:UNLINK:SYNC:AM_100000:NAME_UNLINK,META:RMDIR:SYNC:AM_100000:NAME_RMDIR,META:LINK:SYNC:AM_100000:NAME_LINK,META:RENAME:SYNC:AM_100000:NAME_RENAME
### NCORES         = 1,2,4,6,8,10,12
### CORE_SEQ       = 0,1,2,3,4,5,6,7,8,9,10,11,12,13,14,15,16,17,18,19,20,21,22,23


### MODEL_NAME     = Intel(R) Xeon(R) Gold 5317 CPU @ 3.00GHz
### PHYSICAL_CHIPS = 2
### CORE_PER_CHIP  = 12
### SMT_LEVEL      = 1


-----------start-----------
## pmem:xfs_dax:META:CREATE:SYNC:AM_100000:NAME_CREATE:1:bufferedio
[bench_name]:[CREATE]
# ncpu secs works works/sec
1 8.791997 100000.000000 11373.980223
[ncpu]:[1],[ops]:[11373.980223],
[media]:[pmem],[fs]:[xfs_dax]
---------------------------
-----------start-----------
## pmem:xfs_dax:META:MKDIR:SYNC:AM_100000:NAME_MKDIR:1:bufferedio
[bench_name]:[MKDIR]
# ncpu secs works works/sec
1 9.302836 100000.000000 10749.410180
[ncpu]:[1],[ops]:[10749.410180],
[media]:[pmem],[fs]:[xfs_dax]
---------------------------
-----------start-----------
## pmem:xfs_dax:META:UNLINK:SYNC:AM_100000:NAME_UNLINK:1:bufferedio
[bench_name]:[UNLINK]
# ncpu secs works works/sec
1 1.451394 100000.000000 68899.278900
[ncpu]:[1],[ops]:[68899.278900],
[media]:[pmem],[fs]:[xfs_dax]
---------------------------
-----------start-----------
## pmem:xfs_dax:META:RMDIR:SYNC:AM_100000:NAME_RMDIR:1:bufferedio
[bench_name]:[RMDIR]
# ncpu secs works works/sec
1 2.148420 100000.000000 46545.833682
[ncpu]:[1],[ops]:[46545.833682],
[media]:[pmem],[fs]:[xfs_dax]
---------------------------
-----------start-----------
## pmem:xfs_dax:META:LINK:SYNC:AM_100000:NAME_LINK:1:bufferedio
[bench_name]:[LINK]
# ncpu secs works works/sec
1 6.634296 100000.000000 15073.189378
[ncpu]:[1],[ops]:[15073.189378],
[media]:[pmem],[fs]:[xfs_dax]
---------------------------
-----------start-----------
## pmem:xfs_dax:META:RENAME:SYNC:AM_100000:NAME_RENAME:1:bufferedio
[bench_name]:[RENAME]
# ncpu secs works works/sec
1 8.223948 100000.000000 12159.609959
[ncpu]:[1],[ops]:[12159.609959],
[media]:[pmem],[fs]:[xfs_dax]
---------------------------
### NUM_TEST_CONF  = 6
### SYSTEM         = Linux p2cache 5.4.225 #9 SMP Sun May 7 21:08:00 UTC 2023 x86_64 x86_64 x86_64 GNU/Linux
### DISK_SIZE      = 128G
### DURATION       = 30s
### DIRECTIO       = bufferedio,directio
### MEDIA_TYPES    = mem,pmem,ssd
### FS_TYPES       = tmpfs,p2cache,nova,ext4_dax,xfs_dax,ext4,xfs,ext4_dj
### BENCH_TYPES    = META:CREATE:SYNC:AM_100000:NAME_CREATE,META:MKDIR:SYNC:AM_100000:NAME_MKDIR,META:UNLINK:SYNC:AM_100000:NAME_UNLINK,META:RMDIR:SYNC:AM_100000:NAME_RMDIR,META:LINK:SYNC:AM_100000:NAME_LINK,META:RENAME:SYNC:AM_100000:NAME_RENAME
### NCORES         = 1,2,4,6,8,10,12
### CORE_SEQ       = 0,1,2,3,4,5,6,7,8,9,10,11,12,13,14,15,16,17,18,19,20,21,22,23


### MODEL_NAME     = Intel(R) Xeon(R) Gold 5317 CPU @ 3.00GHz
### PHYSICAL_CHIPS = 2
### CORE_PER_CHIP  = 12
### SMT_LEVEL      = 1


-----------start-----------
## pmem:nova:META:CREATE:SYNC:AM_100000:NAME_CREATE:1:bufferedio
[bench_name]:[CREATE]
# ncpu secs works works/sec
1 1.447789 100000.000000 69070.838361
[ncpu]:[1],[ops]:[69070.838361],
[media]:[pmem],[fs]:[nova]
---------------------------
-----------start-----------
## pmem:nova:META:MKDIR:SYNC:AM_100000:NAME_MKDIR:1:bufferedio
[bench_name]:[MKDIR]
# ncpu secs works works/sec
1 1.578127 100000.000000 63366.256328
[ncpu]:[1],[ops]:[63366.256328],
[media]:[pmem],[fs]:[nova]
---------------------------
-----------start-----------
## pmem:nova:META:UNLINK:SYNC:AM_100000:NAME_UNLINK:1:bufferedio
[bench_name]:[UNLINK]
# ncpu secs works works/sec
1 0.935296 100000.000000 106918.023813
[ncpu]:[1],[ops]:[106918.023813],
[media]:[pmem],[fs]:[nova]
---------------------------
-----------start-----------
## pmem:nova:META:RMDIR:SYNC:AM_100000:NAME_RMDIR:1:bufferedio
[bench_name]:[RMDIR]
# ncpu secs works works/sec
1 1.263538 100000.000000 79142.851264
[ncpu]:[1],[ops]:[79142.851264],
[media]:[pmem],[fs]:[nova]
---------------------------
-----------start-----------
## pmem:nova:META:LINK:SYNC:AM_100000:NAME_LINK:1:bufferedio
[bench_name]:[LINK]
# ncpu secs works works/sec
1 1.467619 100000.000000 68137.575215
[ncpu]:[1],[ops]:[68137.575215],
[media]:[pmem],[fs]:[nova]
---------------------------
-----------start-----------
## pmem:nova:META:RENAME:SYNC:AM_100000:NAME_RENAME:1:bufferedio
[bench_name]:[RENAME]
# ncpu secs works works/sec
1 2.008076 100000.000000 49798.911993
[ncpu]:[1],[ops]:[49798.911993],
[media]:[pmem],[fs]:[nova]
---------------------------
### NUM_TEST_CONF  = 6
### SYSTEM         = Linux p2cache 5.4.225 #9 SMP Sun May 7 21:08:00 UTC 2023 x86_64 x86_64 x86_64 GNU/Linux
### DISK_SIZE      = 128G
### DURATION       = 30s
### DIRECTIO       = bufferedio,directio
### MEDIA_TYPES    = mem,pmem,ssd
### FS_TYPES       = tmpfs,p2cache,nova,ext4_dax,xfs_dax,ext4,xfs,ext4_dj
### BENCH_TYPES    = META:CREATE:SYNC:AM_100000:NAME_CREATE,META:MKDIR:SYNC:AM_100000:NAME_MKDIR,META:UNLINK:SYNC:AM_100000:NAME_UNLINK,META:RMDIR:SYNC:AM_100000:NAME_RMDIR,META:LINK:SYNC:AM_100000:NAME_LINK,META:RENAME:SYNC:AM_100000:NAME_RENAME
### NCORES         = 1,2,4,6,8,10,12
### CORE_SEQ       = 0,1,2,3,4,5,6,7,8,9,10,11,12,13,14,15,16,17,18,19,20,21,22,23


### MODEL_NAME     = Intel(R) Xeon(R) Gold 5317 CPU @ 3.00GHz
### PHYSICAL_CHIPS = 2
### CORE_PER_CHIP  = 12
### SMT_LEVEL      = 1


-----------start-----------
## pmem:p2cache:META:CREATE:SYNC:AM_100000:NAME_CREATE:1:bufferedio
[bench_name]:[CREATE]
# ncpu secs works works/sec
1 1.172066 100000.000000 85319.427404
[ncpu]:[1],[ops]:[85319.427404],
[media]:[pmem],[fs]:[p2cache]
---------------------------
-----------start-----------
## pmem:p2cache:META:MKDIR:SYNC:AM_100000:NAME_MKDIR:1:bufferedio
[bench_name]:[MKDIR]
# ncpu secs works works/sec
1 1.178345 100000.000000 84864.789175
[ncpu]:[1],[ops]:[84864.789175],
[media]:[pmem],[fs]:[p2cache]
---------------------------
-----------start-----------
## pmem:p2cache:META:UNLINK:SYNC:AM_100000:NAME_UNLINK:1:bufferedio
[bench_name]:[UNLINK]
# ncpu secs works works/sec
1 0.527072 100000.000000 189727.399672
[ncpu]:[1],[ops]:[189727.399672],
[media]:[pmem],[fs]:[p2cache]
---------------------------
-----------start-----------
## pmem:p2cache:META:RMDIR:SYNC:AM_100000:NAME_RMDIR:1:bufferedio
[bench_name]:[RMDIR]
# ncpu secs works works/sec
1 0.838318 100000.000000 119286.476015
[ncpu]:[1],[ops]:[119286.476015],
[media]:[pmem],[fs]:[p2cache]
---------------------------
-----------start-----------
## pmem:p2cache:META:LINK:SYNC:AM_100000:NAME_LINK:1:bufferedio
[bench_name]:[LINK]
# ncpu secs works works/sec
1 1.050229 100000.000000 95217.328792
[ncpu]:[1],[ops]:[95217.328792],
[media]:[pmem],[fs]:[p2cache]
---------------------------
-----------start-----------
## pmem:p2cache:META:RENAME:SYNC:AM_100000:NAME_RENAME:1:bufferedio
[bench_name]:[RENAME]
# ncpu secs works works/sec
1 1.304790 100000.000000 76640.685474
[ncpu]:[1],[ops]:[76640.685474],
[media]:[pmem],[fs]:[p2cache]
---------------------------
### NUM_TEST_CONF  = 6
