### SYSTEM         = Linux p2cache 5.4.225 #9 SMP Sun May 7 21:08:00 UTC 2023 x86_64 x86_64 x86_64 GNU/Linux
### DISK_SIZE      = 128G
### DURATION       = 30s
### DIRECTIO       = bufferedio,directio
### MEDIA_TYPES    = mem,pmem,ssd
### FS_TYPES       = tmpfs,p2cache,nova,ext4_dax,xfs_dax,ext4,xfs,ext4_dj
### BENCH_TYPES    = META:CREATE:AM_100000:NAME_CREATE,META:MKDIR:AM_100000:NAME_MKDIR,META:UNLINK:AM_100000:NAME_UNLINK,META:RMDIR:AM_100000:NAME_RMDIR,META:LINK:AM_100000:NAME_LINK,META:RENAME:AM_100000::NAME_RENAME
### NCORES         = 1,2,4,6,8,10,12
### CORE_SEQ       = 0,1,2,3,4,5,6,7,8,9,10,11,12,13,14,15,16,17,18,19,20,21,22,23


### MODEL_NAME     = Intel(R) Xeon(R) Gold 5317 CPU @ 3.00GHz
### PHYSICAL_CHIPS = 2
### CORE_PER_CHIP  = 12
### SMT_LEVEL      = 1


-----------start-----------
## mem:tmpfs:META:CREATE:AM_100000:NAME_CREATE:1:bufferedio
[bench_name]:[CREATE]
# ncpu secs works works/sec
1 0.731671 100000.000000 136673.450226
[ncpu]:[1],[ops]:[136673.450226],
[media]:[mem],[fs]:[tmpfs]
---------------------------
-----------start-----------
## mem:tmpfs:META:MKDIR:AM_100000:NAME_MKDIR:1:bufferedio
[bench_name]:[MKDIR]
# ncpu secs works works/sec
1 0.517457 100000.000000 193252.772694
[ncpu]:[1],[ops]:[193252.772694],
[media]:[mem],[fs]:[tmpfs]
---------------------------
-----------start-----------
## mem:tmpfs:META:UNLINK:AM_100000:NAME_UNLINK:1:bufferedio
[bench_name]:[UNLINK]
# ncpu secs works works/sec
1 0.414875 100000.000000 241036.456764
[ncpu]:[1],[ops]:[241036.456764],
[media]:[mem],[fs]:[tmpfs]
---------------------------
-----------start-----------
## mem:tmpfs:META:RMDIR:AM_100000:NAME_RMDIR:1:bufferedio
[bench_name]:[RMDIR]
# ncpu secs works works/sec
1 0.721238 100000.000000 138650.487079
[ncpu]:[1],[ops]:[138650.487079],
[media]:[mem],[fs]:[tmpfs]
---------------------------
-----------start-----------
## mem:tmpfs:META:LINK:AM_100000:NAME_LINK:1:bufferedio
[bench_name]:[LINK]
# ncpu secs works works/sec
1 0.619910 100000.000000 161313.739091
[ncpu]:[1],[ops]:[161313.739091],
[media]:[mem],[fs]:[tmpfs]
---------------------------
-----------start-----------
## mem:tmpfs:META:RENAME:AM_100000::NAME_RENAME:1:bufferedio
[bench_name]:[RENAME]
# ncpu secs works works/sec
1 0.884857 100000.000000 113012.611077
[ncpu]:[1],[ops]:[113012.611077],
[media]:[mem],[fs]:[tmpfs]
---------------------------
### NUM_TEST_CONF  = 6
### SYSTEM         = Linux p2cache 5.4.225 #9 SMP Sun May 7 21:08:00 UTC 2023 x86_64 x86_64 x86_64 GNU/Linux
### DISK_SIZE      = 128G
### DURATION       = 30s
### DIRECTIO       = bufferedio,directio
### MEDIA_TYPES    = mem,pmem,ssd
### FS_TYPES       = tmpfs,p2cache,nova,ext4_dax,xfs_dax,ext4,xfs,ext4_dj
### BENCH_TYPES    = META:CREATE:AM_100000:NAME_CREATE,META:MKDIR:AM_100000:NAME_MKDIR,META:UNLINK:AM_100000:NAME_UNLINK,META:RMDIR:AM_100000:NAME_RMDIR,META:LINK:AM_100000:NAME_LINK,META:RENAME:AM_100000::NAME_RENAME
### NCORES         = 1,2,4,6,8,10,12
### CORE_SEQ       = 0,1,2,3,4,5,6,7,8,9,10,11,12,13,14,15,16,17,18,19,20,21,22,23


### MODEL_NAME     = Intel(R) Xeon(R) Gold 5317 CPU @ 3.00GHz
### PHYSICAL_CHIPS = 2
### CORE_PER_CHIP  = 12
### SMT_LEVEL      = 1


-----------start-----------
## ssd:ext4:META:CREATE:AM_100000:NAME_CREATE:1:bufferedio
[bench_name]:[CREATE]
# ncpu secs works works/sec
1 2.271490 100000.000000 44023.966647
[ncpu]:[1],[ops]:[44023.966647],
[media]:[ssd],[fs]:[ext4]
---------------------------
-----------start-----------
## ssd:ext4:META:MKDIR:AM_100000:NAME_MKDIR:1:bufferedio
[bench_name]:[MKDIR]
# ncpu secs works works/sec
1 4.447402 100000.000000 22485.037332
[ncpu]:[1],[ops]:[22485.037332],
[media]:[ssd],[fs]:[ext4]
---------------------------
-----------start-----------
## ssd:ext4:META:UNLINK:AM_100000:NAME_UNLINK:1:bufferedio
[bench_name]:[UNLINK]
# ncpu secs works works/sec
1 1.024046 100000.000000 97651.863295
[ncpu]:[1],[ops]:[97651.863295],
[media]:[ssd],[fs]:[ext4]
---------------------------
-----------start-----------
## ssd:ext4:META:RMDIR:AM_100000:NAME_RMDIR:1:bufferedio
[bench_name]:[RMDIR]
# ncpu secs works works/sec
1 2.650554 100000.000000 37727.961777
[ncpu]:[1],[ops]:[37727.961777],
[media]:[ssd],[fs]:[ext4]
---------------------------
-----------start-----------
## ssd:ext4:META:LINK:AM_100000:NAME_LINK:1:bufferedio
[bench_name]:[LINK]
# ncpu secs works works/sec
1 1.333263 100000.000000 75003.956459
[ncpu]:[1],[ops]:[75003.956459],
[media]:[ssd],[fs]:[ext4]
---------------------------
-----------start-----------
## ssd:ext4:META:RENAME:AM_100000::NAME_RENAME:1:bufferedio
[bench_name]:[RENAME]
# ncpu secs works works/sec
1 2.500153 100000.000000 39997.552150
[ncpu]:[1],[ops]:[39997.552150],
[media]:[ssd],[fs]:[ext4]
---------------------------
### NUM_TEST_CONF  = 6
### SYSTEM         = Linux p2cache 5.4.225 #9 SMP Sun May 7 21:08:00 UTC 2023 x86_64 x86_64 x86_64 GNU/Linux
### DISK_SIZE      = 128G
### DURATION       = 30s
### DIRECTIO       = bufferedio,directio
### MEDIA_TYPES    = mem,pmem,ssd
### FS_TYPES       = tmpfs,p2cache,nova,ext4_dax,xfs_dax,ext4,xfs,ext4_dj
### BENCH_TYPES    = META:CREATE:AM_100000:NAME_CREATE,META:MKDIR:AM_100000:NAME_MKDIR,META:UNLINK:AM_100000:NAME_UNLINK,META:RMDIR:AM_100000:NAME_RMDIR,META:LINK:AM_100000:NAME_LINK,META:RENAME:AM_100000::NAME_RENAME
### NCORES         = 1,2,4,6,8,10,12
### CORE_SEQ       = 0,1,2,3,4,5,6,7,8,9,10,11,12,13,14,15,16,17,18,19,20,21,22,23


### MODEL_NAME     = Intel(R) Xeon(R) Gold 5317 CPU @ 3.00GHz
### PHYSICAL_CHIPS = 2
### CORE_PER_CHIP  = 12
### SMT_LEVEL      = 1


-----------start-----------
## ssd:ext4_dj:META:CREATE:AM_100000:NAME_CREATE:1:bufferedio
[bench_name]:[CREATE]
# ncpu secs works works/sec
1 2.265466 100000.000000 44141.028821
[ncpu]:[1],[ops]:[44141.028821],
[media]:[ssd],[fs]:[ext4_dj]
---------------------------
-----------start-----------
## ssd:ext4_dj:META:MKDIR:AM_100000:NAME_MKDIR:1:bufferedio
[bench_name]:[MKDIR]
# ncpu secs works works/sec
1 4.314852 100000.000000 23175.765936
[ncpu]:[1],[ops]:[23175.765936],
[media]:[ssd],[fs]:[ext4_dj]
---------------------------
-----------start-----------
## ssd:ext4_dj:META:UNLINK:AM_100000:NAME_UNLINK:1:bufferedio
[bench_name]:[UNLINK]
# ncpu secs works works/sec
1 1.273325 100000.000000 78534.545383
[ncpu]:[1],[ops]:[78534.545383],
[media]:[ssd],[fs]:[ext4_dj]
---------------------------
-----------start-----------
## ssd:ext4_dj:META:RMDIR:AM_100000:NAME_RMDIR:1:bufferedio
[bench_name]:[RMDIR]
# ncpu secs works works/sec
1 2.654046 100000.000000 37678.322079
[ncpu]:[1],[ops]:[37678.322079],
[media]:[ssd],[fs]:[ext4_dj]
---------------------------
-----------start-----------
## ssd:ext4_dj:META:LINK:AM_100000:NAME_LINK:1:bufferedio
[bench_name]:[LINK]
# ncpu secs works works/sec
1 1.338349 100000.000000 74718.926080
[ncpu]:[1],[ops]:[74718.926080],
[media]:[ssd],[fs]:[ext4_dj]
---------------------------
-----------start-----------
## ssd:ext4_dj:META:RENAME:AM_100000::NAME_RENAME:1:bufferedio
[bench_name]:[RENAME]
# ncpu secs works works/sec
1 2.237564 100000.000000 44691.459105
[ncpu]:[1],[ops]:[44691.459105],
[media]:[ssd],[fs]:[ext4_dj]
---------------------------
### NUM_TEST_CONF  = 6
### SYSTEM         = Linux p2cache 5.4.225 #9 SMP Sun May 7 21:08:00 UTC 2023 x86_64 x86_64 x86_64 GNU/Linux
### DISK_SIZE      = 128G
### DURATION       = 30s
### DIRECTIO       = bufferedio,directio
### MEDIA_TYPES    = mem,pmem,ssd
### FS_TYPES       = tmpfs,p2cache,nova,ext4_dax,xfs_dax,ext4,xfs,ext4_dj
### BENCH_TYPES    = META:CREATE:AM_100000:NAME_CREATE,META:MKDIR:AM_100000:NAME_MKDIR,META:UNLINK:AM_100000:NAME_UNLINK,META:RMDIR:AM_100000:NAME_RMDIR,META:LINK:AM_100000:NAME_LINK,META:RENAME:AM_100000::NAME_RENAME
### NCORES         = 1,2,4,6,8,10,12
### CORE_SEQ       = 0,1,2,3,4,5,6,7,8,9,10,11,12,13,14,15,16,17,18,19,20,21,22,23


### MODEL_NAME     = Intel(R) Xeon(R) Gold 5317 CPU @ 3.00GHz
### PHYSICAL_CHIPS = 2
### CORE_PER_CHIP  = 12
### SMT_LEVEL      = 1


-----------start-----------
## ssd:xfs:META:CREATE:AM_100000:NAME_CREATE:1:bufferedio
[bench_name]:[CREATE]
# ncpu secs works works/sec
1 2.545647 100000.000000 39282.744230
[ncpu]:[1],[ops]:[39282.744230],
[media]:[ssd],[fs]:[xfs]
---------------------------
-----------start-----------
## ssd:xfs:META:MKDIR:AM_100000:NAME_MKDIR:1:bufferedio
[bench_name]:[MKDIR]
# ncpu secs works works/sec
1 2.403152 100000.000000 41612.016219
[ncpu]:[1],[ops]:[41612.016219],
[media]:[ssd],[fs]:[xfs]
---------------------------
-----------start-----------
## ssd:xfs:META:UNLINK:AM_100000:NAME_UNLINK:1:bufferedio
[bench_name]:[UNLINK]
# ncpu secs works works/sec
1 1.435837 100000.000000 69645.788484
[ncpu]:[1],[ops]:[69645.788484],
[media]:[ssd],[fs]:[xfs]
---------------------------
-----------start-----------
## ssd:xfs:META:RMDIR:AM_100000:NAME_RMDIR:1:bufferedio
[bench_name]:[RMDIR]
# ncpu secs works works/sec
1 2.096861 100000.000000 47690.333313
[ncpu]:[1],[ops]:[47690.333313],
[media]:[ssd],[fs]:[xfs]
---------------------------
-----------start-----------
## ssd:xfs:META:LINK:AM_100000:NAME_LINK:1:bufferedio
[bench_name]:[LINK]
# ncpu secs works works/sec
1 1.507013 100000.000000 66356.428246
[ncpu]:[1],[ops]:[66356.428246],
[media]:[ssd],[fs]:[xfs]
---------------------------
-----------start-----------
## ssd:xfs:META:RENAME:AM_100000::NAME_RENAME:1:bufferedio
[bench_name]:[RENAME]
# ncpu secs works works/sec
1 8.241646 100000.000000 12133.498575
[ncpu]:[1],[ops]:[12133.498575],
[media]:[ssd],[fs]:[xfs]
---------------------------
### NUM_TEST_CONF  = 6
### SYSTEM         = Linux p2cache 5.4.225 #9 SMP Sun May 7 21:08:00 UTC 2023 x86_64 x86_64 x86_64 GNU/Linux
### DISK_SIZE      = 128G
### DURATION       = 30s
### DIRECTIO       = bufferedio,directio
### MEDIA_TYPES    = mem,pmem,ssd
### FS_TYPES       = tmpfs,p2cache,nova,ext4_dax,xfs_dax,ext4,xfs,ext4_dj
### BENCH_TYPES    = META:CREATE:AM_100000:NAME_CREATE,META:MKDIR:AM_100000:NAME_MKDIR,META:UNLINK:AM_100000:NAME_UNLINK,META:RMDIR:AM_100000:NAME_RMDIR,META:LINK:AM_100000:NAME_LINK,META:RENAME:AM_100000::NAME_RENAME
### NCORES         = 1,2,4,6,8,10,12
### CORE_SEQ       = 0,1,2,3,4,5,6,7,8,9,10,11,12,13,14,15,16,17,18,19,20,21,22,23


### MODEL_NAME     = Intel(R) Xeon(R) Gold 5317 CPU @ 3.00GHz
### PHYSICAL_CHIPS = 2
### CORE_PER_CHIP  = 12
### SMT_LEVEL      = 1


-----------start-----------
## pmem:ext4_dax:META:CREATE:AM_100000:NAME_CREATE:1:bufferedio
[bench_name]:[CREATE]
# ncpu secs works works/sec
1 2.283456 100000.000000 43793.267749
[ncpu]:[1],[ops]:[43793.267749],
[media]:[pmem],[fs]:[ext4_dax]
---------------------------
-----------start-----------
## pmem:ext4_dax:META:MKDIR:AM_100000:NAME_MKDIR:1:bufferedio
[bench_name]:[MKDIR]
# ncpu secs works works/sec
1 3.417305 100000.000000 29262.825531
[ncpu]:[1],[ops]:[29262.825531],
[media]:[pmem],[fs]:[ext4_dax]
---------------------------
-----------start-----------
## pmem:ext4_dax:META:UNLINK:AM_100000:NAME_UNLINK:1:bufferedio
[bench_name]:[UNLINK]
# ncpu secs works works/sec
1 1.012023 100000.000000 98811.983522
[ncpu]:[1],[ops]:[98811.983522],
[media]:[pmem],[fs]:[ext4_dax]
---------------------------
-----------start-----------
## pmem:ext4_dax:META:RMDIR:AM_100000:NAME_RMDIR:1:bufferedio
[bench_name]:[RMDIR]
# ncpu secs works works/sec
1 2.646408 100000.000000 37787.068358
[ncpu]:[1],[ops]:[37787.068358],
[media]:[pmem],[fs]:[ext4_dax]
---------------------------
-----------start-----------
## pmem:ext4_dax:META:LINK:AM_100000:NAME_LINK:1:bufferedio
[bench_name]:[LINK]
# ncpu secs works works/sec
1 1.330035 100000.000000 75185.991346
[ncpu]:[1],[ops]:[75185.991346],
[media]:[pmem],[fs]:[ext4_dax]
---------------------------
-----------start-----------
## pmem:ext4_dax:META:RENAME:AM_100000::NAME_RENAME:1:bufferedio
[bench_name]:[RENAME]
# ncpu secs works works/sec
1 2.119362 100000.000000 47184.011037
[ncpu]:[1],[ops]:[47184.011037],
[media]:[pmem],[fs]:[ext4_dax]
---------------------------
### NUM_TEST_CONF  = 6
### SYSTEM         = Linux p2cache 5.4.225 #9 SMP Sun May 7 21:08:00 UTC 2023 x86_64 x86_64 x86_64 GNU/Linux
### DISK_SIZE      = 128G
### DURATION       = 30s
### DIRECTIO       = bufferedio,directio
### MEDIA_TYPES    = mem,pmem,ssd
### FS_TYPES       = tmpfs,p2cache,nova,ext4_dax,xfs_dax,ext4,xfs,ext4_dj
### BENCH_TYPES    = META:CREATE:AM_100000:NAME_CREATE,META:MKDIR:AM_100000:NAME_MKDIR,META:UNLINK:AM_100000:NAME_UNLINK,META:RMDIR:AM_100000:NAME_RMDIR,META:LINK:AM_100000:NAME_LINK,META:RENAME:AM_100000::NAME_RENAME
### NCORES         = 1,2,4,6,8,10,12
### CORE_SEQ       = 0,1,2,3,4,5,6,7,8,9,10,11,12,13,14,15,16,17,18,19,20,21,22,23


### MODEL_NAME     = Intel(R) Xeon(R) Gold 5317 CPU @ 3.00GHz
### PHYSICAL_CHIPS = 2
### CORE_PER_CHIP  = 12
### SMT_LEVEL      = 1


-----------start-----------
## pmem:xfs_dax:META:CREATE:AM_100000:NAME_CREATE:1:bufferedio
[bench_name]:[CREATE]
# ncpu secs works works/sec
1 2.541868 100000.000000 39341.145960
[ncpu]:[1],[ops]:[39341.145960],
[media]:[pmem],[fs]:[xfs_dax]
---------------------------
-----------start-----------
## pmem:xfs_dax:META:MKDIR:AM_100000:NAME_MKDIR:1:bufferedio
[bench_name]:[MKDIR]
# ncpu secs works works/sec
1 2.297063 100000.000000 43533.851705
[ncpu]:[1],[ops]:[43533.851705],
[media]:[pmem],[fs]:[xfs_dax]
---------------------------
-----------start-----------
## pmem:xfs_dax:META:UNLINK:AM_100000:NAME_UNLINK:1:bufferedio
[bench_name]:[UNLINK]
# ncpu secs works works/sec
1 1.422687 100000.000000 70289.529601
[ncpu]:[1],[ops]:[70289.529601],
[media]:[pmem],[fs]:[xfs_dax]
---------------------------
-----------start-----------
## pmem:xfs_dax:META:RMDIR:AM_100000:NAME_RMDIR:1:bufferedio
[bench_name]:[RMDIR]
# ncpu secs works works/sec
1 2.110100 100000.000000 47391.118904
[ncpu]:[1],[ops]:[47391.118904],
[media]:[pmem],[fs]:[xfs_dax]
---------------------------
-----------start-----------
## pmem:xfs_dax:META:LINK:AM_100000:NAME_LINK:1:bufferedio
[bench_name]:[LINK]
# ncpu secs works works/sec
1 1.489329 100000.000000 67144.331441
[ncpu]:[1],[ops]:[67144.331441],
[media]:[pmem],[fs]:[xfs_dax]
---------------------------
-----------start-----------
## pmem:xfs_dax:META:RENAME:AM_100000::NAME_RENAME:1:bufferedio
[bench_name]:[RENAME]
# ncpu secs works works/sec
1 2.312758 100000.000000 43238.419238
[ncpu]:[1],[ops]:[43238.419238],
[media]:[pmem],[fs]:[xfs_dax]
---------------------------
### NUM_TEST_CONF  = 6
### SYSTEM         = Linux p2cache 5.4.225 #9 SMP Sun May 7 21:08:00 UTC 2023 x86_64 x86_64 x86_64 GNU/Linux
### DISK_SIZE      = 128G
### DURATION       = 30s
### DIRECTIO       = bufferedio,directio
### MEDIA_TYPES    = mem,pmem,ssd
### FS_TYPES       = tmpfs,p2cache,nova,ext4_dax,xfs_dax,ext4,xfs,ext4_dj
### BENCH_TYPES    = META:CREATE:AM_100000:NAME_CREATE,META:MKDIR:AM_100000:NAME_MKDIR,META:UNLINK:AM_100000:NAME_UNLINK,META:RMDIR:AM_100000:NAME_RMDIR,META:LINK:AM_100000:NAME_LINK,META:RENAME:AM_100000::NAME_RENAME
### NCORES         = 1,2,4,6,8,10,12
### CORE_SEQ       = 0,1,2,3,4,5,6,7,8,9,10,11,12,13,14,15,16,17,18,19,20,21,22,23


### MODEL_NAME     = Intel(R) Xeon(R) Gold 5317 CPU @ 3.00GHz
### PHYSICAL_CHIPS = 2
### CORE_PER_CHIP  = 12
### SMT_LEVEL      = 1


-----------start-----------
## pmem:nova:META:CREATE:AM_100000:NAME_CREATE:1:bufferedio
[bench_name]:[CREATE]
# ncpu secs works works/sec
1 1.063085 100000.000000 94065.855505
[ncpu]:[1],[ops]:[94065.855505],
[media]:[pmem],[fs]:[nova]
---------------------------
-----------start-----------
## pmem:nova:META:MKDIR:AM_100000:NAME_MKDIR:1:bufferedio
[bench_name]:[MKDIR]
# ncpu secs works works/sec
1 1.499606 100000.000000 66684.182379
[ncpu]:[1],[ops]:[66684.182379],
[media]:[pmem],[fs]:[nova]
---------------------------
-----------start-----------
## pmem:nova:META:UNLINK:AM_100000:NAME_UNLINK:1:bufferedio
[bench_name]:[UNLINK]
# ncpu secs works works/sec
1 0.928941 100000.000000 107649.463206
[ncpu]:[1],[ops]:[107649.463206],
[media]:[pmem],[fs]:[nova]
---------------------------
-----------start-----------
## pmem:nova:META:RMDIR:AM_100000:NAME_RMDIR:1:bufferedio
[bench_name]:[RMDIR]
# ncpu secs works works/sec
1 1.260645 100000.000000 79324.472790
[ncpu]:[1],[ops]:[79324.472790],
[media]:[pmem],[fs]:[nova]
---------------------------
-----------start-----------
## pmem:nova:META:LINK:AM_100000:NAME_LINK:1:bufferedio
[bench_name]:[LINK]
# ncpu secs works works/sec
1 1.122441 100000.000000 89091.542451
[ncpu]:[1],[ops]:[89091.542451],
[media]:[pmem],[fs]:[nova]
---------------------------
-----------start-----------
## pmem:nova:META:RENAME:AM_100000::NAME_RENAME:1:bufferedio
[bench_name]:[RENAME]
# ncpu secs works works/sec
1 1.654983 100000.000000 60423.581390
[ncpu]:[1],[ops]:[60423.581390],
[media]:[pmem],[fs]:[nova]
---------------------------
### NUM_TEST_CONF  = 6
### SYSTEM         = Linux p2cache 5.4.225 #9 SMP Sun May 7 21:08:00 UTC 2023 x86_64 x86_64 x86_64 GNU/Linux
### DISK_SIZE      = 128G
### DURATION       = 30s
### DIRECTIO       = bufferedio,directio
### MEDIA_TYPES    = mem,pmem,ssd
### FS_TYPES       = tmpfs,p2cache,nova,ext4_dax,xfs_dax,ext4,xfs,ext4_dj
### BENCH_TYPES    = META:CREATE:AM_100000:NAME_CREATE,META:MKDIR:AM_100000:NAME_MKDIR,META:UNLINK:AM_100000:NAME_UNLINK,META:RMDIR:AM_100000:NAME_RMDIR,META:LINK:AM_100000:NAME_LINK,META:RENAME:AM_100000::NAME_RENAME
### NCORES         = 1,2,4,6,8,10,12
### CORE_SEQ       = 0,1,2,3,4,5,6,7,8,9,10,11,12,13,14,15,16,17,18,19,20,21,22,23


### MODEL_NAME     = Intel(R) Xeon(R) Gold 5317 CPU @ 3.00GHz
### PHYSICAL_CHIPS = 2
### CORE_PER_CHIP  = 12
### SMT_LEVEL      = 1


-----------start-----------
## pmem:p2cache:META:CREATE:AM_100000:NAME_CREATE:1:bufferedio
[bench_name]:[CREATE]
# ncpu secs works works/sec
1 0.792971 100000.000000 126108.016561
[ncpu]:[1],[ops]:[126108.016561],
[media]:[pmem],[fs]:[p2cache]
---------------------------
-----------start-----------
## pmem:p2cache:META:MKDIR:AM_100000:NAME_MKDIR:1:bufferedio
[bench_name]:[MKDIR]
# ncpu secs works works/sec
1 0.606598 100000.000000 164853.824114
[ncpu]:[1],[ops]:[164853.824114],
[media]:[pmem],[fs]:[p2cache]
---------------------------
-----------start-----------
## pmem:p2cache:META:UNLINK:AM_100000:NAME_UNLINK:1:bufferedio
[bench_name]:[UNLINK]
# ncpu secs works works/sec
1 0.522220 100000.000000 191490.176554
[ncpu]:[1],[ops]:[191490.176554],
[media]:[pmem],[fs]:[p2cache]
---------------------------
-----------start-----------
## pmem:p2cache:META:RMDIR:AM_100000:NAME_RMDIR:1:bufferedio
[bench_name]:[RMDIR]
# ncpu secs works works/sec
1 0.788857 100000.000000 126765.687571
[ncpu]:[1],[ops]:[126765.687571],
[media]:[pmem],[fs]:[p2cache]
---------------------------
-----------start-----------
## pmem:p2cache:META:LINK:AM_100000:NAME_LINK:1:bufferedio
[bench_name]:[LINK]
# ncpu secs works works/sec
1 0.673297 100000.000000 148522.865838
[ncpu]:[1],[ops]:[148522.865838],
[media]:[pmem],[fs]:[p2cache]
---------------------------
-----------start-----------
## pmem:p2cache:META:RENAME:AM_100000::NAME_RENAME:1:bufferedio
[bench_name]:[RENAME]
# ncpu secs works works/sec
1 0.952109 100000.000000 105029.991314
[ncpu]:[1],[ops]:[105029.991314],
[media]:[pmem],[fs]:[p2cache]
---------------------------
### NUM_TEST_CONF  = 6
