### SYSTEM         = Linux p2cache 5.4.225 #9 SMP Sun May 7 21:08:00 UTC 2023 x86_64 x86_64 x86_64 GNU/Linux
### DISK_SIZE      = 128G
### DURATION       = 30s
### DIRECTIO       = bufferedio,directio
### MEDIA_TYPES    = mem,pmem,ssd
### FS_TYPES       = tmpfs,p2cache,nova,ext4_dax,xfs_dax,ext4,xfs,ext4_dj
### BENCH_TYPES    = DATA:R:AS_100:SS_100:TS_1G:PAS_32K:PSS_32K:PTS_1G:NAME_100B,DATA:R:AS_1K:SS_1K:TS_1G:PAS_32K:PSS_32K:PTS_1G:NAME_1KB,DATA:R:AS_2K:SS_2K:TS_1G:PAS_32K:PSS_32K:PTS_1G:NAME_2KB,DATA:R:AS_4K:SS_4K:TS_1G:PAS_32K:PSS_32K:PTS_1G:NAME_4KB,DATA:R:AS_16K:SS_16K:TS_1G:PAS_32K:PSS_32K:PTS_1G:NAME_16KB,DATA:R:AS_64K:SS_64K:TS_1G:PAS_32K:PSS_32K:PTS_1G:NAME_64KB,DATA:R:AS_1M:SS_1M:TS_1G:PAS_32K:PSS_32K:PTS_1G:NAME_1MB
### NCORES         = 1,2,4,6,8,10,12
### CORE_SEQ       = 0,1,2,3,4,5,6,7,8,9,10,11,12,13,14,15,16,17,18,19,20,21,22,23


### MODEL_NAME     = Intel(R) Xeon(R) Gold 5317 CPU @ 3.00GHz
### PHYSICAL_CHIPS = 2
### CORE_PER_CHIP  = 12
### SMT_LEVEL      = 1


-----------start-----------
## ssd:ext4:DATA:R:AS_100:SS_100:TS_1G:PAS_32K:PSS_32K:PTS_1G:NAME_100B:1:bufferedio
[bench_name]:[100B]
# ncpu secs works works/sec
1 4.328089 10737418.000000 2480868.115235
[ncpu]:[1],[ops]:[2480868.115235],
[media]:[ssd],[fs]:[ext4]
---------------------------
-----------start-----------
## ssd:ext4:DATA:R:AS_1K:SS_1K:TS_1G:PAS_32K:PSS_32K:PTS_1G:NAME_1KB:1:bufferedio
[bench_name]:[1KB]
# ncpu secs works works/sec
1 0.536422 1048576.000000 1954759.499051
[ncpu]:[1],[ops]:[1954759.499051],
[media]:[ssd],[fs]:[ext4]
---------------------------
-----------start-----------
## ssd:ext4:DATA:R:AS_2K:SS_2K:TS_1G:PAS_32K:PSS_32K:PTS_1G:NAME_2KB:1:bufferedio
[bench_name]:[2KB]
# ncpu secs works works/sec
1 0.384889 524288.000000 1362179.745329
[ncpu]:[1],[ops]:[1362179.745329],
[media]:[ssd],[fs]:[ext4]
---------------------------
-----------start-----------
## ssd:ext4:DATA:R:AS_4K:SS_4K:TS_1G:PAS_32K:PSS_32K:PTS_1G:NAME_4KB:1:bufferedio
[bench_name]:[4KB]
# ncpu secs works works/sec
1 0.266060 262144.000000 985281.515448
[ncpu]:[1],[ops]:[985281.515448],
[media]:[ssd],[fs]:[ext4]
---------------------------
-----------start-----------
## ssd:ext4:DATA:R:AS_16K:SS_16K:TS_1G:PAS_32K:PSS_32K:PTS_1G:NAME_16KB:1:bufferedio
[bench_name]:[16KB]
# ncpu secs works works/sec
1 0.198663 65536.000000 329885.283118
[ncpu]:[1],[ops]:[329885.283118],
[media]:[ssd],[fs]:[ext4]
---------------------------
-----------start-----------
## ssd:ext4:DATA:R:AS_64K:SS_64K:TS_1G:PAS_32K:PSS_32K:PTS_1G:NAME_64KB:1:bufferedio
[bench_name]:[64KB]
# ncpu secs works works/sec
1 0.185419 16384.000000 88362.034096
[ncpu]:[1],[ops]:[88362.034096],
[media]:[ssd],[fs]:[ext4]
---------------------------
-----------start-----------
## ssd:ext4:DATA:R:AS_1M:SS_1M:TS_1G:PAS_32K:PSS_32K:PTS_1G:NAME_1MB:1:bufferedio
[bench_name]:[1MB]
# ncpu secs works works/sec
1 0.208988 1024.000000 4899.802859
[ncpu]:[1],[ops]:[4899.802859],
[media]:[ssd],[fs]:[ext4]
---------------------------
### NUM_TEST_CONF  = 7
### SYSTEM         = Linux p2cache 5.4.225 #9 SMP Sun May 7 21:08:00 UTC 2023 x86_64 x86_64 x86_64 GNU/Linux
### DISK_SIZE      = 128G
### DURATION       = 30s
### DIRECTIO       = bufferedio,directio
### MEDIA_TYPES    = mem,pmem,ssd
### FS_TYPES       = tmpfs,p2cache,nova,ext4_dax,xfs_dax,ext4,xfs,ext4_dj
### BENCH_TYPES    = DATA:R:AS_100:SS_100:TS_1G:PAS_32K:PSS_32K:PTS_1G:NAME_100B,DATA:R:AS_1K:SS_1K:TS_1G:PAS_32K:PSS_32K:PTS_1G:NAME_1KB,DATA:R:AS_2K:SS_2K:TS_1G:PAS_32K:PSS_32K:PTS_1G:NAME_2KB,DATA:R:AS_4K:SS_4K:TS_1G:PAS_32K:PSS_32K:PTS_1G:NAME_4KB,DATA:R:AS_16K:SS_16K:TS_1G:PAS_32K:PSS_32K:PTS_1G:NAME_16KB,DATA:R:AS_64K:SS_64K:TS_1G:PAS_32K:PSS_32K:PTS_1G:NAME_64KB,DATA:R:AS_1M:SS_1M:TS_1G:PAS_32K:PSS_32K:PTS_1G:NAME_1MB
### NCORES         = 1,2,4,6,8,10,12
### CORE_SEQ       = 0,1,2,3,4,5,6,7,8,9,10,11,12,13,14,15,16,17,18,19,20,21,22,23


### MODEL_NAME     = Intel(R) Xeon(R) Gold 5317 CPU @ 3.00GHz
### PHYSICAL_CHIPS = 2
### CORE_PER_CHIP  = 12
### SMT_LEVEL      = 1


-----------start-----------
## ssd:ext4_dj:DATA:R:AS_100:SS_100:TS_1G:PAS_32K:PSS_32K:PTS_1G:NAME_100B:1:bufferedio
[bench_name]:[100B]
# ncpu secs works works/sec
1 4.583382 10737418.000000 2342684.506768
[ncpu]:[1],[ops]:[2342684.506768],
[media]:[ssd],[fs]:[ext4_dj]
---------------------------
-----------start-----------
## ssd:ext4_dj:DATA:R:AS_1K:SS_1K:TS_1G:PAS_32K:PSS_32K:PTS_1G:NAME_1KB:1:bufferedio
[bench_name]:[1KB]
# ncpu secs works works/sec
1 0.542813 1048576.000000 1931744.449746
[ncpu]:[1],[ops]:[1931744.449746],
[media]:[ssd],[fs]:[ext4_dj]
---------------------------
-----------start-----------
## ssd:ext4_dj:DATA:R:AS_2K:SS_2K:TS_1G:PAS_32K:PSS_32K:PTS_1G:NAME_2KB:1:bufferedio
[bench_name]:[2KB]
# ncpu secs works works/sec
1 0.390100 524288.000000 1343983.593950
[ncpu]:[1],[ops]:[1343983.593950],
[media]:[ssd],[fs]:[ext4_dj]
---------------------------
-----------start-----------
## ssd:ext4_dj:DATA:R:AS_4K:SS_4K:TS_1G:PAS_32K:PSS_32K:PTS_1G:NAME_4KB:1:bufferedio
[bench_name]:[4KB]
# ncpu secs works works/sec
1 0.287455 262144.000000 911947.957072
[ncpu]:[1],[ops]:[911947.957072],
[media]:[ssd],[fs]:[ext4_dj]
---------------------------
-----------start-----------
## ssd:ext4_dj:DATA:R:AS_16K:SS_16K:TS_1G:PAS_32K:PSS_32K:PTS_1G:NAME_16KB:1:bufferedio
[bench_name]:[16KB]
# ncpu secs works works/sec
1 0.221864 65536.000000 295388.165723
[ncpu]:[1],[ops]:[295388.165723],
[media]:[ssd],[fs]:[ext4_dj]
---------------------------
-----------start-----------
## ssd:ext4_dj:DATA:R:AS_64K:SS_64K:TS_1G:PAS_32K:PSS_32K:PTS_1G:NAME_64KB:1:bufferedio
[bench_name]:[64KB]
# ncpu secs works works/sec
1 0.208538 16384.000000 78566.016745
[ncpu]:[1],[ops]:[78566.016745],
[media]:[ssd],[fs]:[ext4_dj]
---------------------------
-----------start-----------
## ssd:ext4_dj:DATA:R:AS_1M:SS_1M:TS_1G:PAS_32K:PSS_32K:PTS_1G:NAME_1MB:1:bufferedio
[bench_name]:[1MB]
# ncpu secs works works/sec
1 0.221566 1024.000000 4621.647726
[ncpu]:[1],[ops]:[4621.647726],
[media]:[ssd],[fs]:[ext4_dj]
---------------------------
### NUM_TEST_CONF  = 7
### SYSTEM         = Linux p2cache 5.4.225 #9 SMP Sun May 7 21:08:00 UTC 2023 x86_64 x86_64 x86_64 GNU/Linux
### DISK_SIZE      = 128G
### DURATION       = 30s
### DIRECTIO       = bufferedio,directio
### MEDIA_TYPES    = mem,pmem,ssd
### FS_TYPES       = tmpfs,p2cache,nova,ext4_dax,xfs_dax,ext4,xfs,ext4_dj
### BENCH_TYPES    = DATA:R:AS_100:SS_100:TS_1G:PAS_32K:PSS_32K:PTS_1G:NAME_100B,DATA:R:AS_1K:SS_1K:TS_1G:PAS_32K:PSS_32K:PTS_1G:NAME_1KB,DATA:R:AS_2K:SS_2K:TS_1G:PAS_32K:PSS_32K:PTS_1G:NAME_2KB,DATA:R:AS_4K:SS_4K:TS_1G:PAS_32K:PSS_32K:PTS_1G:NAME_4KB,DATA:R:AS_16K:SS_16K:TS_1G:PAS_32K:PSS_32K:PTS_1G:NAME_16KB,DATA:R:AS_64K:SS_64K:TS_1G:PAS_32K:PSS_32K:PTS_1G:NAME_64KB,DATA:R:AS_1M:SS_1M:TS_1G:PAS_32K:PSS_32K:PTS_1G:NAME_1MB
### NCORES         = 1,2,4,6,8,10,12
### CORE_SEQ       = 0,1,2,3,4,5,6,7,8,9,10,11,12,13,14,15,16,17,18,19,20,21,22,23


### MODEL_NAME     = Intel(R) Xeon(R) Gold 5317 CPU @ 3.00GHz
### PHYSICAL_CHIPS = 2
### CORE_PER_CHIP  = 12
### SMT_LEVEL      = 1


-----------start-----------
## ssd:xfs:DATA:R:AS_100:SS_100:TS_1G:PAS_32K:PSS_32K:PTS_1G:NAME_100B:1:bufferedio
[bench_name]:[100B]
# ncpu secs works works/sec
1 5.860673 10737418.000000 1832113.479118
[ncpu]:[1],[ops]:[1832113.479118],
[media]:[ssd],[fs]:[xfs]
---------------------------
-----------start-----------
## ssd:xfs:DATA:R:AS_1K:SS_1K:TS_1G:PAS_32K:PSS_32K:PTS_1G:NAME_1KB:1:bufferedio
[bench_name]:[1KB]
# ncpu secs works works/sec
1 0.718230 1048576.000000 1459944.585996
[ncpu]:[1],[ops]:[1459944.585996],
[media]:[ssd],[fs]:[xfs]
---------------------------
-----------start-----------
## ssd:xfs:DATA:R:AS_2K:SS_2K:TS_1G:PAS_32K:PSS_32K:PTS_1G:NAME_2KB:1:bufferedio
[bench_name]:[2KB]
# ncpu secs works works/sec
1 0.469748 524288.000000 1116104.805130
[ncpu]:[1],[ops]:[1116104.805130],
[media]:[ssd],[fs]:[xfs]
---------------------------
-----------start-----------
## ssd:xfs:DATA:R:AS_4K:SS_4K:TS_1G:PAS_32K:PSS_32K:PTS_1G:NAME_4KB:1:bufferedio
[bench_name]:[4KB]
# ncpu secs works works/sec
1 0.347233 262144.000000 754951.286312
[ncpu]:[1],[ops]:[754951.286312],
[media]:[ssd],[fs]:[xfs]
---------------------------
-----------start-----------
## ssd:xfs:DATA:R:AS_16K:SS_16K:TS_1G:PAS_32K:PSS_32K:PTS_1G:NAME_16KB:1:bufferedio
[bench_name]:[16KB]
# ncpu secs works works/sec
1 0.221432 65536.000000 295964.449583
[ncpu]:[1],[ops]:[295964.449583],
[media]:[ssd],[fs]:[xfs]
---------------------------
-----------start-----------
## ssd:xfs:DATA:R:AS_64K:SS_64K:TS_1G:PAS_32K:PSS_32K:PTS_1G:NAME_64KB:1:bufferedio
[bench_name]:[64KB]
# ncpu secs works works/sec
1 0.195607 16384.000000 83759.783648
[ncpu]:[1],[ops]:[83759.783648],
[media]:[ssd],[fs]:[xfs]
---------------------------
-----------start-----------
## ssd:xfs:DATA:R:AS_1M:SS_1M:TS_1G:PAS_32K:PSS_32K:PTS_1G:NAME_1MB:1:bufferedio
[bench_name]:[1MB]
# ncpu secs works works/sec
1 0.202890 1024.000000 5047.069841
[ncpu]:[1],[ops]:[5047.069841],
[media]:[ssd],[fs]:[xfs]
---------------------------
### NUM_TEST_CONF  = 7
### SYSTEM         = Linux p2cache 5.4.225 #9 SMP Sun May 7 21:08:00 UTC 2023 x86_64 x86_64 x86_64 GNU/Linux
### DISK_SIZE      = 128G
### DURATION       = 30s
### DIRECTIO       = bufferedio,directio
### MEDIA_TYPES    = mem,pmem,ssd
### FS_TYPES       = tmpfs,p2cache,nova,ext4_dax,xfs_dax,ext4,xfs,ext4_dj
### BENCH_TYPES    = DATA:R:AS_100:SS_100:TS_1G:PAS_32K:PSS_32K:PTS_1G:NAME_100B,DATA:R:AS_1K:SS_1K:TS_1G:PAS_32K:PSS_32K:PTS_1G:NAME_1KB,DATA:R:AS_2K:SS_2K:TS_1G:PAS_32K:PSS_32K:PTS_1G:NAME_2KB,DATA:R:AS_4K:SS_4K:TS_1G:PAS_32K:PSS_32K:PTS_1G:NAME_4KB,DATA:R:AS_16K:SS_16K:TS_1G:PAS_32K:PSS_32K:PTS_1G:NAME_16KB,DATA:R:AS_64K:SS_64K:TS_1G:PAS_32K:PSS_32K:PTS_1G:NAME_64KB,DATA:R:AS_1M:SS_1M:TS_1G:PAS_32K:PSS_32K:PTS_1G:NAME_1MB
### NCORES         = 1,2,4,6,8,10,12
### CORE_SEQ       = 0,1,2,3,4,5,6,7,8,9,10,11,12,13,14,15,16,17,18,19,20,21,22,23


### MODEL_NAME     = Intel(R) Xeon(R) Gold 5317 CPU @ 3.00GHz
### PHYSICAL_CHIPS = 2
### CORE_PER_CHIP  = 12
### SMT_LEVEL      = 1


-----------start-----------
## pmem:ext4_dax:DATA:R:AS_100:SS_100:TS_1G:PAS_32K:PSS_32K:PTS_1G:NAME_100B:1:bufferedio
[bench_name]:[100B]
# ncpu secs works works/sec
1 10.265702 10737418.000000 1045950.681210
[ncpu]:[1],[ops]:[1045950.681210],
[media]:[pmem],[fs]:[ext4_dax]
---------------------------
-----------start-----------
## pmem:ext4_dax:DATA:R:AS_1K:SS_1K:TS_1G:PAS_32K:PSS_32K:PTS_1G:NAME_1KB:1:bufferedio
[bench_name]:[1KB]
# ncpu secs works works/sec
1 1.269755 1048576.000000 825809.703447
[ncpu]:[1],[ops]:[825809.703447],
[media]:[pmem],[fs]:[ext4_dax]
---------------------------
-----------start-----------
## pmem:ext4_dax:DATA:R:AS_2K:SS_2K:TS_1G:PAS_32K:PSS_32K:PTS_1G:NAME_2KB:1:bufferedio
[bench_name]:[2KB]
# ncpu secs works works/sec
1 0.734269 524288.000000 714027.148089
[ncpu]:[1],[ops]:[714027.148089],
[media]:[pmem],[fs]:[ext4_dax]
---------------------------
-----------start-----------
## pmem:ext4_dax:DATA:R:AS_4K:SS_4K:TS_1G:PAS_32K:PSS_32K:PTS_1G:NAME_4KB:1:bufferedio
[bench_name]:[4KB]
# ncpu secs works works/sec
1 0.463906 262144.000000 565079.994654
[ncpu]:[1],[ops]:[565079.994654],
[media]:[pmem],[fs]:[ext4_dax]
---------------------------
-----------start-----------
## pmem:ext4_dax:DATA:R:AS_16K:SS_16K:TS_1G:PAS_32K:PSS_32K:PTS_1G:NAME_16KB:1:bufferedio
[bench_name]:[16KB]
# ncpu secs works works/sec
1 0.222095 65536.000000 295080.933835
[ncpu]:[1],[ops]:[295080.933835],
[media]:[pmem],[fs]:[ext4_dax]
---------------------------
-----------start-----------
## pmem:ext4_dax:DATA:R:AS_64K:SS_64K:TS_1G:PAS_32K:PSS_32K:PTS_1G:NAME_64KB:1:bufferedio
[bench_name]:[64KB]
# ncpu secs works works/sec
1 0.181240 16384.000000 90399.470316
[ncpu]:[1],[ops]:[90399.470316],
[media]:[pmem],[fs]:[ext4_dax]
---------------------------
-----------start-----------
## pmem:ext4_dax:DATA:R:AS_1M:SS_1M:TS_1G:PAS_32K:PSS_32K:PTS_1G:NAME_1MB:1:bufferedio
[bench_name]:[1MB]
# ncpu secs works works/sec
1 0.160716 1024.000000 6371.487593
[ncpu]:[1],[ops]:[6371.487593],
[media]:[pmem],[fs]:[ext4_dax]
---------------------------
### NUM_TEST_CONF  = 7
### SYSTEM         = Linux p2cache 5.4.225 #9 SMP Sun May 7 21:08:00 UTC 2023 x86_64 x86_64 x86_64 GNU/Linux
### DISK_SIZE      = 128G
### DURATION       = 30s
### DIRECTIO       = bufferedio,directio
### MEDIA_TYPES    = mem,pmem,ssd
### FS_TYPES       = tmpfs,p2cache,nova,ext4_dax,xfs_dax,ext4,xfs,ext4_dj
### BENCH_TYPES    = DATA:R:AS_100:SS_100:TS_1G:PAS_32K:PSS_32K:PTS_1G:NAME_100B,DATA:R:AS_1K:SS_1K:TS_1G:PAS_32K:PSS_32K:PTS_1G:NAME_1KB,DATA:R:AS_2K:SS_2K:TS_1G:PAS_32K:PSS_32K:PTS_1G:NAME_2KB,DATA:R:AS_4K:SS_4K:TS_1G:PAS_32K:PSS_32K:PTS_1G:NAME_4KB,DATA:R:AS_16K:SS_16K:TS_1G:PAS_32K:PSS_32K:PTS_1G:NAME_16KB,DATA:R:AS_64K:SS_64K:TS_1G:PAS_32K:PSS_32K:PTS_1G:NAME_64KB,DATA:R:AS_1M:SS_1M:TS_1G:PAS_32K:PSS_32K:PTS_1G:NAME_1MB
### NCORES         = 1,2,4,6,8,10,12
### CORE_SEQ       = 0,1,2,3,4,5,6,7,8,9,10,11,12,13,14,15,16,17,18,19,20,21,22,23


### MODEL_NAME     = Intel(R) Xeon(R) Gold 5317 CPU @ 3.00GHz
### PHYSICAL_CHIPS = 2
### CORE_PER_CHIP  = 12
### SMT_LEVEL      = 1


-----------start-----------
## pmem:xfs_dax:DATA:R:AS_100:SS_100:TS_1G:PAS_32K:PSS_32K:PTS_1G:NAME_100B:1:bufferedio
[bench_name]:[100B]
# ncpu secs works works/sec
1 8.110117 10737418.000000 1323953.526195
[ncpu]:[1],[ops]:[1323953.526195],
[media]:[pmem],[fs]:[xfs_dax]
---------------------------
-----------start-----------
## pmem:xfs_dax:DATA:R:AS_1K:SS_1K:TS_1G:PAS_32K:PSS_32K:PTS_1G:NAME_1KB:1:bufferedio
[bench_name]:[1KB]
# ncpu secs works works/sec
1 0.998402 1048576.000000 1050254.306382
[ncpu]:[1],[ops]:[1050254.306382],
[media]:[pmem],[fs]:[xfs_dax]
---------------------------
-----------start-----------
## pmem:xfs_dax:DATA:R:AS_2K:SS_2K:TS_1G:PAS_32K:PSS_32K:PTS_1G:NAME_2KB:1:bufferedio
[bench_name]:[2KB]
# ncpu secs works works/sec
1 0.589550 524288.000000 889302.010008
[ncpu]:[1],[ops]:[889302.010008],
[media]:[pmem],[fs]:[xfs_dax]
---------------------------
-----------start-----------
## pmem:xfs_dax:DATA:R:AS_4K:SS_4K:TS_1G:PAS_32K:PSS_32K:PTS_1G:NAME_4KB:1:bufferedio
[bench_name]:[4KB]
# ncpu secs works works/sec
1 0.387310 262144.000000 676832.511425
[ncpu]:[1],[ops]:[676832.511425],
[media]:[pmem],[fs]:[xfs_dax]
---------------------------
-----------start-----------
## pmem:xfs_dax:DATA:R:AS_16K:SS_16K:TS_1G:PAS_32K:PSS_32K:PTS_1G:NAME_16KB:1:bufferedio
[bench_name]:[16KB]
# ncpu secs works works/sec
1 0.217362 65536.000000 301506.243042
[ncpu]:[1],[ops]:[301506.243042],
[media]:[pmem],[fs]:[xfs_dax]
---------------------------
-----------start-----------
## pmem:xfs_dax:DATA:R:AS_64K:SS_64K:TS_1G:PAS_32K:PSS_32K:PTS_1G:NAME_64KB:1:bufferedio
[bench_name]:[64KB]
# ncpu secs works works/sec
1 0.169299 16384.000000 96775.527321
[ncpu]:[1],[ops]:[96775.527321],
[media]:[pmem],[fs]:[xfs_dax]
---------------------------
-----------start-----------
## pmem:xfs_dax:DATA:R:AS_1M:SS_1M:TS_1G:PAS_32K:PSS_32K:PTS_1G:NAME_1MB:1:bufferedio
[bench_name]:[1MB]
# ncpu secs works works/sec
1 0.155975 1024.000000 6565.154672
[ncpu]:[1],[ops]:[6565.154672],
[media]:[pmem],[fs]:[xfs_dax]
---------------------------
### NUM_TEST_CONF  = 7
### SYSTEM         = Linux p2cache 5.4.225 #9 SMP Sun May 7 21:08:00 UTC 2023 x86_64 x86_64 x86_64 GNU/Linux
### DISK_SIZE      = 128G
### DURATION       = 30s
### DIRECTIO       = bufferedio,directio
### MEDIA_TYPES    = mem,pmem,ssd
### FS_TYPES       = tmpfs,p2cache,nova,ext4_dax,xfs_dax,ext4,xfs,ext4_dj
### BENCH_TYPES    = DATA:R:AS_100:SS_100:TS_1G:PAS_32K:PSS_32K:PTS_1G:NAME_100B,DATA:R:AS_1K:SS_1K:TS_1G:PAS_32K:PSS_32K:PTS_1G:NAME_1KB,DATA:R:AS_2K:SS_2K:TS_1G:PAS_32K:PSS_32K:PTS_1G:NAME_2KB,DATA:R:AS_4K:SS_4K:TS_1G:PAS_32K:PSS_32K:PTS_1G:NAME_4KB,DATA:R:AS_16K:SS_16K:TS_1G:PAS_32K:PSS_32K:PTS_1G:NAME_16KB,DATA:R:AS_64K:SS_64K:TS_1G:PAS_32K:PSS_32K:PTS_1G:NAME_64KB,DATA:R:AS_1M:SS_1M:TS_1G:PAS_32K:PSS_32K:PTS_1G:NAME_1MB
### NCORES         = 1,2,4,6,8,10,12
### CORE_SEQ       = 0,1,2,3,4,5,6,7,8,9,10,11,12,13,14,15,16,17,18,19,20,21,22,23


### MODEL_NAME     = Intel(R) Xeon(R) Gold 5317 CPU @ 3.00GHz
### PHYSICAL_CHIPS = 2
### CORE_PER_CHIP  = 12
### SMT_LEVEL      = 1


-----------start-----------
## pmem:nova:DATA:R:AS_100:SS_100:TS_1G:PAS_32K:PSS_32K:PTS_1G:NAME_100B:1:bufferedio
[bench_name]:[100B]
# ncpu secs works works/sec
1 4.066030 10737418.000000 2640762.119315
[ncpu]:[1],[ops]:[2640762.119315],
[media]:[pmem],[fs]:[nova]
---------------------------
-----------start-----------
## pmem:nova:DATA:R:AS_1K:SS_1K:TS_1G:PAS_32K:PSS_32K:PTS_1G:NAME_1KB:1:bufferedio
[bench_name]:[1KB]
# ncpu secs works works/sec
1 0.530920 1048576.000000 1975016.951706
[ncpu]:[1],[ops]:[1975016.951706],
[media]:[pmem],[fs]:[nova]
---------------------------
-----------start-----------
## pmem:nova:DATA:R:AS_2K:SS_2K:TS_1G:PAS_32K:PSS_32K:PTS_1G:NAME_2KB:1:bufferedio
[bench_name]:[2KB]
# ncpu secs works works/sec
1 0.373572 524288.000000 1403445.654385
[ncpu]:[1],[ops]:[1403445.654385],
[media]:[pmem],[fs]:[nova]
---------------------------
-----------start-----------
## pmem:nova:DATA:R:AS_4K:SS_4K:TS_1G:PAS_32K:PSS_32K:PTS_1G:NAME_4KB:1:bufferedio
[bench_name]:[4KB]
# ncpu secs works works/sec
1 0.258896 262144.000000 1012545.578147
[ncpu]:[1],[ops]:[1012545.578147],
[media]:[pmem],[fs]:[nova]
---------------------------
-----------start-----------
## pmem:nova:DATA:R:AS_16K:SS_16K:TS_1G:PAS_32K:PSS_32K:PTS_1G:NAME_16KB:1:bufferedio
[bench_name]:[16KB]
# ncpu secs works works/sec
1 0.140435 65536.000000 466664.293089
[ncpu]:[1],[ops]:[466664.293089],
[media]:[pmem],[fs]:[nova]
---------------------------
-----------start-----------
## pmem:nova:DATA:R:AS_64K:SS_64K:TS_1G:PAS_32K:PSS_32K:PTS_1G:NAME_64KB:1:bufferedio
[bench_name]:[64KB]
# ncpu secs works works/sec
1 0.126281 16384.000000 129742.399886
[ncpu]:[1],[ops]:[129742.399886],
[media]:[pmem],[fs]:[nova]
---------------------------
-----------start-----------
## pmem:nova:DATA:R:AS_1M:SS_1M:TS_1G:PAS_32K:PSS_32K:PTS_1G:NAME_1MB:1:bufferedio
[bench_name]:[1MB]
# ncpu secs works works/sec
1 0.148620 1024.000000 6890.055174
[ncpu]:[1],[ops]:[6890.055174],
[media]:[pmem],[fs]:[nova]
---------------------------
### NUM_TEST_CONF  = 7
### SYSTEM         = Linux p2cache 5.4.225 #9 SMP Sun May 7 21:08:00 UTC 2023 x86_64 x86_64 x86_64 GNU/Linux
### DISK_SIZE      = 128G
### DURATION       = 30s
### DIRECTIO       = bufferedio,directio
### MEDIA_TYPES    = mem,pmem,ssd
### FS_TYPES       = tmpfs,p2cache,nova,ext4_dax,xfs_dax,ext4,xfs,ext4_dj
### BENCH_TYPES    = DATA:R:AS_100:SS_100:TS_1G:PAS_32K:PSS_32K:PTS_1G:NAME_100B,DATA:R:AS_1K:SS_1K:TS_1G:PAS_32K:PSS_32K:PTS_1G:NAME_1KB,DATA:R:AS_2K:SS_2K:TS_1G:PAS_32K:PSS_32K:PTS_1G:NAME_2KB,DATA:R:AS_4K:SS_4K:TS_1G:PAS_32K:PSS_32K:PTS_1G:NAME_4KB,DATA:R:AS_16K:SS_16K:TS_1G:PAS_32K:PSS_32K:PTS_1G:NAME_16KB,DATA:R:AS_64K:SS_64K:TS_1G:PAS_32K:PSS_32K:PTS_1G:NAME_64KB,DATA:R:AS_1M:SS_1M:TS_1G:PAS_32K:PSS_32K:PTS_1G:NAME_1MB
### NCORES         = 1,2,4,6,8,10,12
### CORE_SEQ       = 0,1,2,3,4,5,6,7,8,9,10,11,12,13,14,15,16,17,18,19,20,21,22,23


### MODEL_NAME     = Intel(R) Xeon(R) Gold 5317 CPU @ 3.00GHz
### PHYSICAL_CHIPS = 2
### CORE_PER_CHIP  = 12
### SMT_LEVEL      = 1


-----------start-----------
## pmem:p2cache:DATA:R:AS_100:SS_100:TS_1G:PAS_32K:PSS_32K:PTS_1G:NAME_100B:1:bufferedio
[bench_name]:[100B]
# ncpu secs works works/sec
1 4.002183 10737418.000000 2682890.312612
[ncpu]:[1],[ops]:[2682890.312612],
[media]:[pmem],[fs]:[p2cache]
---------------------------
-----------start-----------
## pmem:p2cache:DATA:R:AS_1K:SS_1K:TS_1G:PAS_32K:PSS_32K:PTS_1G:NAME_1KB:1:bufferedio
[bench_name]:[1KB]
# ncpu secs works works/sec
1 0.490727 1048576.000000 2136780.735521
[ncpu]:[1],[ops]:[2136780.735521],
[media]:[pmem],[fs]:[p2cache]
---------------------------
-----------start-----------
## pmem:p2cache:DATA:R:AS_2K:SS_2K:TS_1G:PAS_32K:PSS_32K:PTS_1G:NAME_2KB:1:bufferedio
[bench_name]:[2KB]
# ncpu secs works works/sec
1 0.231419 524288.000000 2265535.673389
[ncpu]:[1],[ops]:[2265535.673389],
[media]:[pmem],[fs]:[p2cache]
---------------------------
-----------start-----------
## pmem:p2cache:DATA:R:AS_4K:SS_4K:TS_1G:PAS_32K:PSS_32K:PTS_1G:NAME_4KB:1:bufferedio
[bench_name]:[4KB]
# ncpu secs works works/sec
1 0.242760 262144.000000 1079848.409952
[ncpu]:[1],[ops]:[1079848.409952],
[media]:[pmem],[fs]:[p2cache]
---------------------------
-----------start-----------
## pmem:p2cache:DATA:R:AS_16K:SS_16K:TS_1G:PAS_32K:PSS_32K:PTS_1G:NAME_16KB:1:bufferedio
[bench_name]:[16KB]
# ncpu secs works works/sec
1 0.160287 65536.000000 408866.595544
[ncpu]:[1],[ops]:[408866.595544],
[media]:[pmem],[fs]:[p2cache]
---------------------------
-----------start-----------
## pmem:p2cache:DATA:R:AS_64K:SS_64K:TS_1G:PAS_32K:PSS_32K:PTS_1G:NAME_64KB:1:bufferedio
[bench_name]:[64KB]
# ncpu secs works works/sec
1 0.163998 16384.000000 99903.657362
[ncpu]:[1],[ops]:[99903.657362],
[media]:[pmem],[fs]:[p2cache]
---------------------------
-----------start-----------
## pmem:p2cache:DATA:R:AS_1M:SS_1M:TS_1G:PAS_32K:PSS_32K:PTS_1G:NAME_1MB:1:bufferedio
[bench_name]:[1MB]
# ncpu secs works works/sec
1 0.169728 1024.000000 6033.182504
[ncpu]:[1],[ops]:[6033.182504],
[media]:[pmem],[fs]:[p2cache]
---------------------------
### NUM_TEST_CONF  = 7
