-----------start-----------
[bench_name]:[insert_100B]
[media]:[mem],[fs]:[tmpfs]
[ops]:[153807]
---------------------------
-----------start-----------
[bench_name]:[insert_100B]
[media]:[ssd],[fs]:[ext4]
[ops]:[172]
---------------------------
-----------start-----------
[bench_name]:[insert_100B]
[media]:[ssd],[fs]:[ext4_dj]
[ops]:[204]
---------------------------
-----------start-----------
[bench_name]:[insert_100B]
[media]:[ssd],[fs]:[xfs]
[ops]:[225]
---------------------------
-----------start-----------
[bench_name]:[insert_100B]
[media]:[pmem],[fs]:[ext4_dax]
[ops]:[1526]
---------------------------
-----------start-----------
[bench_name]:[insert_100B]
[media]:[pmem],[fs]:[xfs_dax]
[ops]:[1556]
---------------------------
-----------start-----------
[bench_name]:[insert_100B]
[media]:[pmem],[fs]:[nova]
[ops]:[96174]
---------------------------
-----------start-----------
[bench_name]:[insert_100B]
[media]:[pmem],[fs]:[p2cache]
[ops]:[145593]
---------------------------
-----------start-----------
[bench_name]:[read_100B]
[media]:[mem],[fs]:[tmpfs]
[ops]:[1458633]
---------------------------
-----------start-----------
[bench_name]:[read_100B]
[media]:[ssd],[fs]:[ext4]
[ops]:[1372476]
---------------------------
-----------start-----------
[bench_name]:[read_100B]
[media]:[ssd],[fs]:[ext4_dj]
[ops]:[1340526]
---------------------------
-----------start-----------
[bench_name]:[read_100B]
[media]:[ssd],[fs]:[xfs]
[ops]:[1375533]
---------------------------
-----------start-----------
[bench_name]:[read_100B]
[media]:[pmem],[fs]:[ext4_dax]
[ops]:[1349037]
---------------------------
-----------start-----------
[bench_name]:[read_100B]
[media]:[pmem],[fs]:[xfs_dax]
[ops]:[1420274]
---------------------------
-----------start-----------
[bench_name]:[read_100B]
[media]:[pmem],[fs]:[nova]
[ops]:[1356601]
---------------------------
-----------start-----------
[bench_name]:[read_100B]
[media]:[pmem],[fs]:[p2cache]
[ops]:[1378421]
---------------------------
-----------start-----------
[bench_name]:[insert_1KB]
[media]:[mem],[fs]:[tmpfs]
[ops]:[160399]
---------------------------
-----------start-----------
[bench_name]:[insert_1KB]
[media]:[ssd],[fs]:[ext4]
[ops]:[174]
---------------------------
-----------start-----------
[bench_name]:[insert_1KB]
[media]:[ssd],[fs]:[ext4_dj]
[ops]:[195]
---------------------------
-----------start-----------
[bench_name]:[insert_1KB]
[media]:[ssd],[fs]:[xfs]
[ops]:[218]
---------------------------
-----------start-----------
[bench_name]:[insert_1KB]
[media]:[pmem],[fs]:[ext4_dax]
[ops]:[1783]
---------------------------
-----------start-----------
[bench_name]:[insert_1KB]
[media]:[pmem],[fs]:[xfs_dax]
[ops]:[1542]
---------------------------
-----------start-----------
[bench_name]:[insert_1KB]
[media]:[pmem],[fs]:[nova]
[ops]:[81325]
---------------------------
-----------start-----------
[bench_name]:[insert_1KB]
[media]:[pmem],[fs]:[p2cache]
[ops]:[123986]
---------------------------
-----------start-----------
[bench_name]:[read_1KB]
[media]:[mem],[fs]:[tmpfs]
[ops]:[1242178]
---------------------------
-----------start-----------
[bench_name]:[read_1KB]
[media]:[ssd],[fs]:[ext4]
[ops]:[1370724]
---------------------------
-----------start-----------
[bench_name]:[read_1KB]
[media]:[ssd],[fs]:[ext4_dj]
[ops]:[1339658]
---------------------------
-----------start-----------
[bench_name]:[read_1KB]
[media]:[ssd],[fs]:[xfs]
[ops]:[1362680]
---------------------------
-----------start-----------
[bench_name]:[read_1KB]
[media]:[pmem],[fs]:[ext4_dax]
[ops]:[1334861]
---------------------------
-----------start-----------
[bench_name]:[read_1KB]
[media]:[pmem],[fs]:[xfs_dax]
[ops]:[1420887]
---------------------------
-----------start-----------
[bench_name]:[read_1KB]
[media]:[pmem],[fs]:[nova]
[ops]:[1515067]
---------------------------
-----------start-----------
[bench_name]:[read_1KB]
[media]:[pmem],[fs]:[p2cache]
[ops]:[1546307]
---------------------------
