### SYSTEM         = Linux p2cache 5.4.225 #9 SMP Sun May 7 21:08:00 UTC 2023 x86_64 x86_64 x86_64 GNU/Linux
### DISK_SIZE      = 128G
### DURATION       = 30s
### DIRECTIO       = bufferedio,directio
### MEDIA_TYPES    = mem,pmem,ssd
### FS_TYPES       = tmpfs,p2cache,nova,ext4_dax,xfs_dax,ext4,xfs,ext4_dj
### BENCH_TYPES    = DATA:W:AS_4K:SS_4K:TS_1G:PTS_0:SYNC:NAME_4KB
### NCORES         = 1,2,4,6,8,10,12
### CORE_SEQ       = 0,1,2,3,4,5,6,7,8,9,10,11,12,13,14,15,16,17,18,19,20,21,22,23


### MODEL_NAME     = Intel(R) Xeon(R) Gold 5317 CPU @ 3.00GHz
### PHYSICAL_CHIPS = 2
### CORE_PER_CHIP  = 12
### SMT_LEVEL      = 1


-----------start-----------
## mem:tmpfs:DATA:W:AS_4K:SS_4K:TS_1G:PTS_0:SYNC:NAME_4KB:12:bufferedio
[bench_name]:[4KB]
# ncpu secs works works/sec
12 1.021131 3145728.000000 3080630.176856
[ncpu]:[12],[ops]:[3080630.176856],
[media]:[mem],[fs]:[tmpfs]
---------------------------
-----------start-----------
## mem:tmpfs:DATA:W:AS_4K:SS_4K:TS_1G:PTS_0:SYNC:NAME_4KB:10:bufferedio
[bench_name]:[4KB]
# ncpu secs works works/sec
10 0.877882 2621440.000000 2986094.720660
[ncpu]:[10],[ops]:[2986094.720660],
[media]:[mem],[fs]:[tmpfs]
---------------------------
-----------start-----------
## mem:tmpfs:DATA:W:AS_4K:SS_4K:TS_1G:PTS_0:SYNC:NAME_4KB:8:bufferedio
[bench_name]:[4KB]
# ncpu secs works works/sec
8 0.735388 2097152.000000 2851761.152738
[ncpu]:[8],[ops]:[2851761.152738],
[media]:[mem],[fs]:[tmpfs]
---------------------------
-----------start-----------
## mem:tmpfs:DATA:W:AS_4K:SS_4K:TS_1G:PTS_0:SYNC:NAME_4KB:6:bufferedio
[bench_name]:[4KB]
# ncpu secs works works/sec
6 0.701264 1572864.000000 2242896.938316
[ncpu]:[6],[ops]:[2242896.938316],
[media]:[mem],[fs]:[tmpfs]
---------------------------
-----------start-----------
## mem:tmpfs:DATA:W:AS_4K:SS_4K:TS_1G:PTS_0:SYNC:NAME_4KB:4:bufferedio
[bench_name]:[4KB]
# ncpu secs works works/sec
4 0.673433 1048576.000000 1557061.191336
[ncpu]:[4],[ops]:[1557061.191336],
[media]:[mem],[fs]:[tmpfs]
---------------------------
-----------start-----------
## mem:tmpfs:DATA:W:AS_4K:SS_4K:TS_1G:PTS_0:SYNC:NAME_4KB:2:bufferedio
[bench_name]:[4KB]
# ncpu secs works works/sec
2 0.655083 524288.000000 800338.888613
[ncpu]:[2],[ops]:[800338.888613],
[media]:[mem],[fs]:[tmpfs]
---------------------------
-----------start-----------
## mem:tmpfs:DATA:W:AS_4K:SS_4K:TS_1G:PTS_0:SYNC:NAME_4KB:1:bufferedio
[bench_name]:[4KB]
# ncpu secs works works/sec
1 0.620537 262144.000000 422447.009606
[ncpu]:[1],[ops]:[422447.009606],
[media]:[mem],[fs]:[tmpfs]
---------------------------
### NUM_TEST_CONF  = 7
### SYSTEM         = Linux p2cache 5.4.225 #9 SMP Sun May 7 21:08:00 UTC 2023 x86_64 x86_64 x86_64 GNU/Linux
### DISK_SIZE      = 128G
### DURATION       = 30s
### DIRECTIO       = bufferedio,directio
### MEDIA_TYPES    = mem,pmem,ssd
### FS_TYPES       = tmpfs,p2cache,nova,ext4_dax,xfs_dax,ext4,xfs,ext4_dj
### BENCH_TYPES    = DATA:W:AS_4K:SS_4K:TS_1G:PTS_0:SYNC:NAME_4KB
### NCORES         = 1,2,4,6,8,10,12
### CORE_SEQ       = 0,1,2,3,4,5,6,7,8,9,10,11,12,13,14,15,16,17,18,19,20,21,22,23


### MODEL_NAME     = Intel(R) Xeon(R) Gold 5317 CPU @ 3.00GHz
### PHYSICAL_CHIPS = 2
### CORE_PER_CHIP  = 12
### SMT_LEVEL      = 1


-----------start-----------
## ssd:ext4:DATA:W:AS_4K:SS_4K:TS_1G:PTS_0:SYNC:NAME_4KB:12:bufferedio
[bench_name]:[4KB]
# ncpu secs works works/sec
12 30.019366 20589.000000 685.857247
[ncpu]:[12],[ops]:[685.857247],
[media]:[ssd],[fs]:[ext4]
---------------------------
-----------start-----------
## ssd:ext4:DATA:W:AS_4K:SS_4K:TS_1G:PTS_0:SYNC:NAME_4KB:10:bufferedio
[bench_name]:[4KB]
# ncpu secs works works/sec
10 30.021160 21305.000000 709.666108
[ncpu]:[10],[ops]:[709.666108],
[media]:[ssd],[fs]:[ext4]
---------------------------
-----------start-----------
## ssd:ext4:DATA:W:AS_4K:SS_4K:TS_1G:PTS_0:SYNC:NAME_4KB:8:bufferedio
[bench_name]:[4KB]
# ncpu secs works works/sec
8 30.004259 19973.000000 665.672172
[ncpu]:[8],[ops]:[665.672172],
[media]:[ssd],[fs]:[ext4]
---------------------------
-----------start-----------
## ssd:ext4:DATA:W:AS_4K:SS_4K:TS_1G:PTS_0:SYNC:NAME_4KB:6:bufferedio
[bench_name]:[4KB]
# ncpu secs works works/sec
6 30.019558 17639.000000 587.583595
[ncpu]:[6],[ops]:[587.583595],
[media]:[ssd],[fs]:[ext4]
---------------------------
-----------start-----------
## ssd:ext4:DATA:W:AS_4K:SS_4K:TS_1G:PTS_0:SYNC:NAME_4KB:4:bufferedio
[bench_name]:[4KB]
# ncpu secs works works/sec
4 30.010168 14593.000000 486.268525
[ncpu]:[4],[ops]:[486.268525],
[media]:[ssd],[fs]:[ext4]
---------------------------
-----------start-----------
## ssd:ext4:DATA:W:AS_4K:SS_4K:TS_1G:PTS_0:SYNC:NAME_4KB:2:bufferedio
[bench_name]:[4KB]
# ncpu secs works works/sec
2 30.004381 9283.000000 309.388152
[ncpu]:[2],[ops]:[309.388152],
[media]:[ssd],[fs]:[ext4]
---------------------------
-----------start-----------
## ssd:ext4:DATA:W:AS_4K:SS_4K:TS_1G:PTS_0:SYNC:NAME_4KB:1:bufferedio
[bench_name]:[4KB]
# ncpu secs works works/sec
1 30.003687 5176.000000 172.512132
[ncpu]:[1],[ops]:[172.512132],
[media]:[ssd],[fs]:[ext4]
---------------------------
### NUM_TEST_CONF  = 7
### SYSTEM         = Linux p2cache 5.4.225 #9 SMP Sun May 7 21:08:00 UTC 2023 x86_64 x86_64 x86_64 GNU/Linux
### DISK_SIZE      = 128G
### DURATION       = 30s
### DIRECTIO       = bufferedio,directio
### MEDIA_TYPES    = mem,pmem,ssd
### FS_TYPES       = tmpfs,p2cache,nova,ext4_dax,xfs_dax,ext4,xfs,ext4_dj
### BENCH_TYPES    = DATA:W:AS_4K:SS_4K:TS_1G:PTS_0:SYNC:NAME_4KB
### NCORES         = 1,2,4,6,8,10,12
### CORE_SEQ       = 0,1,2,3,4,5,6,7,8,9,10,11,12,13,14,15,16,17,18,19,20,21,22,23


### MODEL_NAME     = Intel(R) Xeon(R) Gold 5317 CPU @ 3.00GHz
### PHYSICAL_CHIPS = 2
### CORE_PER_CHIP  = 12
### SMT_LEVEL      = 1


-----------start-----------
## ssd:ext4_dj:DATA:W:AS_4K:SS_4K:TS_1G:PTS_0:SYNC:NAME_4KB:12:bufferedio
[bench_name]:[4KB]
# ncpu secs works works/sec
12 30.010089 17705.000000 589.968260
[ncpu]:[12],[ops]:[589.968260],
[media]:[ssd],[fs]:[ext4_dj]
---------------------------
-----------start-----------
## ssd:ext4_dj:DATA:W:AS_4K:SS_4K:TS_1G:PTS_0:SYNC:NAME_4KB:10:bufferedio
[bench_name]:[4KB]
# ncpu secs works works/sec
10 30.020789 18006.000000 599.784361
[ncpu]:[10],[ops]:[599.784361],
[media]:[ssd],[fs]:[ext4_dj]
---------------------------
-----------start-----------
## ssd:ext4_dj:DATA:W:AS_4K:SS_4K:TS_1G:PTS_0:SYNC:NAME_4KB:8:bufferedio
[bench_name]:[4KB]
# ncpu secs works works/sec
8 30.013384 17488.000000 582.673376
[ncpu]:[8],[ops]:[582.673376],
[media]:[ssd],[fs]:[ext4_dj]
---------------------------
-----------start-----------
## ssd:ext4_dj:DATA:W:AS_4K:SS_4K:TS_1G:PTS_0:SYNC:NAME_4KB:6:bufferedio
[bench_name]:[4KB]
# ncpu secs works works/sec
6 30.013583 13290.000000 442.799510
[ncpu]:[6],[ops]:[442.799510],
[media]:[ssd],[fs]:[ext4_dj]
---------------------------
-----------start-----------
## ssd:ext4_dj:DATA:W:AS_4K:SS_4K:TS_1G:PTS_0:SYNC:NAME_4KB:4:bufferedio
[bench_name]:[4KB]
# ncpu secs works works/sec
4 30.015558 11525.000000 383.967541
[ncpu]:[4],[ops]:[383.967541],
[media]:[ssd],[fs]:[ext4_dj]
---------------------------
-----------start-----------
## ssd:ext4_dj:DATA:W:AS_4K:SS_4K:TS_1G:PTS_0:SYNC:NAME_4KB:2:bufferedio
[bench_name]:[4KB]
# ncpu secs works works/sec
2 30.003560 9210.000000 306.963569
[ncpu]:[2],[ops]:[306.963569],
[media]:[ssd],[fs]:[ext4_dj]
---------------------------
-----------start-----------
## ssd:ext4_dj:DATA:W:AS_4K:SS_4K:TS_1G:PTS_0:SYNC:NAME_4KB:1:bufferedio
[bench_name]:[4KB]
# ncpu secs works works/sec
1 30.002289 5118.000000 170.586984
[ncpu]:[1],[ops]:[170.586984],
[media]:[ssd],[fs]:[ext4_dj]
---------------------------
### NUM_TEST_CONF  = 7
### SYSTEM         = Linux p2cache 5.4.225 #9 SMP Sun May 7 21:08:00 UTC 2023 x86_64 x86_64 x86_64 GNU/Linux
### DISK_SIZE      = 128G
### DURATION       = 30s
### DIRECTIO       = bufferedio,directio
### MEDIA_TYPES    = mem,pmem,ssd
### FS_TYPES       = tmpfs,p2cache,nova,ext4_dax,xfs_dax,ext4,xfs,ext4_dj
### BENCH_TYPES    = DATA:W:AS_4K:SS_4K:TS_1G:PTS_0:SYNC:NAME_4KB
### NCORES         = 1,2,4,6,8,10,12
### CORE_SEQ       = 0,1,2,3,4,5,6,7,8,9,10,11,12,13,14,15,16,17,18,19,20,21,22,23


### MODEL_NAME     = Intel(R) Xeon(R) Gold 5317 CPU @ 3.00GHz
### PHYSICAL_CHIPS = 2
### CORE_PER_CHIP  = 12
### SMT_LEVEL      = 1


-----------start-----------
## ssd:xfs:DATA:W:AS_4K:SS_4K:TS_1G:PTS_0:SYNC:NAME_4KB:12:bufferedio
[bench_name]:[4KB]
# ncpu secs works works/sec
12 30.011342 14918.000000 497.078731
[ncpu]:[12],[ops]:[497.078731],
[media]:[ssd],[fs]:[xfs]
---------------------------
-----------start-----------
## ssd:xfs:DATA:W:AS_4K:SS_4K:TS_1G:PTS_0:SYNC:NAME_4KB:10:bufferedio
[bench_name]:[4KB]
# ncpu secs works works/sec
10 30.037363 14145.000000 470.913512
[ncpu]:[10],[ops]:[470.913512],
[media]:[ssd],[fs]:[xfs]
---------------------------
-----------start-----------
## ssd:xfs:DATA:W:AS_4K:SS_4K:TS_1G:PTS_0:SYNC:NAME_4KB:8:bufferedio
[bench_name]:[4KB]
# ncpu secs works works/sec
8 30.004593 13526.000000 450.797650
[ncpu]:[8],[ops]:[450.797650],
[media]:[ssd],[fs]:[xfs]
---------------------------
-----------start-----------
## ssd:xfs:DATA:W:AS_4K:SS_4K:TS_1G:PTS_0:SYNC:NAME_4KB:6:bufferedio
[bench_name]:[4KB]
# ncpu secs works works/sec
6 30.016835 12290.000000 409.436902
[ncpu]:[6],[ops]:[409.436902],
[media]:[ssd],[fs]:[xfs]
---------------------------
-----------start-----------
## ssd:xfs:DATA:W:AS_4K:SS_4K:TS_1G:PTS_0:SYNC:NAME_4KB:4:bufferedio
[bench_name]:[4KB]
# ncpu secs works works/sec
4 30.013151 9640.000000 321.192531
[ncpu]:[4],[ops]:[321.192531],
[media]:[ssd],[fs]:[xfs]
---------------------------
-----------start-----------
## ssd:xfs:DATA:W:AS_4K:SS_4K:TS_1G:PTS_0:SYNC:NAME_4KB:2:bufferedio
[bench_name]:[4KB]
# ncpu secs works works/sec
2 30.008727 9075.000000 302.412033
[ncpu]:[2],[ops]:[302.412033],
[media]:[ssd],[fs]:[xfs]
---------------------------
-----------start-----------
## ssd:xfs:DATA:W:AS_4K:SS_4K:TS_1G:PTS_0:SYNC:NAME_4KB:1:bufferedio
[bench_name]:[4KB]
# ncpu secs works works/sec
1 30.002209 7292.000000 243.048770
[ncpu]:[1],[ops]:[243.048770],
[media]:[ssd],[fs]:[xfs]
---------------------------
### NUM_TEST_CONF  = 7
### SYSTEM         = Linux p2cache 5.4.225 #9 SMP Sun May 7 21:08:00 UTC 2023 x86_64 x86_64 x86_64 GNU/Linux
### DISK_SIZE      = 128G
### DURATION       = 30s
### DIRECTIO       = bufferedio,directio
### MEDIA_TYPES    = mem,pmem,ssd
### FS_TYPES       = tmpfs,p2cache,nova,ext4_dax,xfs_dax,ext4,xfs,ext4_dj
### BENCH_TYPES    = DATA:W:AS_4K:SS_4K:TS_1G:PTS_0:SYNC:NAME_4KB
### NCORES         = 1,2,4,6,8,10,12
### CORE_SEQ       = 0,1,2,3,4,5,6,7,8,9,10,11,12,13,14,15,16,17,18,19,20,21,22,23


### MODEL_NAME     = Intel(R) Xeon(R) Gold 5317 CPU @ 3.00GHz
### PHYSICAL_CHIPS = 2
### CORE_PER_CHIP  = 12
### SMT_LEVEL      = 1


-----------start-----------
## pmem:ext4_dax:DATA:W:AS_4K:SS_4K:TS_1G:PTS_0:SYNC:NAME_4KB:12:bufferedio
[bench_name]:[4KB]
# ncpu secs works works/sec
12 30.001609 446085.000000 14868.702748
[ncpu]:[12],[ops]:[14868.702748],
[media]:[pmem],[fs]:[ext4_dax]
---------------------------
-----------start-----------
## pmem:ext4_dax:DATA:W:AS_4K:SS_4K:TS_1G:PTS_0:SYNC:NAME_4KB:10:bufferedio
[bench_name]:[4KB]
# ncpu secs works works/sec
10 30.000779 290860.000000 9695.081455
[ncpu]:[10],[ops]:[9695.081455],
[media]:[pmem],[fs]:[ext4_dax]
---------------------------
-----------start-----------
## pmem:ext4_dax:DATA:W:AS_4K:SS_4K:TS_1G:PTS_0:SYNC:NAME_4KB:8:bufferedio
[bench_name]:[4KB]
# ncpu secs works works/sec
8 30.000574 262497.000000 8749.732588
[ncpu]:[8],[ops]:[8749.732588],
[media]:[pmem],[fs]:[ext4_dax]
---------------------------
-----------start-----------
## pmem:ext4_dax:DATA:W:AS_4K:SS_4K:TS_1G:PTS_0:SYNC:NAME_4KB:6:bufferedio
[bench_name]:[4KB]
# ncpu secs works works/sec
6 30.000212 308962.000000 10298.660613
[ncpu]:[6],[ops]:[10298.660613],
[media]:[pmem],[fs]:[ext4_dax]
---------------------------
-----------start-----------
## pmem:ext4_dax:DATA:W:AS_4K:SS_4K:TS_1G:PTS_0:SYNC:NAME_4KB:4:bufferedio
[bench_name]:[4KB]
# ncpu secs works works/sec
4 30.000287 173893.000000 5796.377881
[ncpu]:[4],[ops]:[5796.377881],
[media]:[pmem],[fs]:[ext4_dax]
---------------------------
-----------start-----------
## pmem:ext4_dax:DATA:W:AS_4K:SS_4K:TS_1G:PTS_0:SYNC:NAME_4KB:2:bufferedio
[bench_name]:[4KB]
# ncpu secs works works/sec
2 30.000147 92497.000000 3083.218226
[ncpu]:[2],[ops]:[3083.218226],
[media]:[pmem],[fs]:[ext4_dax]
---------------------------
-----------start-----------
## pmem:ext4_dax:DATA:W:AS_4K:SS_4K:TS_1G:PTS_0:SYNC:NAME_4KB:1:bufferedio
[bench_name]:[4KB]
# ncpu secs works works/sec
1 30.000311 51988.000000 1732.915369
[ncpu]:[1],[ops]:[1732.915369],
[media]:[pmem],[fs]:[ext4_dax]
---------------------------
### NUM_TEST_CONF  = 7
### SYSTEM         = Linux p2cache 5.4.225 #9 SMP Sun May 7 21:08:00 UTC 2023 x86_64 x86_64 x86_64 GNU/Linux
### DISK_SIZE      = 128G
### DURATION       = 30s
### DIRECTIO       = bufferedio,directio
### MEDIA_TYPES    = mem,pmem,ssd
### FS_TYPES       = tmpfs,p2cache,nova,ext4_dax,xfs_dax,ext4,xfs,ext4_dj
### BENCH_TYPES    = DATA:W:AS_4K:SS_4K:TS_1G:PTS_0:SYNC:NAME_4KB
### NCORES         = 1,2,4,6,8,10,12
### CORE_SEQ       = 0,1,2,3,4,5,6,7,8,9,10,11,12,13,14,15,16,17,18,19,20,21,22,23


### MODEL_NAME     = Intel(R) Xeon(R) Gold 5317 CPU @ 3.00GHz
### PHYSICAL_CHIPS = 2
### CORE_PER_CHIP  = 12
### SMT_LEVEL      = 1


-----------start-----------
## pmem:xfs_dax:DATA:W:AS_4K:SS_4K:TS_1G:PTS_0:SYNC:NAME_4KB:12:bufferedio
[bench_name]:[4KB]
# ncpu secs works works/sec
12 30.000218 1940423.000000 64680.295758
[ncpu]:[12],[ops]:[64680.295758],
[media]:[pmem],[fs]:[xfs_dax]
---------------------------
-----------start-----------
## pmem:xfs_dax:DATA:W:AS_4K:SS_4K:TS_1G:PTS_0:SYNC:NAME_4KB:10:bufferedio
[bench_name]:[4KB]
# ncpu secs works works/sec
10 30.000290 1858279.000000 61942.033734
[ncpu]:[10],[ops]:[61942.033734],
[media]:[pmem],[fs]:[xfs_dax]
---------------------------
-----------start-----------
## pmem:xfs_dax:DATA:W:AS_4K:SS_4K:TS_1G:PTS_0:SYNC:NAME_4KB:8:bufferedio
[bench_name]:[4KB]
# ncpu secs works works/sec
8 30.000041 1872894.000000 62429.714419
[ncpu]:[8],[ops]:[62429.714419],
[media]:[pmem],[fs]:[xfs_dax]
---------------------------
-----------start-----------
## pmem:xfs_dax:DATA:W:AS_4K:SS_4K:TS_1G:PTS_0:SYNC:NAME_4KB:6:bufferedio
[bench_name]:[4KB]
# ncpu secs works works/sec
6 26.400741 1572864.000000 59576.510742
[ncpu]:[6],[ops]:[59576.510742],
[media]:[pmem],[fs]:[xfs_dax]
---------------------------
-----------start-----------
## pmem:xfs_dax:DATA:W:AS_4K:SS_4K:TS_1G:PTS_0:SYNC:NAME_4KB:4:bufferedio
[bench_name]:[4KB]
# ncpu secs works works/sec
4 19.846058 1048576.000000 52835.481304
[ncpu]:[4],[ops]:[52835.481304],
[media]:[pmem],[fs]:[xfs_dax]
---------------------------
-----------start-----------
## pmem:xfs_dax:DATA:W:AS_4K:SS_4K:TS_1G:PTS_0:SYNC:NAME_4KB:2:bufferedio
[bench_name]:[4KB]
# ncpu secs works works/sec
2 16.250380 524288.000000 32263.122462
[ncpu]:[2],[ops]:[32263.122462],
[media]:[pmem],[fs]:[xfs_dax]
---------------------------
-----------start-----------
## pmem:xfs_dax:DATA:W:AS_4K:SS_4K:TS_1G:PTS_0:SYNC:NAME_4KB:1:bufferedio
[bench_name]:[4KB]
# ncpu secs works works/sec
1 12.897600 262144.000000 20325.021709
[ncpu]:[1],[ops]:[20325.021709],
[media]:[pmem],[fs]:[xfs_dax]
---------------------------
### NUM_TEST_CONF  = 7
### SYSTEM         = Linux p2cache 5.4.225 #9 SMP Sun May 7 21:08:00 UTC 2023 x86_64 x86_64 x86_64 GNU/Linux
### DISK_SIZE      = 128G
### DURATION       = 30s
### DIRECTIO       = bufferedio,directio
### MEDIA_TYPES    = mem,pmem,ssd
### FS_TYPES       = tmpfs,p2cache,nova,ext4_dax,xfs_dax,ext4,xfs,ext4_dj
### BENCH_TYPES    = DATA:W:AS_4K:SS_4K:TS_1G:PTS_0:SYNC:NAME_4KB
### NCORES         = 1,2,4,6,8,10,12
### CORE_SEQ       = 0,1,2,3,4,5,6,7,8,9,10,11,12,13,14,15,16,17,18,19,20,21,22,23


### MODEL_NAME     = Intel(R) Xeon(R) Gold 5317 CPU @ 3.00GHz
### PHYSICAL_CHIPS = 2
### CORE_PER_CHIP  = 12
### SMT_LEVEL      = 1


-----------start-----------
## pmem:nova:DATA:W:AS_4K:SS_4K:TS_1G:PTS_0:SYNC:NAME_4KB:12:bufferedio
[bench_name]:[4KB]
# ncpu secs works works/sec
12 1.158902 3145728.000000 2714403.806362
[ncpu]:[12],[ops]:[2714403.806362],
[media]:[pmem],[fs]:[nova]
---------------------------
-----------start-----------
## pmem:nova:DATA:W:AS_4K:SS_4K:TS_1G:PTS_0:SYNC:NAME_4KB:10:bufferedio
[bench_name]:[4KB]
# ncpu secs works works/sec
10 0.963615 2621440.000000 2720423.986978
[ncpu]:[10],[ops]:[2720423.986978],
[media]:[pmem],[fs]:[nova]
---------------------------
-----------start-----------
## pmem:nova:DATA:W:AS_4K:SS_4K:TS_1G:PTS_0:SYNC:NAME_4KB:8:bufferedio
[bench_name]:[4KB]
# ncpu secs works works/sec
8 0.795512 2097152.000000 2636230.074540
[ncpu]:[8],[ops]:[2636230.074540],
[media]:[pmem],[fs]:[nova]
---------------------------
-----------start-----------
## pmem:nova:DATA:W:AS_4K:SS_4K:TS_1G:PTS_0:SYNC:NAME_4KB:6:bufferedio
[bench_name]:[4KB]
# ncpu secs works works/sec
6 0.796122 1572864.000000 1975658.238096
[ncpu]:[6],[ops]:[1975658.238096],
[media]:[pmem],[fs]:[nova]
---------------------------
-----------start-----------
## pmem:nova:DATA:W:AS_4K:SS_4K:TS_1G:PTS_0:SYNC:NAME_4KB:4:bufferedio
[bench_name]:[4KB]
# ncpu secs works works/sec
4 0.793279 1048576.000000 1321824.565561
[ncpu]:[4],[ops]:[1321824.565561],
[media]:[pmem],[fs]:[nova]
---------------------------
-----------start-----------
## pmem:nova:DATA:W:AS_4K:SS_4K:TS_1G:PTS_0:SYNC:NAME_4KB:2:bufferedio
[bench_name]:[4KB]
# ncpu secs works works/sec
2 0.787820 524288.000000 665492.539852
[ncpu]:[2],[ops]:[665492.539852],
[media]:[pmem],[fs]:[nova]
---------------------------
-----------start-----------
## pmem:nova:DATA:W:AS_4K:SS_4K:TS_1G:PTS_0:SYNC:NAME_4KB:1:bufferedio
[bench_name]:[4KB]
# ncpu secs works works/sec
1 0.772385 262144.000000 339395.508717
[ncpu]:[1],[ops]:[339395.508717],
[media]:[pmem],[fs]:[nova]
---------------------------
### NUM_TEST_CONF  = 7
### SYSTEM         = Linux p2cache 5.4.225 #9 SMP Sun May 7 21:08:00 UTC 2023 x86_64 x86_64 x86_64 GNU/Linux
### DISK_SIZE      = 128G
### DURATION       = 30s
### DIRECTIO       = bufferedio,directio
### MEDIA_TYPES    = mem,pmem,ssd
### FS_TYPES       = tmpfs,p2cache,nova,ext4_dax,xfs_dax,ext4,xfs,ext4_dj
### BENCH_TYPES    = DATA:W:AS_4K:SS_4K:TS_1G:PTS_0:SYNC:NAME_4KB
### NCORES         = 1,2,4,6,8,10,12
### CORE_SEQ       = 0,1,2,3,4,5,6,7,8,9,10,11,12,13,14,15,16,17,18,19,20,21,22,23


### MODEL_NAME     = Intel(R) Xeon(R) Gold 5317 CPU @ 3.00GHz
### PHYSICAL_CHIPS = 2
### CORE_PER_CHIP  = 12
### SMT_LEVEL      = 1


-----------start-----------
## pmem:p2cache:DATA:W:AS_4K:SS_4K:TS_1G:PTS_0:SYNC:NAME_4KB:12:bufferedio
[bench_name]:[4KB]
# ncpu secs works works/sec
12 1.751950 3145728.000000 1795558.434042
[ncpu]:[12],[ops]:[1795558.434042],
[media]:[pmem],[fs]:[p2cache]
---------------------------
-----------start-----------
## pmem:p2cache:DATA:W:AS_4K:SS_4K:TS_1G:PTS_0:SYNC:NAME_4KB:10:bufferedio
[bench_name]:[4KB]
# ncpu secs works works/sec
10 0.397525 2621440.000000 6594399.550016
[ncpu]:[10],[ops]:[6594399.550016],
[media]:[pmem],[fs]:[p2cache]
---------------------------
-----------start-----------
## pmem:p2cache:DATA:W:AS_4K:SS_4K:TS_1G:PTS_0:SYNC:NAME_4KB:8:bufferedio
[bench_name]:[4KB]
# ncpu secs works works/sec
8 0.329529 2097152.000000 6364086.937687
[ncpu]:[8],[ops]:[6364086.937687],
[media]:[pmem],[fs]:[p2cache]
---------------------------
-----------start-----------
## pmem:p2cache:DATA:W:AS_4K:SS_4K:TS_1G:PTS_0:SYNC:NAME_4KB:6:bufferedio
[bench_name]:[4KB]
# ncpu secs works works/sec
6 0.306799 1572864.000000 5126686.498667
[ncpu]:[6],[ops]:[5126686.498667],
[media]:[pmem],[fs]:[p2cache]
---------------------------
-----------start-----------
## pmem:p2cache:DATA:W:AS_4K:SS_4K:TS_1G:PTS_0:SYNC:NAME_4KB:4:bufferedio
[bench_name]:[4KB]
# ncpu secs works works/sec
4 0.292327 1048576.000000 3586996.753635
[ncpu]:[4],[ops]:[3586996.753635],
[media]:[pmem],[fs]:[p2cache]
---------------------------
-----------start-----------
## pmem:p2cache:DATA:W:AS_4K:SS_4K:TS_1G:PTS_0:SYNC:NAME_4KB:2:bufferedio
[bench_name]:[4KB]
# ncpu secs works works/sec
2 0.399414 524288.000000 1312643.022027
[ncpu]:[2],[ops]:[1312643.022027],
[media]:[pmem],[fs]:[p2cache]
---------------------------
-----------start-----------
## pmem:p2cache:DATA:W:AS_4K:SS_4K:TS_1G:PTS_0:SYNC:NAME_4KB:1:bufferedio
[bench_name]:[4KB]
# ncpu secs works works/sec
1 0.365084 262144.000000 718037.492741
[ncpu]:[1],[ops]:[718037.492741],
[media]:[pmem],[fs]:[p2cache]
---------------------------
### NUM_TEST_CONF  = 7
